2023-11-28 20:35:03.176 [info] Extension host with pid 10405 started
2023-11-28 20:35:03.215 [info] Lock '/home/ubuntu/.vscode-remote/data/User/workspaceStorage/3f0f56b6/vscode.lock': Lock acquired.
2023-11-28 20:35:04.097 [info] ExtensionService#_doActivateExtension GitHub.codespaces, startup: false, activationEvent: 'onCommand:github.codespaces.activate'
2023-11-28 20:35:04.097 [info] ExtensionService#_doActivateExtension vscode.git-base, startup: false, activationEvent: '*', root cause: vscode.git
2023-11-28 20:35:04.098 [info] ExtensionService#_doActivateExtension vsls-contrib.gitdoc, startup: false, activationEvent: '*'
2023-11-28 20:35:04.098 [info] ExtensionService#_doActivateExtension vscode.tunnel-forwarding, startup: false, activationEvent: 'onTunnel'
2023-11-28 20:35:04.098 [info] ExtensionService#_doActivateExtension vscode.github-authentication, startup: false, activationEvent: 'onAuthenticationRequest:github'
2023-11-28 20:35:04.325 [warning] Using default string since no string found in i18n bundle that has the key: Keep Defaults
2023-11-28 20:35:04.325 [warning] Using default string since no string found in i18n bundle that has the key: Configure Options
2023-11-28 20:35:04.325 [warning] Using default string since no string found in i18n bundle that has the key: Finish
2023-11-28 20:35:04.327 [warning] Using default string since no string found in i18n bundle that has the key: Learn More
2023-11-28 20:35:04.327 [warning] Using default string since no string found in i18n bundle that has the key: Documentation on predefined container definitions
2023-11-28 20:35:05.620 [info] ExtensionService#_doActivateExtension vscode.git, startup: false, activationEvent: '*'
2023-11-28 20:35:05.621 [info] ExtensionService#_doActivateExtension vscode.github, startup: false, activationEvent: '*'
2023-11-28 20:35:08.317 [info] Eager extensions activated
2023-11-28 20:35:08.317 [info] ExtensionService#_doActivateExtension vscode.debug-auto-launch, startup: false, activationEvent: 'onStartupFinished'
2023-11-28 20:35:08.318 [info] ExtensionService#_doActivateExtension vscode.merge-conflict, startup: false, activationEvent: 'onStartupFinished'
2023-11-28 20:35:08.318 [info] ExtensionService#_doActivateExtension CS50.cs50, startup: false, activationEvent: 'onStartupFinished'
2023-11-28 20:35:08.319 [info] ExtensionService#_doActivateExtension CS50.ddb50, startup: false, activationEvent: 'onStartupFinished'
2023-11-28 20:35:08.319 [info] ExtensionService#_doActivateExtension CS50.explain50, startup: false, activationEvent: 'onStartupFinished'
2023-11-28 20:35:08.319 [info] ExtensionService#_doActivateExtension CS50.extension-uninstaller, startup: false, activationEvent: 'onStartupFinished'
2023-11-28 20:35:08.319 [info] ExtensionService#_doActivateExtension CS50.phpliteadmin, startup: false, activationEvent: 'onStartupFinished'
2023-11-28 20:35:08.320 [info] ExtensionService#_doActivateExtension CS50.style50, startup: false, activationEvent: 'onStartupFinished'
2023-11-28 20:35:08.320 [info] ExtensionService#_doActivateExtension GitHub.vscode-pull-request-github, startup: false, activationEvent: 'onStartupFinished'
2023-11-28 20:35:08.320 [info] ExtensionService#_doActivateExtension inferrinizzard.prettier-sql-vscode, startup: false, activationEvent: 'onStartupFinished'
2023-11-28 20:35:10.162 [info] ExtensionService#_doActivateExtension vscode.json-language-features, startup: false, activationEvent: 'onLanguage:jsonc'
2023-11-28 20:35:10.162 [info] ExtensionService#_doActivateExtension vscode.typescript-language-features, startup: false, activationEvent: 'onLanguage:jsonc'
2023-11-28 20:35:10.163 [info] ExtensionService#_doActivateExtension vscode.emmet, startup: false, activationEvent: 'onLanguage'
2023-11-28 20:35:11.465 [error] No bundle location found for extension vscode.typescript-language-features
2023-11-28 20:35:11.556 [warning] Using default string since no string found in i18n bundle that has the key: Learn more about managing TypeScript versions
2023-11-28 20:35:11.754 [error] No bundle location found for extension vscode.emmet
2023-11-28 20:35:18.804 [info] ExtensionService#_doActivateExtension ms-vsliveshare.vsliveshare, startup: false, activationEvent: 'api', root cause: GitHub.vscode-pull-request-github
2023-11-28 20:36:18.385 [error] Error: read ECONNRESET
    at TLSWrap.onStreamRead (node:internal/stream_base_commons:217:20)
