[Client I] GitHub Codespaces version 1.16.2
[Client I] isRunningInWeb: "true"
[Client V] Initializing authentication
[API I] Successfully signed in
[Client:extension:dd5d I] initializing
[Client:extension:dd5d I] creating LiveShare ConnectionHub
[Client:extension:dd5d:resolver I] created with protocol "codespaces"
[RemoteExplorer I] Updating codespace performance info
[Client I] Connecting to current codespace: potential-capybara-r4p5jjr7wp93wpg5
[Command:Connect I] Decorator starting: ErrorNotification
[Command:Connect I] Decorator starting: Telemetry
[Client I] Jupyter API registered? false
[API:retries-left-2 I] making GET request for "https://api.github.com/user/codespaces/potential-capybara-r4p5jjr7wp93wpg5"
[RemoteExplorer I] Updating codespace performance info
[Client:extension:dd5d:resolver:resolve:1 I] resolve retry #3
[Command:Connect I] Command [Connect to Codespace]: Connect to Codespace Success (1251ms)
[Command:Connect I] Decorator finishing: Telemetry. Duration: 2ms (0 + 2)
[Client:extension:dd5d:resolver:resolve:1 I] resolving "codespaces+potential-capybara-r4p5jjr7wp93wpg5"
[Client:extension:dd5d:resolver:resolve:1 I] codespace: "potential-capybara-r4p5jjr7wp93wpg5", fetching details
[Command:Connect I] Decorator finishing: ErrorNotification. Duration: 2ms (1 + 1)
[Client:extension:dd5d:resolver:resolve:1:fetch-codespace-info I] fetching codespace details for "potential-capybara-r4p5jjr7wp93wpg5"
[Client:extension:dd5d:resolver:resolve:1:fetch-codespace-info I] signed in, getting the details
[Client:extension:dd5d:resolver:resolve:1:fetch-codespace-info I] fetching codespace "potential-capybara-r4p5jjr7wp93wpg5" (retries left: 2)
[API:retries-left-2 I] making GET request for "https://api.github.com/user/codespaces/potential-capybara-r4p5jjr7wp93wpg5"
[RemoteExplorer I] Updating codespace performance info
[Client:extension:dd5d:resolver I] successfully fetched codespace details> object #0: {
  "id": 10224913,
  "name": "<35:<redacted>>",
  "environment_id": "5ce28c13-9e4f-4820-9b7c-7e6873308859",
  "owner": "<undefined:<redacted>>",
  "billable_owner": {
    "login": "code50",
    "id": 89367332,
    "node_id": "MDEyOk9yZ2FuaXphdGlvbjg5MzY3MzMy",
    "avatar_url": "https://avatars.githubusercontent.com/u/89367332?v=4",
    "gravatar_id": "",
    "url": "https://api.github.com/users/code50",
    "html_url": "https://github.com/code50",
    "followers_url": "https://api.github.com/users/code50/followers",
    "following_url": "https://api.github.com/users/code50/following{/other_user}",
    "gists_url": "https://api.github.com/users/code50/gists{/gist_id}",
    "starred_url": "https://api.github.com/users/code50/starred{/owner}{/repo}",
    "subscriptions_url": "https://api.github.com/users/code50/subscriptions",
    "organizations_url": "https://api.github.com/users/code50/orgs",
    "repos_url": "https://api.github.com/users/code50/repos",
    "events_url": "https://api.github.com/users/code50/events{/privacy}",
    "received_events_url": "https://api.github.com/users/code50/received_events",
    "type": "Organization",
    "site_admin": false
  },
  "repository": {
    "id": 692278933,
    "node_id": "R_kgDOKUNWlQ",
    "name": "<9:<redacted>>",
    "full_name": "code50/144946272",
    "private": true,
    "owner": "<undefined:<redacted>>",
    "html_url": "https://github.com/code50/144946272",
    "description": null,
    "fork": false,
    "url": "https://api.github.com/repos/code50/144946272",
    "forks_url": "https://api.github.com/repos/code50/144946272/forks",
    "keys_url": "https://api.github.com/repos/code50/144946272/keys{/key_id}",
    "collaborators_url": "https://api.github.com/repos/code50/144946272/collaborators{/collaborator}",
    "teams_url": "https://api.github.com/repos/code50/144946272/teams",
    "hooks_url": "https://api.github.com/repos/code50/144946272/hooks",
    "issue_events_url": "https://api.github.com/repos/code50/144946272/issues/events{/number}",
    "events_url": "https://api.github.com/repos/code50/144946272/events",
    "assignees_url": "https://api.github.com/repos/code50/144946272/assignees{/user}",
    "branches_url": "https://api.github.com/repos/code50/144946272/branches{/branch}",
    "tags_url": "https://api.github.com/repos/code50/144946272/tags",
    "blobs_url": "https://api.github.com/repos/code50/144946272/git/blobs{/sha}",
    "git_tags_url": "https://api.github.com/repos/code50/144946272/git/tags{/sha}",
    "git_refs_url": "https://api.github.com/repos/code50/144946272/git/refs{/sha}",
    "trees_url": "https://api.github.com/repos/code50/144946272/git/trees{/sha}",
    "statuses_url": "https://api.github.com/repos/code50/144946272/statuses/{sha}",
    "languages_url": "https://api.github.com/repos/code50/144946272/languages",
    "stargazers_url": "https://api.github.com/repos/code50/144946272/stargazers",
    "contributors_url": "https://api.github.com/repos/code50/144946272/contributors",
    "subscribers_url": "https://api.github.com/repos/code50/144946272/subscribers",
    "subscription_url": "https://api.github.com/repos/code50/144946272/subscription",
    "commits_url": "https://api.github.com/repos/code50/144946272/commits{/sha}",
    "git_commits_url": "https://api.github.com/repos/code50/144946272/git/commits{/sha}",
    "comments_url": "https://api.github.com/repos/code50/144946272/comments{/number}",
    "issue_comment_url": "https://api.github.com/repos/code50/144946272/issues/comments{/number}",
    "contents_url": "https://api.github.com/repos/code50/144946272/contents/{+path}",
    "compare_url": "https://api.github.com/repos/code50/144946272/compare/{base}...{head}",
    "merges_url": "https://api.github.com/repos/code50/144946272/merges",
    "archive_url": "https://api.github.com/repos/code50/144946272/{archive_format}{/ref}",
    "downloads_url": "https://api.github.com/repos/code50/144946272/downloads",
    "issues_url": "https://api.github.com/repos/code50/144946272/issues{/number}",
    "pulls_url": "https://api.github.com/repos/code50/144946272/pulls{/number}",
    "milestones_url": "https://api.github.com/repos/code50/144946272/milestones{/number}",
    "notifications_url": "https://api.github.com/repos/code50/144946272/notifications{?since,all,participating}",
    "labels_url": "https://api.github.com/repos/code50/144946272/labels{/name}",
    "releases_url": "https://api.github.com/repos/code50/144946272/releases{/id}",
    "deployments_url": "https://api.github.com/repos/code50/144946272/deployments"
  },
  "machine": {
    "name": "<14:<redacted>>",
    "display_name": "2 cores, 8 GB RAM, 32 GB storage",
    "operating_system": "linux",
    "storage_in_bytes": 34359738368,
    "memory_in_bytes": 8589934592,
    "cpus": 2,
    "prebuild_availability": null
  },
  "prebuild": null,
  "created_at": "2023-09-16T09:05:52+07:00",
  "updated_at": "2023-11-28T20:35:13+07:00",
  "last_used_at": "2023-11-28T20:12:02+07:00",
  "state": "Available",
  "url": "https://api.github.com/user/codespaces/potential-capybara-r4p5jjr7wp93wpg5",
  "git_status": {
    "ahead": 0,
    "behind": 0,
    "has_unpushed_changes": false,
    "has_uncommitted_changes": false,
    "ref": "main"
  },
  "location": "CentralIndia",
  "idle_timeout_minutes": 30,
  "web_url": "https://potential-capybara-r4p5jjr7wp93wpg5.github.dev",
  "machines_url": "https://api.github.com/user/codespaces/potential-capybara-r4p5jjr7wp93wpg5/machines",
  "start_url": "https://api.github.com/user/codespaces/potential-capybara-r4p5jjr7wp93wpg5/start",
  "stop_url": "https://api.github.com/user/codespaces/potential-capybara-r4p5jjr7wp93wpg5/stop",
  "pulls_url": null,
  "recent_folders": [
    "/workspaces/144946272",
    "/workspaces/.codespaces",
    "/home/ubuntu"
  ],
  "runtime_constraints": {
    "allowed_port_privacy_settings": [
      "private",
      "org",
      "public"
    ]
  },
  "connection": {
    "sessionId": "F784CBA5539C09609C137073522F3792FDAC",
    "sessionPath": "/workspaces/144946272",
    "serviceUri": "https://prod.liveshare.vsengsaas.visualstudio.com/api/v1.2/",
    "relayEndpoint": "sb://vsls-prod-ins-asse-private-relay.servicebus.windows.net/e9309f0676bf905999d5423c312e8fcee25c--833294da-b09e-488d-84f1-ef75e6071616",
    "relaySas": "<257:<redacted>>",
    "sessionToken": "<1138:<redacted>>",
    "hostPublicKeys": [
      "AAAAB3NzaC1yc2EAAAADAQABAAABAQDFvq8hIOcvoJ5vYWKahImaXMFgyN6dVQU9XcLlPjaD0UDxnEWSvEz8GHfGRLDH6jPAoDFFD2rMsuWWZ8a86kbbbppenXk31DTOeKkQC0tFqijKjhHU1g1OTOW5uZhTPp/bRMSqwxMs5G7/0SmsgSPckNsjzJGjnHZ4BWL27DhmkCuiK4BJuOOXk7reMytCDc8SUrEtTZZMAGeNqEKMajSdTi5BqdnE9kiuodlbBPQ1V6ETURW9joN9MqP1qoeUBMSoiUY1TsKCFuYI6nxXUKGnaGSsZz3Ghx4Jqkq/T+H49QFKKdauQd4qyFYmZIaWr3cYqiwJfHGeUyK3uLheh1Db"
    ],
    "tunnelProperties": {
      "tunnelId": "puzzled-horse-scvxxc9",
      "clusterId": "inc1",
      "domain": "app.github.dev",
      "connectAccessToken": "<392:<redacted>>",
      "managePortsAccessToken": "<398:<redacted>>",
      "serviceUri": "https://global.rel.tunnels.api.visualstudio.com/"
    }
  },
  "container_id": "c835fcec5d2639cf8a226720aca5d156d3800f4c9fffb227895e1abf57eeebe2",
  "display_name": "potential capybara",
  "devcontainer_path": ".devcontainer.json",
  "pending_operation": false,
  "feature_flags": {
    "developer": false,
    "enableRemoteKernel": true,
    "useBasisPortForwarding": false,
    "removeExtraPfTunneling": true,
    "detailedActivityMonitor": false,
    "vscodeAccountSwitching": false,
    "useBasisForMainConnectionsWebClient": false,
    "enableSmbDiagnosticContinuousMonitoring": false,
    "enableSmbDiagnosticOnAnomalyMonitoring": false,
    "disableBasisPortSyncWorker": true,
    "useEarlyWorkbenchWebClient": false,
    "useCoiWebClient": false,
    "remapUserNamespace": false,
    "removeConnectRetriesWebClient": true,
    "Basis": true,
    "Skuheapscaling": true,
    "CacheIde": true,
    "Developer": false,
    "Eap": false
  },
  "retention_period_minutes": 43200,
  "retention_expires_at": null,
  "template": null,
  "publish_url": null
}
[RemoteExplorer I] Updating codespace performance info
[Client:extension:dd5d:resolver:resolve:1:check-codespace-state I] codespace potential-capybara-r4p5jjr7wp93wpg5 (id: 5ce28c13-9e4f-4820-9b7c-7e6873308859) is in the "Default" state
[Client:extension:dd5d:resolver:resolve:1:check-codespace-state I] noop
[Client:extension:dd5d:resolver I] Initializing RPC client
[Client:extension:dd5d:resolver I] Running in web, using unix socket for communication
[Client:extension:dd5d:resolver I] Initializing Node-based codespace host service client
[Client:extension:dd5d:resolver I] Initializing Node-based Jupyter server host service client
[Client:extension:dd5d:resolver I] Initializing Node-based VS Code server host service client
[Client:extension:dd5d:resolver:resolve:1:check-codespace-state I] vscode connection options: > object #0: {
  "token": "<1138:<redacted>>",
  "environmentId": "5ce28c13-9e4f-4820-9b7c-7e6873308859",
  "workspaceId": "F784CBA5539C09609C137073522F3792FDAC",
  "vsCodeCommit": "1a5daa3a0231a0fbba4f14db7ec463cf99d7768e",
  "vsCodeQuality": "stable",
  "extensions": [
    "GitHub.codespaces",
    "GitHub.vscode-pull-request-github"
  ],
  "telemetry": true,
  "liveShareEndpoint": "https://prod.liveshare.vsengsaas.visualstudio.com/api/v1.2/",
  "connectionInfo": {
    "id": "F784CBA5539C09609C137073522F3792FDAC",
    "relaySas": "<257:<redacted>>",
    "relayLink": "sb://vsls-prod-ins-asse-private-relay.servicebus.windows.net/e9309f0676bf905999d5423c312e8fcee25c--833294da-b09e-488d-84f1-ef75e6071616",
    "sessionToken": "<1138:<redacted>>",
    "hostPublicKeys": [
      "AAAAB3NzaC1yc2EAAAADAQABAAABAQDFvq8hIOcvoJ5vYWKahImaXMFgyN6dVQU9XcLlPjaD0UDxnEWSvEz8GHfGRLDH6jPAoDFFD2rMsuWWZ8a86kbbbppenXk31DTOeKkQC0tFqijKjhHU1g1OTOW5uZhTPp/bRMSqwxMs5G7/0SmsgSPckNsjzJGjnHZ4BWL27DhmkCuiK4BJuOOXk7reMytCDc8SUrEtTZZMAGeNqEKMajSdTi5BqdnE9kiuodlbBPQ1V6ETURW9joN9MqP1qoeUBMSoiUY1TsKCFuYI6nxXUKGnaGSsZz3Ghx4Jqkq/T+H49QFKKdauQd4qyFYmZIaWr3cYqiwJfHGeUyK3uLheh1Db"
    ],
    "tunnelProperties": {
      "tunnelId": "puzzled-horse-scvxxc9",
      "clusterId": "inc1",
      "domain": "app.github.dev",
      "connectAccessToken": "<392:<redacted>>",
      "managePortsAccessToken": "<398:<redacted>>",
      "serviceUri": "https://global.rel.tunnels.api.visualstudio.com/"
    }
  }
}
[RemoteExplorer I] Updating codespace details
[Client:extension:dd5d:resolver:resolve:1 I] requested to connect> object #0: {
  "token": "<1138:<redacted>>",
  "environmentId": "5ce28c13-9e4f-4820-9b7c-7e6873308859",
  "workspaceId": "F784CBA5539C09609C137073522F3792FDAC",
  "vsCodeCommit": "1a5daa3a0231a0fbba4f14db7ec463cf99d7768e",
  "vsCodeQuality": "stable",
  "extensions": [
    "GitHub.codespaces",
    "GitHub.vscode-pull-request-github"
  ],
  "telemetry": true,
  "liveShareEndpoint": "https://prod.liveshare.vsengsaas.visualstudio.com/api/v1.2/",
  "connectionInfo": {
    "id": "F784CBA5539C09609C137073522F3792FDAC",
    "relaySas": "<257:<redacted>>",
    "relayLink": "sb://vsls-prod-ins-asse-private-relay.servicebus.windows.net/e9309f0676bf905999d5423c312e8fcee25c--833294da-b09e-488d-84f1-ef75e6071616",
    "sessionToken": "<1138:<redacted>>",
    "hostPublicKeys": [
      "AAAAB3NzaC1yc2EAAAADAQABAAABAQDFvq8hIOcvoJ5vYWKahImaXMFgyN6dVQU9XcLlPjaD0UDxnEWSvEz8GHfGRLDH6jPAoDFFD2rMsuWWZ8a86kbbbppenXk31DTOeKkQC0tFqijKjhHU1g1OTOW5uZhTPp/bRMSqwxMs5G7/0SmsgSPckNsjzJGjnHZ4BWL27DhmkCuiK4BJuOOXk7reMytCDc8SUrEtTZZMAGeNqEKMajSdTi5BqdnE9kiuodlbBPQ1V6ETURW9joN9MqP1qoeUBMSoiUY1TsKCFuYI6nxXUKGnaGSsZz3Ghx4Jqkq/T+H49QFKKdauQd4qyFYmZIaWr3cYqiwJfHGeUyK3uLheh1Db"
    ],
    "tunnelProperties": {
      "tunnelId": "puzzled-horse-scvxxc9",
      "clusterId": "inc1",
      "domain": "app.github.dev",
      "connectAccessToken": "<392:<redacted>>",
      "managePortsAccessToken": "<398:<redacted>>",
      "serviceUri": "https://global.rel.tunnels.api.visualstudio.com/"
    }
  },
  "clientId": "aeb46af246463fe9"
}
> object #1: [object Object]
[Client:extension:dd5d:resolver:resolve:1:F784CBA5539C09609C137073522F3792FDAC_5ce28c13-9e4f-4820-9b7c-7e6873308859_stable_1a5daa3a0231a0fbba4f14db7ec463cf99d7768e I] connection record: false
[Client:extension:dd5d:resolver:resolve:1:F784CBA5539C09609C137073522F3792FDAC_5ce28c13-9e4f-4820-9b7c-7e6873308859_stable_1a5daa3a0231a0fbba4f14db7ec463cf99d7768e I] creating new connection
[Client:extension:dd5d:vscode V] creating connection without a timeout
[Client:extension:dd5d:vscode I] creating connection> object #0: [object Object]
[Client:extension:dd5d:resolver:resolve:1:connection:F784CBA5539C09609C137073522F3792FDAC_5ce28c13-9e4f-4820-9b7c-7e6873308859_stable_1a5daa3a0231a0fbba4f14db7ec463cf99d7768e:vscode V] subscribing to onDispose event
[Client:extension:dd5d:resolver:resolve:1:connection:F784CBA5539C09609C137073522F3792FDAC_5ce28c13-9e4f-4820-9b7c-7e6873308859_stable_1a5daa3a0231a0fbba4f14db7ec463cf99d7768e:vscode I] asked to connect
[Client:extension:dd5d:resolver:resolve:1:connection:F784CBA5539C09609C137073522F3792FDAC_5ce28c13-9e4f-4820-9b7c-7e6873308859_stable_1a5daa3a0231a0fbba4f14db7ec463cf99d7768e:vscode I] creating new connection
[Client:extension:dd5d:resolver:resolve:1:connection:F784CBA5539C09609C137073522F3792FDAC_5ce28c13-9e4f-4820-9b7c-7e6873308859_stable_1a5daa3a0231a0fbba4f14db7ec463cf99d7768e:vscode I] creating connection
[Client:extension:dd5d:resolver:resolve:1:connection:F784CBA5539C09609C137073522F3792FDAC_5ce28c13-9e4f-4820-9b7c-7e6873308859_stable_1a5daa3a0231a0fbba4f14db7ec463cf99d7768e:vscode I] connection status changed: none -> connecting, error:> object #0: undefined
[Client:extension:dd5d:resolver:resolve:1:connection:F784CBA5539C09609C137073522F3792FDAC_5ce28c13-9e4f-4820-9b7c-7e6873308859_stable_1a5daa3a0231a0fbba4f14db7ec463cf99d7768e:vscode I] firing change event: > object #0: {
  "status": "connecting",
  "previousStatus": "none"
}
[Client:extension:dd5d:vscode:onConnectionChanged:F784CBA5539C09609C137073522F3792FDAC_5ce28c13-9e4f-4820-9b7c-7e6873308859_stable_1a5daa3a0231a0fbba4f14db7ec463cf99d7768e I] none -> connecting
[Client:extension:dd5d:resolver:resolve:1:connection:F784CBA5539C09609C137073522F3792FDAC_5ce28c13-9e4f-4820-9b7c-7e6873308859_stable_1a5daa3a0231a0fbba4f14db7ec463cf99d7768e:vscode I] get LS connection
[Client:extension:dd5d:liveshare-joint I] requested to connect once> object #0: {
  "token": "<1138:<redacted>>",
  "environmentId": "5ce28c13-9e4f-4820-9b7c-7e6873308859",
  "workspaceId": "F784CBA5539C09609C137073522F3792FDAC",
  "vsCodeCommit": "1a5daa3a0231a0fbba4f14db7ec463cf99d7768e",
  "vsCodeQuality": "stable",
  "extensions": [
    "GitHub.codespaces",
    "GitHub.vscode-pull-request-github"
  ],
  "telemetry": true,
  "liveShareEndpoint": "https://prod.liveshare.vsengsaas.visualstudio.com/api/v1.2/",
  "connectionInfo": {
    "id": "F784CBA5539C09609C137073522F3792FDAC",
    "relaySas": "<257:<redacted>>",
    "relayLink": "sb://vsls-prod-ins-asse-private-relay.servicebus.windows.net/e9309f0676bf905999d5423c312e8fcee25c--833294da-b09e-488d-84f1-ef75e6071616",
    "sessionToken": "<1138:<redacted>>",
    "hostPublicKeys": [
      "AAAAB3NzaC1yc2EAAAADAQABAAABAQDFvq8hIOcvoJ5vYWKahImaXMFgyN6dVQU9XcLlPjaD0UDxnEWSvEz8GHfGRLDH6jPAoDFFD2rMsuWWZ8a86kbbbppenXk31DTOeKkQC0tFqijKjhHU1g1OTOW5uZhTPp/bRMSqwxMs5G7/0SmsgSPckNsjzJGjnHZ4BWL27DhmkCuiK4BJuOOXk7reMytCDc8SUrEtTZZMAGeNqEKMajSdTi5BqdnE9kiuodlbBPQ1V6ETURW9joN9MqP1qoeUBMSoiUY1TsKCFuYI6nxXUKGnaGSsZz3Ghx4Jqkq/T+H49QFKKdauQd4qyFYmZIaWr3cYqiwJfHGeUyK3uLheh1Db"
    ],
    "tunnelProperties": {
      "tunnelId": "puzzled-horse-scvxxc9",
      "clusterId": "inc1",
      "domain": "app.github.dev",
      "connectAccessToken": "<392:<redacted>>",
      "managePortsAccessToken": "<398:<redacted>>",
      "serviceUri": "https://global.rel.tunnels.api.visualstudio.com/"
    }
  },
  "clientId": "aeb46af246463fe9"
}
> object #1: [object Object]
[Client:extension:dd5d:liveshare-joint I] requested to connect> object #0: {
  "token": "<1138:<redacted>>",
  "environmentId": "5ce28c13-9e4f-4820-9b7c-7e6873308859",
  "workspaceId": "F784CBA5539C09609C137073522F3792FDAC",
  "vsCodeCommit": "1a5daa3a0231a0fbba4f14db7ec463cf99d7768e",
  "vsCodeQuality": "stable",
  "extensions": [
    "GitHub.codespaces",
    "GitHub.vscode-pull-request-github"
  ],
  "telemetry": true,
  "liveShareEndpoint": "https://prod.liveshare.vsengsaas.visualstudio.com/api/v1.2/",
  "connectionInfo": {
    "id": "F784CBA5539C09609C137073522F3792FDAC",
    "relaySas": "<257:<redacted>>",
    "relayLink": "sb://vsls-prod-ins-asse-private-relay.servicebus.windows.net/e9309f0676bf905999d5423c312e8fcee25c--833294da-b09e-488d-84f1-ef75e6071616",
    "sessionToken": "<1138:<redacted>>",
    "hostPublicKeys": [
      "AAAAB3NzaC1yc2EAAAADAQABAAABAQDFvq8hIOcvoJ5vYWKahImaXMFgyN6dVQU9XcLlPjaD0UDxnEWSvEz8GHfGRLDH6jPAoDFFD2rMsuWWZ8a86kbbbppenXk31DTOeKkQC0tFqijKjhHU1g1OTOW5uZhTPp/bRMSqwxMs5G7/0SmsgSPckNsjzJGjnHZ4BWL27DhmkCuiK4BJuOOXk7reMytCDc8SUrEtTZZMAGeNqEKMajSdTi5BqdnE9kiuodlbBPQ1V6ETURW9joN9MqP1qoeUBMSoiUY1TsKCFuYI6nxXUKGnaGSsZz3Ghx4Jqkq/T+H49QFKKdauQd4qyFYmZIaWr3cYqiwJfHGeUyK3uLheh1Db"
    ],
    "tunnelProperties": {
      "tunnelId": "puzzled-horse-scvxxc9",
      "clusterId": "inc1",
      "domain": "app.github.dev",
      "connectAccessToken": "<392:<redacted>>",
      "managePortsAccessToken": "<398:<redacted>>",
      "serviceUri": "https://global.rel.tunnels.api.visualstudio.com/"
    }
  },
  "clientId": "aeb46af246463fe9"
}
> object #1: [object Object]
[Client:extension:dd5d:liveshare-joint:F784CBA5539C09609C137073522F3792FDAC I] connection record: false
[Client:extension:dd5d:liveshare-joint:F784CBA5539C09609C137073522F3792FDAC I] creating new connection
[Client:extension:dd5d:liveshare-joint V] creating connection without a timeout
[Client:extension:dd5d:liveshare-joint I] creating connection> object #0: [object Object]
[Client:extension:dd5d:liveshare-joint:connection:F784CBA5539C09609C137073522F3792FDAC:liveshare-joint:liveshare V] subscribing to onDispose event
[Client:extension:dd5d:liveshare-joint:connection:F784CBA5539C09609C137073522F3792FDAC:liveshare-joint:liveshare I] asked to connect
[Client:extension:dd5d:liveshare-joint:connection:F784CBA5539C09609C137073522F3792FDAC:liveshare-joint:liveshare I] creating new connection
[Client:extension:dd5d:liveshare-joint:connection:F784CBA5539C09609C137073522F3792FDAC:liveshare-joint:liveshare I] creating connection
[Client:extension:dd5d:liveshare-joint:connection:F784CBA5539C09609C137073522F3792FDAC:liveshare-joint:liveshare I] connection status changed: none -> connecting, error:> object #0: undefined
[Client:extension:dd5d:liveshare-joint:connection:F784CBA5539C09609C137073522F3792FDAC:liveshare-joint:liveshare I] firing change event: > object #0: {
  "status": "connecting",
  "previousStatus": "none"
}
[Client:extension:dd5d:liveshare-joint:onConnectionChanged:F784CBA5539C09609C137073522F3792FDAC I] none -> connecting
[Client:extension:dd5d:liveshare I] requested to connect once> object #0: {
  "token": "<1138:<redacted>>",
  "environmentId": "5ce28c13-9e4f-4820-9b7c-7e6873308859",
  "workspaceId": "F784CBA5539C09609C137073522F3792FDAC",
  "vsCodeCommit": "1a5daa3a0231a0fbba4f14db7ec463cf99d7768e",
  "vsCodeQuality": "stable",
  "extensions": [
    "GitHub.codespaces",
    "GitHub.vscode-pull-request-github"
  ],
  "telemetry": true,
  "liveShareEndpoint": "https://prod.liveshare.vsengsaas.visualstudio.com/api/v1.2/",
  "connectionInfo": {
    "id": "F784CBA5539C09609C137073522F3792FDAC",
    "relaySas": "<257:<redacted>>",
    "relayLink": "sb://vsls-prod-ins-asse-private-relay.servicebus.windows.net/e9309f0676bf905999d5423c312e8fcee25c--833294da-b09e-488d-84f1-ef75e6071616",
    "sessionToken": "<1138:<redacted>>",
    "hostPublicKeys": [
      "AAAAB3NzaC1yc2EAAAADAQABAAABAQDFvq8hIOcvoJ5vYWKahImaXMFgyN6dVQU9XcLlPjaD0UDxnEWSvEz8GHfGRLDH6jPAoDFFD2rMsuWWZ8a86kbbbppenXk31DTOeKkQC0tFqijKjhHU1g1OTOW5uZhTPp/bRMSqwxMs5G7/0SmsgSPckNsjzJGjnHZ4BWL27DhmkCuiK4BJuOOXk7reMytCDc8SUrEtTZZMAGeNqEKMajSdTi5BqdnE9kiuodlbBPQ1V6ETURW9joN9MqP1qoeUBMSoiUY1TsKCFuYI6nxXUKGnaGSsZz3Ghx4Jqkq/T+H49QFKKdauQd4qyFYmZIaWr3cYqiwJfHGeUyK3uLheh1Db"
    ],
    "tunnelProperties": {
      "tunnelId": "puzzled-horse-scvxxc9",
      "clusterId": "inc1",
      "domain": "app.github.dev",
      "connectAccessToken": "<392:<redacted>>",
      "managePortsAccessToken": "<398:<redacted>>",
      "serviceUri": "https://global.rel.tunnels.api.visualstudio.com/"
    }
  },
  "clientId": "aeb46af246463fe9"
}
> object #1: [object Object]
[Client:extension:dd5d:liveshare I] requested to connect> object #0: {
  "token": "<1138:<redacted>>",
  "environmentId": "5ce28c13-9e4f-4820-9b7c-7e6873308859",
  "workspaceId": "F784CBA5539C09609C137073522F3792FDAC",
  "vsCodeCommit": "1a5daa3a0231a0fbba4f14db7ec463cf99d7768e",
  "vsCodeQuality": "stable",
  "extensions": [
    "GitHub.codespaces",
    "GitHub.vscode-pull-request-github"
  ],
  "telemetry": true,
  "liveShareEndpoint": "https://prod.liveshare.vsengsaas.visualstudio.com/api/v1.2/",
  "connectionInfo": {
    "id": "F784CBA5539C09609C137073522F3792FDAC",
    "relaySas": "<257:<redacted>>",
    "relayLink": "sb://vsls-prod-ins-asse-private-relay.servicebus.windows.net/e9309f0676bf905999d5423c312e8fcee25c--833294da-b09e-488d-84f1-ef75e6071616",
    "sessionToken": "<1138:<redacted>>",
    "hostPublicKeys": [
      "AAAAB3NzaC1yc2EAAAADAQABAAABAQDFvq8hIOcvoJ5vYWKahImaXMFgyN6dVQU9XcLlPjaD0UDxnEWSvEz8GHfGRLDH6jPAoDFFD2rMsuWWZ8a86kbbbppenXk31DTOeKkQC0tFqijKjhHU1g1OTOW5uZhTPp/bRMSqwxMs5G7/0SmsgSPckNsjzJGjnHZ4BWL27DhmkCuiK4BJuOOXk7reMytCDc8SUrEtTZZMAGeNqEKMajSdTi5BqdnE9kiuodlbBPQ1V6ETURW9joN9MqP1qoeUBMSoiUY1TsKCFuYI6nxXUKGnaGSsZz3Ghx4Jqkq/T+H49QFKKdauQd4qyFYmZIaWr3cYqiwJfHGeUyK3uLheh1Db"
    ],
    "tunnelProperties": {
      "tunnelId": "puzzled-horse-scvxxc9",
      "clusterId": "inc1",
      "domain": "app.github.dev",
      "connectAccessToken": "<392:<redacted>>",
      "managePortsAccessToken": "<398:<redacted>>",
      "serviceUri": "https://global.rel.tunnels.api.visualstudio.com/"
    }
  },
  "clientId": "aeb46af246463fe9"
}
> object #1: [object Object]
[Client:extension:dd5d:liveshare:F784CBA5539C09609C137073522F3792FDAC I] connection record: false
[Client:extension:dd5d:liveshare:F784CBA5539C09609C137073522F3792FDAC I] creating new connection
[Client:extension:dd5d:liveshare V] creating connection without a timeout
[Client:extension:dd5d:liveshare I] creating connection> object #0: [object Object]
[Client:extension:dd5d:liveshare:connection:F784CBA5539C09609C137073522F3792FDAC:liveshare V] subscribing to onDispose event
[Client:extension:dd5d:liveshare:connection:F784CBA5539C09609C137073522F3792FDAC:liveshare I] asked to connect
[Client:extension:dd5d:liveshare:connection:F784CBA5539C09609C137073522F3792FDAC:liveshare I] creating new connection
[Client:extension:dd5d:liveshare:connection:F784CBA5539C09609C137073522F3792FDAC:liveshare I] creating connection
[Client:extension:dd5d:liveshare:connection:F784CBA5539C09609C137073522F3792FDAC:liveshare I] connection status changed: none -> connecting, error:> object #0: undefined
[Client:extension:dd5d:liveshare:connection:F784CBA5539C09609C137073522F3792FDAC:liveshare I] firing change event: > object #0: {
  "status": "connecting",
  "previousStatus": "none"
}
[Client:extension:dd5d:liveshare:onConnectionChanged:F784CBA5539C09609C137073522F3792FDAC I] none -> connecting
[Client:extension:dd5d:liveshare:connection:F784CBA5539C09609C137073522F3792FDAC:liveshare I] creating workspace client> object #0: {
  "token": "<1138:<redacted>>",
  "environmentId": "5ce28c13-9e4f-4820-9b7c-7e6873308859",
  "workspaceId": "F784CBA5539C09609C137073522F3792FDAC",
  "vsCodeCommit": "1a5daa3a0231a0fbba4f14db7ec463cf99d7768e",
  "vsCodeQuality": "stable",
  "extensions": [
    "GitHub.codespaces",
    "GitHub.vscode-pull-request-github"
  ],
  "telemetry": true,
  "liveShareEndpoint": "https://prod.liveshare.vsengsaas.visualstudio.com/api/v1.2/",
  "connectionInfo": {
    "id": "F784CBA5539C09609C137073522F3792FDAC",
    "relaySas": "<257:<redacted>>",
    "relayLink": "sb://vsls-prod-ins-asse-private-relay.servicebus.windows.net/e9309f0676bf905999d5423c312e8fcee25c--833294da-b09e-488d-84f1-ef75e6071616",
    "sessionToken": "<1138:<redacted>>",
    "hostPublicKeys": [
      "AAAAB3NzaC1yc2EAAAADAQABAAABAQDFvq8hIOcvoJ5vYWKahImaXMFgyN6dVQU9XcLlPjaD0UDxnEWSvEz8GHfGRLDH6jPAoDFFD2rMsuWWZ8a86kbbbppenXk31DTOeKkQC0tFqijKjhHU1g1OTOW5uZhTPp/bRMSqwxMs5G7/0SmsgSPckNsjzJGjnHZ4BWL27DhmkCuiK4BJuOOXk7reMytCDc8SUrEtTZZMAGeNqEKMajSdTi5BqdnE9kiuodlbBPQ1V6ETURW9joN9MqP1qoeUBMSoiUY1TsKCFuYI6nxXUKGnaGSsZz3Ghx4Jqkq/T+H49QFKKdauQd4qyFYmZIaWr3cYqiwJfHGeUyK3uLheh1Db"
    ],
    "tunnelProperties": {
      "tunnelId": "puzzled-horse-scvxxc9",
      "clusterId": "inc1",
      "domain": "app.github.dev",
      "connectAccessToken": "<392:<redacted>>",
      "managePortsAccessToken": "<398:<redacted>>",
      "serviceUri": "https://global.rel.tunnels.api.visualstudio.com/"
    }
  },
  "clientId": "aeb46af246463fe9"
}
[Client:extension:dd5d:liveshare:connection:F784CBA5539C09609C137073522F3792FDAC:liveshare:WorkspaceClient V] connecting to relay link:sb://vsls-prod-ins-asse-private-relay.servicebus.windows.net/e9309f0676bf905999d5423c312e8fcee25c--833294da-b09e-488d-84f1-ef75e6071616
[Client:extension:dd5d:liveshare:connection:F784CBA5539C09609C137073522F3792FDAC:liveshare:WorkspaceClient V] creating node SSH...
[Client:extension:dd5d:liveshare:connection:F784CBA5539C09609C137073522F3792FDAC:liveshare:WorkspaceClient V] authenticating...
[Client:extension:dd5d:liveshare:connection:F784CBA5539C09609C137073522F3792FDAC:liveshare:WorkspaceClient I] SshClientSession connecting...
[Client:extension:dd5d:liveshare:connection:F784CBA5539C09609C137073522F3792FDAC:liveshare:WorkspaceClient V] Sending #0 KeyExchangeInitMessage
[Client:extension:dd5d:liveshare:connection:F784CBA5539C09609C137073522F3792FDAC:liveshare:WorkspaceClient I] Local version: SSH-2.0-dev-tunnels-ssh_3.11.26, remote version: SSH-2.0-Microsoft.VisualStudio.Ssh_3.4
[Client:extension:dd5d:liveshare:connection:F784CBA5539C09609C137073522F3792FDAC:liveshare:WorkspaceClient V] Receiving #0 KeyExchangeInitMessage
[Client:extension:dd5d:liveshare:connection:F784CBA5539C09609C137073522F3792FDAC:liveshare:WorkspaceClient I] KeyExchange negotiation: Server (ecdh-sha2-nistp384, ecdh-sha2-nistp256, diffie-hellman-group16-sha512, diffie-hellman-group14-sha256, ext-info-s) Client (ecdh-sha2-nistp384, ecdh-sha2-nistp256, diffie-hellman-group14-sha256) => ecdh-sha2-nistp384
[Client:extension:dd5d:liveshare:connection:F784CBA5539C09609C137073522F3792FDAC:liveshare:WorkspaceClient I] PublicKey negotiation: Server (rsa-sha2-512, rsa-sha2-256) Client (rsa-sha2-512, rsa-sha2-256, ecdsa-sha2-nistp384, ecdsa-sha2-nistp256) => rsa-sha2-512
[Client:extension:dd5d:liveshare:connection:F784CBA5539C09609C137073522F3792FDAC:liveshare:WorkspaceClient I] ClientEncryption negotiation: Server (aes256-gcm@openssh.com, aes256-cbc, aes256-ctr) Client (aes256-gcm@openssh.com, aes256-ctr) => aes256-gcm@openssh.com
[Client:extension:dd5d:liveshare:connection:F784CBA5539C09609C137073522F3792FDAC:liveshare:WorkspaceClient I] ServerEncryption negotiation: Server (aes256-gcm@openssh.com, aes256-cbc, aes256-ctr) Client (aes256-gcm@openssh.com, aes256-ctr) => aes256-gcm@openssh.com
[Client:extension:dd5d:liveshare:connection:F784CBA5539C09609C137073522F3792FDAC:liveshare:WorkspaceClient I] ClientHmac negotiation: Server (hmac-sha2-512-etm@openssh.com, hmac-sha2-256-etm@openssh.com, hmac-sha2-512, hmac-sha2-256) Client (hmac-sha2-512-etm@openssh.com, hmac-sha2-256-etm@openssh.com, hmac-sha2-512, hmac-sha2-256) => hmac-sha2-512-etm@openssh.com
[Client:extension:dd5d:liveshare:connection:F784CBA5539C09609C137073522F3792FDAC:liveshare:WorkspaceClient I] ServerHmac negotiation: Server (hmac-sha2-512-etm@openssh.com, hmac-sha2-256-etm@openssh.com, hmac-sha2-512, hmac-sha2-256) Client (hmac-sha2-512-etm@openssh.com, hmac-sha2-256-etm@openssh.com, hmac-sha2-512, hmac-sha2-256) => hmac-sha2-512-etm@openssh.com
[Client:extension:dd5d:liveshare:connection:F784CBA5539C09609C137073522F3792FDAC:liveshare:WorkspaceClient I] ClientCompression negotiation: Server (none) Client (none) => none
[Client:extension:dd5d:liveshare:connection:F784CBA5539C09609C137073522F3792FDAC:liveshare:WorkspaceClient I] ServerCompression negotiation: Server (none) Client (none) => none
[Client:extension:dd5d:liveshare:connection:F784CBA5539C09609C137073522F3792FDAC:liveshare:WorkspaceClient V] Sending #1 KeyExchangeDhInitMessage
[Client:extension:dd5d:liveshare:connection:F784CBA5539C09609C137073522F3792FDAC:liveshare:WorkspaceClient V] Receiving #1 KeyExchangeDhReplyMessage
[Client:extension:dd5d:liveshare:connection:F784CBA5539C09609C137073522F3792FDAC:liveshare:WorkspaceClient V] Server public key verification succeeded.
[Client:extension:dd5d:liveshare:connection:F784CBA5539C09609C137073522F3792FDAC:liveshare:WorkspaceClient V] Sending #2 NewKeysMessage
[Client:extension:dd5d:liveshare:connection:F784CBA5539C09609C137073522F3792FDAC:liveshare:WorkspaceClient V] Receiving #2 NewKeysMessage
[Client:extension:dd5d:liveshare:connection:F784CBA5539C09609C137073522F3792FDAC:liveshare:WorkspaceClient V] Sending #3 ExtensionInfoMessage (server-sig-algs=rsa-sha2-512,rsa-sha2-256,ecdsa-sha2-nistp384,ecdsa-sha2-nistp256; open-channel-request@microsoft.com; session-reconnect@microsoft.com; session-latency@microsoft.com)
[Client:extension:dd5d:liveshare:connection:F784CBA5539C09609C137073522F3792FDAC:liveshare:WorkspaceClient I] SshClientSession encrypted.
[Client:extension:dd5d:liveshare:connection:F784CBA5539C09609C137073522F3792FDAC:liveshare:WorkspaceClient I] SshClientSession Authenticating([ssh-rsa])
[Client:extension:dd5d:liveshare:connection:F784CBA5539C09609C137073522F3792FDAC:liveshare:WorkspaceClient I] SshClientSession server authenticated.
[Client:extension:dd5d:liveshare:connection:F784CBA5539C09609C137073522F3792FDAC:liveshare:WorkspaceClient V] Sending #4 ServiceRequestMessage
[Client:extension:dd5d:liveshare:connection:F784CBA5539C09609C137073522F3792FDAC:liveshare:WorkspaceClient V] Sending #5 PasswordRequestMessage (Method: password, Username: )
[perf V] name:Creating the ssh workspace session duration:639.4019090000074
[Client:extension:dd5d:liveshare:connection:F784CBA5539C09609C137073522F3792FDAC:liveshare:WorkspaceClient:SshWorkspaceSession V] subscribing to onDispose event
[Client:extension:dd5d:liveshare:connection:F784CBA5539C09609C137073522F3792FDAC:liveshare:WorkspaceClient I] join started
[Client:extension:dd5d:liveshare:connection:F784CBA5539C09609C137073522F3792FDAC:liveshare:WorkspaceClient V] Sending #6 ChannelOpenMessage(channelType=session, senderChannel=1)
[Client:extension:dd5d:liveshare:connection:F784CBA5539C09609C137073522F3792FDAC:liveshare:WorkspaceClient V] Sending #7 SessionChannelRequestMessage (requestType=initial-channel-request@microsoft.com)
[Client:extension:dd5d:liveshare:connection:F784CBA5539C09609C137073522F3792FDAC:liveshare:WorkspaceClient V] Receiving #3 ExtensionInfoMessage (open-channel-request@microsoft.com; server-sig-algs=rsa-sha2-512,rsa-sha2-256,ecdsa-sha2-nistp384,ecdsa-sha2-nistp256; session-latency@microsoft.com; session-reconnect@microsoft.com)
[Client:extension:dd5d:liveshare:connection:F784CBA5539C09609C137073522F3792FDAC:liveshare:WorkspaceClient V] Sending #8 SessionRequestMessage (requestType=enable-session-reconnect@microsoft.com)
[Client:extension:dd5d:liveshare:connection:F784CBA5539C09609C137073522F3792FDAC:liveshare:WorkspaceClient V] Receiving #4 SessionRequestMessage (requestType=enable-session-reconnect@microsoft.com)
[Client:extension:dd5d:liveshare:connection:F784CBA5539C09609C137073522F3792FDAC:liveshare:WorkspaceClient V] Receiving #5 ServiceAcceptMessage
[Client:extension:dd5d:liveshare:connection:F784CBA5539C09609C137073522F3792FDAC:liveshare:WorkspaceClient V] Receiving #6 AuthenticationSuccessMessage
[Client:extension:dd5d:liveshare:connection:F784CBA5539C09609C137073522F3792FDAC:liveshare:WorkspaceClient I] SshClientSession client authenticated.
[perf V] name:Ssh auth completion duration:826.6209700000472
[Client:extension:dd5d:liveshare:connection:F784CBA5539C09609C137073522F3792FDAC:liveshare:WorkspaceClient V] Receiving #7 ChannelOpenConfirmationMessage (recipientChannel=1)(senderChannel=0)
[Client:extension:dd5d:liveshare:connection:F784CBA5539C09609C137073522F3792FDAC:liveshare:WorkspaceClient V] Receiving #8 SessionRequestSuccessMessage
[Client:extension:dd5d:liveshare:connection:F784CBA5539C09609C137073522F3792FDAC:liveshare:WorkspaceClient V] < version.exchangeVersions()
[Client:extension:dd5d:liveshare:connection:F784CBA5539C09609C137073522F3792FDAC:liveshare:WorkspaceClient V] > version.exchangeVersions() succeeded t:119.0
[Client:extension:dd5d:liveshare:connection:F784CBA5539C09609C137073522F3792FDAC:liveshare:WorkspaceClient I] Host version: {"version":"1.0.5571.49914","protocolVersion":"2.2","platformName":"Linux 6.2.0","platformVersion":"6.2.0.1016"}
[Client:extension:dd5d:liveshare:connection:F784CBA5539C09609C137073522F3792FDAC:liveshare:WorkspaceClient V] < workspace.joinWorkspace()
[Client:extension:dd5d:liveshare:connection:F784CBA5539C09609C137073522F3792FDAC:liveshare:WorkspaceClient V] > workspace.joinWorkspace() succeeded t:106.0
[Client:extension:dd5d:liveshare:connection:F784CBA5539C09609C137073522F3792FDAC:liveshare:WorkspaceClient I] joinWorkspace -> session:11 conversation:833294da-b09e-488d-84f1-ef75e6071616 join messages count:2
[perf V] name:Joining the workspace duration:1058.2927689999342
[Client:extension:dd5d:liveshare:connection:F784CBA5539C09609C137073522F3792FDAC:liveshare:WorkspaceClient I] join completed
[Client:extension:dd5d:liveshare:connection:F784CBA5539C09609C137073522F3792FDAC:liveshare:WorkspaceClient:1 I] Start checking connection timeout:5000
[Client:extension:dd5d:liveshare:connection:F784CBA5539C09609C137073522F3792FDAC:liveshare:WorkspaceClient V] subscribing to onDispose event
[perf V] name:join LiveShare session duration:1700.1571589999367
[Client:extension:dd5d:liveshare:connection:F784CBA5539C09609C137073522F3792FDAC:liveshare V] setWorkspaceSessionInfo> object #0: {
  "sessionNumber": 11,
  "conversationId": "833294da-b09e-488d-84f1-ef75e6071616",
  "connectionMode": "local",
  "sessions": {
    "1": {
      "id": "vm_fe9556d2-e7ec-4b20-a6a8-f1198595259d",
      "email": "<null>",
      "userName": "<null>",
      "provider": "vscs",
      "avatarUri": "",
      "isOwner": true,
      "isHost": true,
      "clientCapabilities": {
        "extensionReadOnlySupport": true,
        "clientReadOnlySupport": true,
        "emptyWorkspaceOpenFolderSupport": true,
        "persistentRootSupport": true
      }
    },
    "7": {
      "id": "398a6654-997b-47e9-b12b-9515b896b4de_144946272",
      "name": "<11:<redacted>>",
      "email": "<redacted>",
      "userName": "<11:<redacted>>",
      "provider": "github",
      "avatarUri": "",
      "isOwner": true,
      "clientCapabilities": {}
    },
    "8": {
      "id": "398a6654-997b-47e9-b12b-9515b896b4de_144946272",
      "name": "<11:<redacted>>",
      "email": "<redacted>",
      "userName": "<11:<redacted>>",
      "provider": "github",
      "avatarUri": "",
      "isOwner": true,
      "clientCapabilities": {}
    },
    "9": {
      "id": "398a6654-997b-47e9-b12b-9515b896b4de_144946272",
      "name": "<11:<redacted>>",
      "email": "<redacted>",
      "userName": "<11:<redacted>>",
      "provider": "github",
      "avatarUri": "",
      "isOwner": true,
      "clientCapabilities": {}
    },
    "10": {
      "id": "398a6654-997b-47e9-b12b-9515b896b4de_144946272",
      "name": "<11:<redacted>>",
      "email": "<redacted>",
      "userName": "<11:<redacted>>",
      "provider": "github",
      "avatarUri": "",
      "isOwner": true,
      "clientCapabilities": {}
    },
    "11": {
      "id": "398a6654-997b-47e9-b12b-9515b896b4de_144946272",
      "name": "<11:<redacted>>",
      "email": "<redacted>",
      "userName": "<11:<redacted>>",
      "provider": "github",
      "avatarUri": "",
      "isOwner": true,
      "clientCapabilities": {}
    }
  },
  "accessControl": {
    "defaultAccessControl": {},
    "userAccessControl": {}
  },
  "isPresentation": false,
  "allowPortForwardingExternalConnections": false,
  "rootFullPaths": [
    "/~0"
  ],
  "serviceNames": null,
  "id": "E9309F0676BF905999D5423C312E8FCEE25C",
  "name": "<9:<redacted>>",
  "joinUri": "https://prod.liveshare.vsengsaas.visualstudio.com/join?E9309F0676BF905999D5423C312E8FCEE25C",
  "ownerId": "398a6654-997b-47e9-b12b-9515b896b4de_144946272",
  "expiresAt": "2023-12-28T13:10:57.3293434Z"
}
[Client:extension:dd5d:liveshare:connection:F784CBA5539C09609C137073522F3792FDAC:liveshare I] ownerId: "398a6654-997b-47e9-b12b-9515b896b4de_144946272"
[Client:extension:dd5d:liveshare:connection:F784CBA5539C09609C137073522F3792FDAC:liveshare I] LS session joined and authenticated
[Client:extension:dd5d:liveshare:connection:F784CBA5539C09609C137073522F3792FDAC:liveshare:WorkspaceClient I] Creating proxy for workspace service
[Client:extension:dd5d:liveshare:connection:F784CBA5539C09609C137073522F3792FDAC:liveshare I] connection status changed: connecting -> connected, error:> object #0: undefined
[Client:extension:dd5d:liveshare:connection:F784CBA5539C09609C137073522F3792FDAC:liveshare I] firing change event: > object #0: {
  "status": "connected",
  "previousStatus": "connecting"
}
[Client:extension:dd5d:liveshare:onConnectionChanged:F784CBA5539C09609C137073522F3792FDAC I] connecting -> connected
[Client:extension:dd5d:liveshare:connection:F784CBA5539C09609C137073522F3792FDAC:liveshare I] 🔌 connected
[Client:extension:dd5d:liveshare:connection-record V] subscribing to onDispose event
[Client:extension:dd5d:liveshare-joint:connection:F784CBA5539C09609C137073522F3792FDAC:liveshare-joint:liveshare V] subscribing to onDispose event
[Client:extension:dd5d:liveshare:connection:F784CBA5539C09609C137073522F3792FDAC:liveshare V] subscribing to onDispose event
[Client:extension:dd5d:liveshare-joint:connection:F784CBA5539C09609C137073522F3792FDAC:liveshare-joint:liveshare I] connection status changed: connecting -> connected, error:> object #0: undefined
[Client:extension:dd5d:liveshare-joint:connection:F784CBA5539C09609C137073522F3792FDAC:liveshare-joint:liveshare I] firing change event: > object #0: {
  "status": "connected",
  "previousStatus": "connecting"
}
[Client:extension:dd5d:liveshare-joint:onConnectionChanged:F784CBA5539C09609C137073522F3792FDAC I] connecting -> connected
[Client:extension:dd5d:liveshare-joint:connection:F784CBA5539C09609C137073522F3792FDAC:liveshare-joint:liveshare I] 🔌 connected
[Client:extension:dd5d:liveshare-joint:connection-record V] subscribing to onDispose event
[Client:extension:dd5d:resolver:resolve:1:connection:F784CBA5539C09609C137073522F3792FDAC_5ce28c13-9e4f-4820-9b7c-7e6873308859_stable_1a5daa3a0231a0fbba4f14db7ec463cf99d7768e:vscode V] subscribing to onDispose event
[Client:extension:dd5d:liveshare-joint:connection:F784CBA5539C09609C137073522F3792FDAC:liveshare-joint:liveshare V] subscribing to onDispose event
[Client:extension:dd5d:liveshare:connection:F784CBA5539C09609C137073522F3792FDAC:liveshare:WorkspaceClient I] Creating proxy for serverSharing service
[Client:extension:dd5d:liveshare:connection:F784CBA5539C09609C137073522F3792FDAC:liveshare:WorkspaceClient I] Creating proxy for IVSCodeServerHostService service
[Client:extension:dd5d:liveshare:connection:F784CBA5539C09609C137073522F3792FDAC:liveshare:WorkspaceClient I] Creating proxy for ICodespaceHostService service
[Client:extension:dd5d:resolver:resolve:1:connection:F784CBA5539C09609C137073522F3792FDAC_5ce28c13-9e4f-4820-9b7c-7e6873308859_stable_1a5daa3a0231a0fbba4f14db7ec463cf99d7768e:vscode I] starting vscode server..> object #0: {
  "token": "<1138:<redacted>>",
  "environmentId": "5ce28c13-9e4f-4820-9b7c-7e6873308859",
  "workspaceId": "F784CBA5539C09609C137073522F3792FDAC",
  "vsCodeCommit": "1a5daa3a0231a0fbba4f14db7ec463cf99d7768e",
  "vsCodeQuality": "stable",
  "extensions": [
    "GitHub.codespaces",
    "GitHub.vscode-pull-request-github"
  ],
  "telemetry": true,
  "liveShareEndpoint": "https://prod.liveshare.vsengsaas.visualstudio.com/api/v1.2/",
  "connectionInfo": {
    "id": "F784CBA5539C09609C137073522F3792FDAC",
    "relaySas": "<257:<redacted>>",
    "relayLink": "sb://vsls-prod-ins-asse-private-relay.servicebus.windows.net/e9309f0676bf905999d5423c312e8fcee25c--833294da-b09e-488d-84f1-ef75e6071616",
    "sessionToken": "<1138:<redacted>>",
    "hostPublicKeys": [
      "AAAAB3NzaC1yc2EAAAADAQABAAABAQDFvq8hIOcvoJ5vYWKahImaXMFgyN6dVQU9XcLlPjaD0UDxnEWSvEz8GHfGRLDH6jPAoDFFD2rMsuWWZ8a86kbbbppenXk31DTOeKkQC0tFqijKjhHU1g1OTOW5uZhTPp/bRMSqwxMs5G7/0SmsgSPckNsjzJGjnHZ4BWL27DhmkCuiK4BJuOOXk7reMytCDc8SUrEtTZZMAGeNqEKMajSdTi5BqdnE9kiuodlbBPQ1V6ETURW9joN9MqP1qoeUBMSoiUY1TsKCFuYI6nxXUKGnaGSsZz3Ghx4Jqkq/T+H49QFKKdauQd4qyFYmZIaWr3cYqiwJfHGeUyK3uLheh1Db"
    ],
    "tunnelProperties": {
      "tunnelId": "puzzled-horse-scvxxc9",
      "clusterId": "inc1",
      "domain": "app.github.dev",
      "connectAccessToken": "<392:<redacted>>",
      "managePortsAccessToken": "<398:<redacted>>",
      "serviceUri": "https://global.rel.tunnels.api.visualstudio.com/"
    }
  },
  "clientId": "aeb46af246463fe9"
}
[Client:extension:dd5d:liveshare:connection:F784CBA5539C09609C137073522F3792FDAC:liveshare:WorkspaceClient V] > workspace.servicesChanged: 
[Client:extension:dd5d:liveshare:connection:F784CBA5539C09609C137073522F3792FDAC:liveshare:WorkspaceClient V] > workspace.progressUpdated: 
[Client:extension:dd5d:resolver:resolve:1:connection:F784CBA5539C09609C137073522F3792FDAC_5ce28c13-9e4f-4820-9b7c-7e6873308859_stable_1a5daa3a0231a0fbba4f14db7ec463cf99d7768e:vscode I] Executed start-remote-server using gRPC
[Client:extension:dd5d:resolver:resolve:1:connection:F784CBA5539C09609C137073522F3792FDAC_5ce28c13-9e4f-4820-9b7c-7e6873308859_stable_1a5daa3a0231a0fbba4f14db7ec463cf99d7768e:vscode I] vscode started, forwarding the server port
[Client:extension:dd5d:resolver:resolve:1:connection:F784CBA5539C09609C137073522F3792FDAC_5ce28c13-9e4f-4820-9b7c-7e6873308859_stable_1a5daa3a0231a0fbba4f14db7ec463cf99d7768e:vscode I] the server port forwarded, port number is 40023
[Client:extension:dd5d:resolver:resolve:1:connection:F784CBA5539C09609C137073522F3792FDAC_5ce28c13-9e4f-4820-9b7c-7e6873308859_stable_1a5daa3a0231a0fbba4f14db7ec463cf99d7768e:vscode I] vscode server startup complete
[perf V] name:start vscode server duration:801.1432519999798
[Client:extension:dd5d:resolver:resolve:1:connection:F784CBA5539C09609C137073522F3792FDAC_5ce28c13-9e4f-4820-9b7c-7e6873308859_stable_1a5daa3a0231a0fbba4f14db7ec463cf99d7768e:vscode I] forwarding the VSCode Server port "40023".
[Client:extension:dd5d:liveshare:connection:F784CBA5539C09609C137073522F3792FDAC:liveshare:WorkspaceClient V] < serverSharing.startSharing()
[Client:extension:dd5d:liveshare:connection:F784CBA5539C09609C137073522F3792FDAC:liveshare:WorkspaceClient V] > serverSharing.sharingSucceeded: 
[Client:extension:dd5d:liveshare:connection:F784CBA5539C09609C137073522F3792FDAC:liveshare:WorkspaceClient V] > serverSharing.startSharing() succeeded t:104.0
[perf V] name:share vscode server TCP port duration:105.11263000010513
[Client:extension:dd5d:resolver:resolve:1:connection:F784CBA5539C09609C137073522F3792FDAC_5ce28c13-9e4f-4820-9b7c-7e6873308859_stable_1a5daa3a0231a0fbba4f14db7ec463cf99d7768e:vscode I] VSCode Server port "40023" forwarded.
[Client:extension:dd5d:liveshare:connection:F784CBA5539C09609C137073522F3792FDAC:liveshare:WorkspaceClient I] Creating proxy for streamManager service
[Client:extension:dd5d:resolver:resolve:1:connection:F784CBA5539C09609C137073522F3792FDAC_5ce28c13-9e4f-4820-9b7c-7e6873308859_stable_1a5daa3a0231a0fbba4f14db7ec463cf99d7768e:vscode I] connection status changed: connecting -> connected, error:> object #0: undefined
[Client:extension:dd5d:resolver:resolve:1:connection:F784CBA5539C09609C137073522F3792FDAC_5ce28c13-9e4f-4820-9b7c-7e6873308859_stable_1a5daa3a0231a0fbba4f14db7ec463cf99d7768e:vscode I] firing change event: > object #0: {
  "status": "connected",
  "previousStatus": "connecting"
}
[Client:extension:dd5d:vscode:onConnectionChanged:F784CBA5539C09609C137073522F3792FDAC_5ce28c13-9e4f-4820-9b7c-7e6873308859_stable_1a5daa3a0231a0fbba4f14db7ec463cf99d7768e I] connecting -> connected
[Client:extension:dd5d:resolver:resolve:1:connection:F784CBA5539C09609C137073522F3792FDAC_5ce28c13-9e4f-4820-9b7c-7e6873308859_stable_1a5daa3a0231a0fbba4f14db7ec463cf99d7768e:vscode I] 🔌 connected
[Client:extension:dd5d:vscode:connection-record V] subscribing to onDispose event
[Client:extension:dd5d:liveshare:connection:F784CBA5539C09609C137073522F3792FDAC:liveshare:WorkspaceClient V] < streamManager.getStream()
[Client:extension:dd5d:liveshare:connection:F784CBA5539C09609C137073522F3792FDAC:liveshare:WorkspaceClient V] < streamManager.getStream()
[Client:extension:dd5d:resolver:resolve:1:connection:F784CBA5539C09609C137073522F3792FDAC_5ce28c13-9e4f-4820-9b7c-7e6873308859_stable_1a5daa3a0231a0fbba4f14db7ec463cf99d7768e:vscode V] subscribing to onDispose event
[Client:extension:dd5d:resolver V] tunneling the connection> object #0: [object Object]
[Client:extension:dd5d:resolver V] Tunneling vscode server port> object #0: false
[Client:extension:dd5d:resolver:resolve:1:connection:F784CBA5539C09609C137073522F3792FDAC_5ce28c13-9e4f-4820-9b7c-7e6873308859_stable_1a5daa3a0231a0fbba4f14db7ec463cf99d7768e:vscode V] subscribing to onDispose event
[Client:extension:dd5d:resolver V] reviving tunnels
[Client:extension:dd5d:resolver V] reviving tunnels
[Client:extension:dd5d:liveshare:connection:F784CBA5539C09609C137073522F3792FDAC:liveshare:WorkspaceClient V] < serverSharing.getSharedServers()
[Client:extension:dd5d:liveshare:connection:F784CBA5539C09609C137073522F3792FDAC:liveshare:WorkspaceClient V] > streamManager.getStream() succeeded t:106.0
[perf V] name:get stream Id duration:107.65773699991405
[Client:extension:dd5d:liveshare:connection:F784CBA5539C09609C137073522F3792FDAC:liveshare:WorkspaceClient I] openStreamingChannel -> streamId:ServerSharing_19
[Client:extension:dd5d:liveshare:connection:F784CBA5539C09609C137073522F3792FDAC:liveshare:WorkspaceClient V] Sending #15 ChannelOpenMessage(channelType=session, senderChannel=2)
[Client:extension:dd5d:liveshare:connection:F784CBA5539C09609C137073522F3792FDAC:liveshare:WorkspaceClient V] > serverSharing.getSharedServers() succeeded t:105.0
[Client:extension:dd5d:resolver:resolve:1:connection:F784CBA5539C09609C137073522F3792FDAC_5ce28c13-9e4f-4820-9b7c-7e6873308859_stable_1a5daa3a0231a0fbba4f14db7ec463cf99d7768e:vscode V] got shared servers list> object #0: [
  "CodespacesInternal:16634:private:true:false",
  "CodespacesInternal_web:16635:private:true:false",
  "Port: 5000:5000:private:false:false",
  "Port: 5900:5900:private:false:false",
  "Port: 6081:6081:private:false:false",
  "Port: 8080:8080:private:false:false",
  "Port: 8082:8082:private:false:false",
  "VSCodeServerInternal:40023:private:true:false"
]
[Client:extension:dd5d:resolver I] skipping Codespaces internal tunnel> object #0: #16634
[Client:extension:dd5d:resolver I] skipping Codespaces internal tunnel> object #0: #16635
[Client:extension:dd5d:resolver I] skipping vscode server tunnel> object #0: #40023
[Client:extension:dd5d:resolver V] tunnels revived
[Client:extension:dd5d:resolver V] init server sharing event listeners
[Client:extension:dd5d:resolver:resolve:1 I] vscode server remote port: "40023", local port: "undefined"}
[Client V] connect duration: 5458 ms
[BrowserConnectorService V] Initializing BrowserConnectorService using connection> object #0: [object Object]
[Client:extension:dd5d:liveshare:connection:F784CBA5539C09609C137073522F3792FDAC:liveshare:WorkspaceClient I] Creating proxy for sourceEvent service
[BrowserConnectorService V] BrowserConnectorService.sendMessage: {"initialized":true,"message":"codespaces:browser-connector-service-initialized","payload":"<probably pii>"}
[Client:extension:dd5d:resolver:resolve:1 I] Progress: Done
[Client:extension:dd5d:resolver I] Subscribed to event stream
[Client:extension:dd5d:resolver:resolve:1:background-tasks I] launching background configuration tasks
[Client:extension:dd5d:resolver:resolve:1:background-tasks:post-attach-command-manager I] PostAttachCommandManager: addEnvironmentConfiguredEventCallback()
[Client:extension:dd5d:resolver:resolve:1:background-tasks:post-attach-command-manager V] subscribing to onDispose event
[Client:extension:dd5d:resolver:resolve:1:background-tasks I] no max idle timeout notice
[Client:extension:dd5d:resolver:resolve:1:background-tasks V] checking correctness of the codespace session path> object #0: [
  {
    "uri": {
      "$mid": 1,
      "fsPath": "/home/ubuntu",
      "external": "file:///home/ubuntu",
      "path": "/home/ubuntu",
      "scheme": "file"
    },
    "name": "<6:<redacted>>",
    "index": 0
  }
]
[Client:extension:dd5d:resolver:resolve:1:background-tasks I] session path correction - progressType: "0"
[Client:extension:dd5d:resolver:resolve:1:background-tasks I] starting activity monitor, isRunningInWeb: "true"
[Client:extension:dd5d:resolver:resolve:1:background-tasks:activity-monitor:vscode-activity-provider I] isRunningInWeb: true
[Client:extension:dd5d:resolver:resolve:1:background-tasks:activity-monitor:vscode-activity-provider I] starting activity monitor
[Client:extension:dd5d:resolver:resolve:1:background-tasks:activity-monitor:vscode-activity-provider V] sending activity heartbeat
[Client:extension:dd5d:liveshare:connection:F784CBA5539C09609C137073522F3792FDAC:liveshare:WorkspaceClient I] Creating proxy for IEnvironmentConfigurationService service
[Client:extension:dd5d:liveshare:connection:F784CBA5539C09609C137073522F3792FDAC:liveshare:WorkspaceClient V] < sourceEvent.fireEvent()
[Client:extension:dd5d:resolver I] asking vscode to open the tunnel> object #0: #5000
> object #1: "127.0.0.1"
[Client:extension:dd5d:resolver I] asking vscode to open the tunnel> object #0: #5900
> object #1: "127.0.0.1"
[Client:extension:dd5d:resolver I] asking vscode to open the tunnel> object #0: #6081
> object #1: "127.0.0.1"
[Client:extension:dd5d:resolver I] asking vscode to open the tunnel> object #0: #8080
> object #1: "127.0.0.1"
[Client:extension:dd5d:resolver I] asking vscode to open the tunnel> object #0: #8082
> object #1: "127.0.0.1"
[Client:extension:dd5d:liveshare:connection:F784CBA5539C09609C137073522F3792FDAC:liveshare:WorkspaceClient V] > streamManager.getStream() succeeded t:155.0
[perf V] name:get stream Id duration:156.31463100016117
[Client:extension:dd5d:liveshare:connection:F784CBA5539C09609C137073522F3792FDAC:liveshare:WorkspaceClient I] openStreamingChannel -> streamId:ServerSharing_20
[Client:extension:dd5d:liveshare:connection:F784CBA5539C09609C137073522F3792FDAC:liveshare:WorkspaceClient V] Sending #17 ChannelOpenMessage(channelType=session, senderChannel=3)
[Client:extension:dd5d:resolver I] Received event: Subscribed
[Client:extension:dd5d:resolver I] Client 885e941e-f628-4d8d-8436-d1f18d220f6d subscribed to event stream
[Client:extension:dd5d:resolver I] Received event: EnvironmentConfigured
[Client:extension:dd5d:resolver:resolve:1:background-tasks:post-attach-command-manager I] PostAttachCommandManager: handleEnvironmentConfiguredEvent()
[Client:extension:dd5d:resolver:resolve:1:background-tasks I] Executed is-recovery-container using gRPC
[Client:extension:dd5d:resolver:resolve:1:background-tasks V] not in recovery container
[Client:extension:dd5d:resolver:resolve:1:background-tasks I] Executed get-container-persisted-folder using gRPC
[Client:extension:dd5d:resolver:resolve:1:background-tasks V] container folder path: "/workspaces/.codespaces/.persistedshare"
[Client:extension:dd5d:resolver:resolve:1:background-tasks V] shared folder path: "/workspaces/.codespaces/shared/postCreateOutput.json"
[Client:extension:dd5d:resolver:resolve:1:background-tasks V] shared file path: "/workspaces/.codespaces/shared/postCreateOutput.json"
[Performance I] Executed get-container-persisted-folder using gRPC
[ResourceUsage I] Executed get-container-persisted-folder using gRPC
[ResourceUsage V] container folder path: "/workspaces/.codespaces/.persistedshare"
[ResourceUsage V] shared folder path: "/workspaces/.codespaces/shared/resource-usage.json"
[ResourceUsage V] shared file path: "/workspaces/.codespaces/shared/resource-usage.json"
[ResourceUsage I] Starting monitor
[ResourceUsage I] Checking if the codespace connection exists
[Client:extension:dd5d:resolver:resolve:1:background-tasks:activity-monitor:vscode-activity-provider I] Executed notify-codespace-of-client-activity using gRPC
[Client:extension:dd5d:resolver:resolve:1:background-tasks:activity-monitor:vscode-activity-provider I] Activity signal sent with result true
[Client:extension:dd5d:resolver:resolve:1:background-tasks I] Executed configure-environment using gRPC
[Client:extension:dd5d:liveshare:connection:F784CBA5539C09609C137073522F3792FDAC:liveshare:WorkspaceClient V] Receiving #14 ChannelOpenConfirmationMessage (recipientChannel=2)(senderChannel=1)
[Client:extension:dd5d:liveshare:connection:F784CBA5539C09609C137073522F3792FDAC:liveshare:WorkspaceClient V] Sending #18 ChannelRequestMessage (recipientChannel=1)
[Client:extension:dd5d:liveshare:connection:F784CBA5539C09609C137073522F3792FDAC:liveshare:WorkspaceClient V] > sourceEvent.event: 
[Client:extension:dd5d:liveshare:connection:F784CBA5539C09609C137073522F3792FDAC:liveshare:WorkspaceClient V] > sourceEvent.fireEvent() succeeded t:106.0
[Client:extension:dd5d:liveshare:connection:F784CBA5539C09609C137073522F3792FDAC:liveshare:WorkspaceClient V] Receiving #16 ChannelOpenConfirmationMessage (recipientChannel=3)(senderChannel=2)
[Client:extension:dd5d:liveshare:connection:F784CBA5539C09609C137073522F3792FDAC:liveshare:WorkspaceClient V] Sending #19 ChannelRequestMessage (recipientChannel=2)
[Client:extension:dd5d:resolver I] vscode to open the tunnel completed> object #0: #5000
> object #1: "127.0.0.1"
[Client:extension:dd5d:resolver I] vscode to open the tunnel completed> object #0: #5900
> object #1: "127.0.0.1"
[Client:extension:dd5d:resolver I] vscode to open the tunnel completed> object #0: #6081
> object #1: "127.0.0.1"
[Client:extension:dd5d:resolver I] vscode to open the tunnel completed> object #0: #8080
> object #1: "127.0.0.1"
[Client:extension:dd5d:resolver I] vscode to open the tunnel completed> object #0: #8082
> object #1: "127.0.0.1"
[Client:extension:dd5d:resolver:resolve:1:background-tasks:openDefaultFiles I] Skipping openFiles in the web because it is handled by the embedder
[Performance I] Starting monitor
[Performance I] Checking if the codespace connection exists
[Client:extension:dd5d:liveshare:connection:F784CBA5539C09609C137073522F3792FDAC:liveshare:WorkspaceClient V] > sourceEvent.event: 
[RemoteExplorer I] Updating codespace performance info
[RemoteExplorer I] Updating codespace details
[Client:extension:dd5d:liveshare:connection:F784CBA5539C09609C137073522F3792FDAC:liveshare:WorkspaceClient:1 V] checkConnectionWithTimeout -> 'started'
[Client:extension:dd5d:liveshare:connection:F784CBA5539C09609C137073522F3792FDAC:liveshare:WorkspaceClient V] checking ssh connection
[Client:extension:dd5d:liveshare:connection:F784CBA5539C09609C137073522F3792FDAC:liveshare:WorkspaceClient V] Sending #20 SessionRequestMessage (requestType=ping-check-connection)
[Client:extension:dd5d:liveshare:connection:F784CBA5539C09609C137073522F3792FDAC:liveshare:WorkspaceClient V] Receiving #18 SessionRequestFailureMessage
[Client:extension:dd5d:liveshare:connection:F784CBA5539C09609C137073522F3792FDAC:liveshare:WorkspaceClient:1 V] checkConnectionWithTimeout -> 'succeeded' t:105.0
[Client:extension:dd5d:liveshare:connection:F784CBA5539C09609C137073522F3792FDAC:liveshare:WorkspaceClient:1 V] checkConnectionWithTimeout -> 'started'
[Client:extension:dd5d:liveshare:connection:F784CBA5539C09609C137073522F3792FDAC:liveshare:WorkspaceClient V] checking ssh connection
[Client:extension:dd5d:liveshare:connection:F784CBA5539C09609C137073522F3792FDAC:liveshare:WorkspaceClient V] Sending #21 SessionRequestMessage (requestType=ping-check-connection)
[Client:extension:dd5d:liveshare:connection:F784CBA5539C09609C137073522F3792FDAC:liveshare:WorkspaceClient V] Receiving #19 SessionRequestFailureMessage
[Client:extension:dd5d:liveshare:connection:F784CBA5539C09609C137073522F3792FDAC:liveshare:WorkspaceClient:1 V] checkConnectionWithTimeout -> 'succeeded' t:104.0
[Client:extension:dd5d:liveshare:connection:F784CBA5539C09609C137073522F3792FDAC:liveshare:WorkspaceClient:1 V] checkConnectionWithTimeout -> 'started'
[Client:extension:dd5d:liveshare:connection:F784CBA5539C09609C137073522F3792FDAC:liveshare:WorkspaceClient V] checking ssh connection
[Client:extension:dd5d:liveshare:connection:F784CBA5539C09609C137073522F3792FDAC:liveshare:WorkspaceClient V] Sending #22 SessionRequestMessage (requestType=ping-check-connection)
[Client:extension:dd5d:liveshare:connection:F784CBA5539C09609C137073522F3792FDAC:liveshare:WorkspaceClient V] Receiving #20 SessionRequestFailureMessage
[Client:extension:dd5d:liveshare:connection:F784CBA5539C09609C137073522F3792FDAC:liveshare:WorkspaceClient:1 V] checkConnectionWithTimeout -> 'succeeded' t:104.0
[Client:extension:dd5d:liveshare:connection:F784CBA5539C09609C137073522F3792FDAC:liveshare:WorkspaceClient:1 V] checkConnectionWithTimeout -> 'started'
[Client:extension:dd5d:liveshare:connection:F784CBA5539C09609C137073522F3792FDAC:liveshare:WorkspaceClient V] checking ssh connection
[Client:extension:dd5d:liveshare:connection:F784CBA5539C09609C137073522F3792FDAC:liveshare:WorkspaceClient V] Sending #23 SessionRequestMessage (requestType=ping-check-connection)
[Client:extension:dd5d:liveshare:connection:F784CBA5539C09609C137073522F3792FDAC:liveshare:WorkspaceClient V] Receiving #22 SessionRequestFailureMessage
[Client:extension:dd5d:liveshare:connection:F784CBA5539C09609C137073522F3792FDAC:liveshare:WorkspaceClient:1 V] checkConnectionWithTimeout -> 'succeeded' t:104.0
[Performance I] Executed get-performance-data using gRPC
[Client:extension:dd5d:liveshare:connection:F784CBA5539C09609C137073522F3792FDAC:liveshare:WorkspaceClient:1 V] checkConnectionWithTimeout -> 'started'
[Client:extension:dd5d:liveshare:connection:F784CBA5539C09609C137073522F3792FDAC:liveshare:WorkspaceClient V] checking ssh connection
[Client:extension:dd5d:liveshare:connection:F784CBA5539C09609C137073522F3792FDAC:liveshare:WorkspaceClient V] Sending #24 SessionRequestMessage (requestType=ping-check-connection)
[Client:extension:dd5d:liveshare:connection:F784CBA5539C09609C137073522F3792FDAC:liveshare:WorkspaceClient V] Receiving #25 SessionRequestFailureMessage
[Client:extension:dd5d:liveshare:connection:F784CBA5539C09609C137073522F3792FDAC:liveshare:WorkspaceClient:1 V] checkConnectionWithTimeout -> 'succeeded' t:104.0
[Client:extension:dd5d:liveshare:connection:F784CBA5539C09609C137073522F3792FDAC:liveshare:WorkspaceClient:1 V] checkConnectionWithTimeout -> 'started'
[Client:extension:dd5d:liveshare:connection:F784CBA5539C09609C137073522F3792FDAC:liveshare:WorkspaceClient V] checking ssh connection
[Client:extension:dd5d:liveshare:connection:F784CBA5539C09609C137073522F3792FDAC:liveshare:WorkspaceClient V] Sending #25 SessionRequestMessage (requestType=ping-check-connection)
[Client:extension:dd5d:liveshare:connection:F784CBA5539C09609C137073522F3792FDAC:liveshare:WorkspaceClient V] Receiving #26 SessionRequestFailureMessage
[Client:extension:dd5d:liveshare:connection:F784CBA5539C09609C137073522F3792FDAC:liveshare:WorkspaceClient:1 V] checkConnectionWithTimeout -> 'succeeded' t:105.0
[Client:extension:dd5d:liveshare:connection:F784CBA5539C09609C137073522F3792FDAC:liveshare:WorkspaceClient:1 V] checkConnectionWithTimeout -> 'started'
[Client:extension:dd5d:liveshare:connection:F784CBA5539C09609C137073522F3792FDAC:liveshare:WorkspaceClient V] checking ssh connection
[Client:extension:dd5d:liveshare:connection:F784CBA5539C09609C137073522F3792FDAC:liveshare:WorkspaceClient V] Sending #26 SessionRequestMessage (requestType=ping-check-connection)
[Client:extension:dd5d:liveshare:connection:F784CBA5539C09609C137073522F3792FDAC:liveshare:WorkspaceClient V] Receiving #27 SessionRequestFailureMessage
[Client:extension:dd5d:liveshare:connection:F784CBA5539C09609C137073522F3792FDAC:liveshare:WorkspaceClient:1 V] checkConnectionWithTimeout -> 'succeeded' t:108.0
[Client:extension:dd5d:liveshare:connection:F784CBA5539C09609C137073522F3792FDAC:liveshare:WorkspaceClient:1 V] checkConnectionWithTimeout -> 'started'
[Client:extension:dd5d:liveshare:connection:F784CBA5539C09609C137073522F3792FDAC:liveshare:WorkspaceClient V] checking ssh connection
[Client:extension:dd5d:liveshare:connection:F784CBA5539C09609C137073522F3792FDAC:liveshare:WorkspaceClient V] Sending #27 SessionRequestMessage (requestType=ping-check-connection)
[Client:extension:dd5d:liveshare:connection:F784CBA5539C09609C137073522F3792FDAC:liveshare:WorkspaceClient V] Receiving #29 SessionRequestFailureMessage
[Client:extension:dd5d:liveshare:connection:F784CBA5539C09609C137073522F3792FDAC:liveshare:WorkspaceClient:1 V] checkConnectionWithTimeout -> 'succeeded' t:2859.0
[Client:extension:dd5d:liveshare:connection:F784CBA5539C09609C137073522F3792FDAC:liveshare:WorkspaceClient:1 V] checkConnectionWithTimeout -> 'started'
[Client:extension:dd5d:liveshare:connection:F784CBA5539C09609C137073522F3792FDAC:liveshare:WorkspaceClient V] checking ssh connection
[Client:extension:dd5d:liveshare:connection:F784CBA5539C09609C137073522F3792FDAC:liveshare:WorkspaceClient V] Sending #28 SessionRequestMessage (requestType=ping-check-connection)
[Client:extension:dd5d:liveshare:connection:F784CBA5539C09609C137073522F3792FDAC:liveshare:WorkspaceClient V] Receiving #30 SessionRequestFailureMessage
[Client:extension:dd5d:liveshare:connection:F784CBA5539C09609C137073522F3792FDAC:liveshare:WorkspaceClient:1 V] checkConnectionWithTimeout -> 'succeeded' t:175.0
[Performance I] Executed get-performance-data using gRPC
[Client:extension:dd5d:liveshare:connection:F784CBA5539C09609C137073522F3792FDAC:liveshare:WorkspaceClient V] Receiving #34 ChannelCloseMessage (recipientChannel=2)
[Client:extension:dd5d:liveshare:connection:F784CBA5539C09609C137073522F3792FDAC:liveshare:WorkspaceClient I] SshChannel(Type: session, Id: 2, RemoteId: 1) closed remotely. (S: 0, R: 51)
[Client:extension:dd5d:liveshare:connection:F784CBA5539C09609C137073522F3792FDAC:liveshare:WorkspaceClient V] Receiving #35 ChannelCloseMessage (recipientChannel=3)
[Client:extension:dd5d:liveshare:connection:F784CBA5539C09609C137073522F3792FDAC:liveshare:WorkspaceClient I] SshChannel(Type: session, Id: 3, RemoteId: 2) closed remotely. (S: 0, R: 51)
[Client:extension:dd5d:liveshare:connection:F784CBA5539C09609C137073522F3792FDAC:liveshare:WorkspaceClient:1 V] checkConnectionWithTimeout -> 'started'
[Client:extension:dd5d:liveshare:connection:F784CBA5539C09609C137073522F3792FDAC:liveshare:WorkspaceClient V] checking ssh connection
[Client:extension:dd5d:liveshare:connection:F784CBA5539C09609C137073522F3792FDAC:liveshare:WorkspaceClient V] Sending #29 SessionRequestMessage (requestType=ping-check-connection)
[Client:extension:dd5d:liveshare:connection:F784CBA5539C09609C137073522F3792FDAC:liveshare:WorkspaceClient V] Receiving #36 SessionRequestFailureMessage
[Client:extension:dd5d:liveshare:connection:F784CBA5539C09609C137073522F3792FDAC:liveshare:WorkspaceClient:1 V] checkConnectionWithTimeout -> 'succeeded' t:104.0
[Client:extension:dd5d:liveshare:connection:F784CBA5539C09609C137073522F3792FDAC:liveshare:WorkspaceClient:1 V] checkConnectionWithTimeout -> 'started'
[Client:extension:dd5d:liveshare:connection:F784CBA5539C09609C137073522F3792FDAC:liveshare:WorkspaceClient V] checking ssh connection
[Client:extension:dd5d:liveshare:connection:F784CBA5539C09609C137073522F3792FDAC:liveshare:WorkspaceClient V] Sending #30 SessionRequestMessage (requestType=ping-check-connection)
[Client:extension:dd5d:liveshare:connection:F784CBA5539C09609C137073522F3792FDAC:liveshare:WorkspaceClient V] Receiving #37 SessionRequestFailureMessage
[Client:extension:dd5d:liveshare:connection:F784CBA5539C09609C137073522F3792FDAC:liveshare:WorkspaceClient:1 V] checkConnectionWithTimeout -> 'succeeded' t:104.0
[Client:extension:dd5d:liveshare:connection:F784CBA5539C09609C137073522F3792FDAC:liveshare:WorkspaceClient:1 V] checkConnectionWithTimeout -> 'started'
[Client:extension:dd5d:liveshare:connection:F784CBA5539C09609C137073522F3792FDAC:liveshare:WorkspaceClient V] checking ssh connection
[Client:extension:dd5d:liveshare:connection:F784CBA5539C09609C137073522F3792FDAC:liveshare:WorkspaceClient V] Sending #31 SessionRequestMessage (requestType=ping-check-connection)
[Client:extension:dd5d:liveshare:connection:F784CBA5539C09609C137073522F3792FDAC:liveshare:WorkspaceClient V] Receiving #38 SessionRequestFailureMessage
[Client:extension:dd5d:liveshare:connection:F784CBA5539C09609C137073522F3792FDAC:liveshare:WorkspaceClient:1 V] checkConnectionWithTimeout -> 'succeeded' t:104.0
[Client:extension:dd5d:liveshare:connection:F784CBA5539C09609C137073522F3792FDAC:liveshare:WorkspaceClient:1 V] checkConnectionWithTimeout -> 'started'
[Client:extension:dd5d:liveshare:connection:F784CBA5539C09609C137073522F3792FDAC:liveshare:WorkspaceClient V] checking ssh connection
[Client:extension:dd5d:liveshare:connection:F784CBA5539C09609C137073522F3792FDAC:liveshare:WorkspaceClient V] Sending #32 SessionRequestMessage (requestType=ping-check-connection)
[Client:extension:dd5d:liveshare:connection:F784CBA5539C09609C137073522F3792FDAC:liveshare:WorkspaceClient V] Receiving #40 SessionRequestFailureMessage
[Client:extension:dd5d:liveshare:connection:F784CBA5539C09609C137073522F3792FDAC:liveshare:WorkspaceClient:1 V] checkConnectionWithTimeout -> 'succeeded' t:104.0
[Performance I] Executed get-performance-data using gRPC
[Client:extension:dd5d:liveshare:connection:F784CBA5539C09609C137073522F3792FDAC:liveshare:WorkspaceClient:1 V] checkConnectionWithTimeout -> 'started'
[Client:extension:dd5d:liveshare:connection:F784CBA5539C09609C137073522F3792FDAC:liveshare:WorkspaceClient V] checking ssh connection
[Client:extension:dd5d:liveshare:connection:F784CBA5539C09609C137073522F3792FDAC:liveshare:WorkspaceClient V] Sending #33 SessionRequestMessage (requestType=ping-check-connection)
[Client:extension:dd5d:liveshare:connection:F784CBA5539C09609C137073522F3792FDAC:liveshare:WorkspaceClient V] Receiving #41 SessionRequestFailureMessage
[Client:extension:dd5d:liveshare:connection:F784CBA5539C09609C137073522F3792FDAC:liveshare:WorkspaceClient:1 V] checkConnectionWithTimeout -> 'succeeded' t:104.0
[Client:extension:dd5d:liveshare:connection:F784CBA5539C09609C137073522F3792FDAC:liveshare:WorkspaceClient:1 V] checkConnectionWithTimeout -> 'started'
[Client:extension:dd5d:liveshare:connection:F784CBA5539C09609C137073522F3792FDAC:liveshare:WorkspaceClient V] checking ssh connection
[Client:extension:dd5d:liveshare:connection:F784CBA5539C09609C137073522F3792FDAC:liveshare:WorkspaceClient V] Sending #34 SessionRequestMessage (requestType=ping-check-connection)
[Client:extension:dd5d:liveshare:connection:F784CBA5539C09609C137073522F3792FDAC:liveshare:WorkspaceClient V] Receiving #42 SessionRequestFailureMessage
[Client:extension:dd5d:liveshare:connection:F784CBA5539C09609C137073522F3792FDAC:liveshare:WorkspaceClient:1 V] checkConnectionWithTimeout -> 'succeeded' t:105.0
