2023-11-28 20:33:40.752 [info] Уровень ведения журнала: Info
2023-11-28 20:33:40.752 [info] Проверка найденного Git в: "git"
2023-11-28 20:33:40.752 [info] Используется Git "2.34.1" из "git"
2023-11-28 20:33:40.752 [info] > git rev-parse --show-toplevel [12ms]
2023-11-28 20:33:40.753 [info] > git rev-parse --git-dir --git-common-dir [2ms]
2023-11-28 20:33:40.767 [info] Open repository: /workspaces/144946272
2023-11-28 20:33:40.803 [info] > git config --get commit.template [17ms]
2023-11-28 20:33:40.805 [info] > git rev-parse --show-toplevel [5ms]
2023-11-28 20:33:40.854 [info] > git rev-parse --show-toplevel [32ms]
2023-11-28 20:33:40.880 [info] > git for-each-ref --format=%(refname)%00%(upstream:short)%00%(objectname)%00%(upstream:track)%00%(upstream:remotename)%00%(upstream:remoteref) refs/heads/main refs/remotes/main [28ms]
2023-11-28 20:33:40.893 [info] > git rev-parse --show-toplevel [14ms]
2023-11-28 20:33:40.905 [info] > git status -z -uall [14ms]
2023-11-28 20:33:40.923 [info] > git rev-parse --show-toplevel [19ms]
2023-11-28 20:33:40.944 [info] > git config --get commit.template [21ms]
2023-11-28 20:33:40.945 [info] > git rev-parse --show-toplevel [12ms]
2023-11-28 20:33:40.945 [info] > git for-each-ref --format=%(refname)%00%(upstream:short)%00%(objectname)%00%(upstream:track)%00%(upstream:remotename)%00%(upstream:remoteref) refs/heads/main refs/remotes/main [2ms]
2023-11-28 20:33:40.973 [info] > git status -z -uall [17ms]
2023-11-28 20:33:40.979 [info] > git rev-parse --show-toplevel [9ms]
2023-11-28 20:33:40.993 [info] > git rev-parse --show-toplevel [1ms]
2023-11-28 20:33:41.005 [info] > git rev-parse --show-toplevel [1ms]
2023-11-28 20:33:41.016 [info] > git rev-parse --show-toplevel [2ms]
2023-11-28 20:33:41.028 [info] > git rev-parse --show-toplevel [1ms]
2023-11-28 20:33:41.041 [info] > git rev-parse --show-toplevel [1ms]
2023-11-28 20:33:41.061 [info] > git rev-parse --show-toplevel [3ms]
2023-11-28 20:33:42.398 [info] > git rev-parse --show-toplevel [1319ms]
2023-11-28 20:33:42.535 [info] > git check-ignore -v -z --stdin [113ms]
2023-11-28 20:33:42.560 [info] > git rev-parse --show-toplevel [27ms]
2023-11-28 20:33:43.207 [info] > git rev-parse --show-toplevel [135ms]
2023-11-28 20:33:43.237 [info] > git rev-parse --show-toplevel [12ms]
2023-11-28 20:33:43.607 [info] > git check-ignore -v -z --stdin [1ms]
2023-11-28 20:33:49.150 [info] > git config --local branch.main.github-pr-owner-number [496ms]
2023-11-28 20:33:49.216 [info] > git config --get commit.template [30ms]
2023-11-28 20:33:49.289 [info] > git for-each-ref --format=%(refname)%00%(upstream:short)%00%(objectname)%00%(upstream:track)%00%(upstream:remotename)%00%(upstream:remoteref) refs/heads/main refs/remotes/main [43ms]
2023-11-28 20:33:49.321 [info] > git status -z -uall [4ms]
2023-11-28 20:33:54.811 [info] > git show --textconv :fuel/fuel.py [22ms]
2023-11-28 20:33:54.813 [info] > git ls-files --stage -- /workspaces/144946272/fuel/fuel.py [4ms]
2023-11-28 20:33:54.834 [info] > git cat-file -s 042c44a34fe812ab108226ceb5e4d5941b26aa4c [2ms]
