2023-11-28 20:33:40.180 [info] Reading sessions from keychain...
2023-11-28 20:33:40.186 [info] Got stored sessions!
2023-11-28 20:33:40.186 [info] Got 6 verified sessions.
2023-11-28 20:33:40.709 [info] Getting sessions for codespace,read:user,repo,user:email...
2023-11-28 20:33:40.709 [info] Got 1 sessions for codespace,read:user,repo,user:email...
2023-11-28 20:33:43.093 [info] Getting sessions for read:user,repo,user:email,workflow...
2023-11-28 20:33:43.107 [info] Got 1 sessions for read:user,repo,user:email,workflow...
2023-11-28 20:33:44.082 [info] Getting sessions for project,read:org,read:user,repo,user:email,workflow...
2023-11-28 20:33:44.082 [info] Got 0 sessions for project,read:org,read:user,repo,user:email,workflow...
2023-11-28 20:33:45.022 [info] Getting sessions for read:user,repo,user:email,workflow...
2023-11-28 20:33:45.022 [info] Got 1 sessions for read:user,repo,user:email,workflow...
2023-11-28 20:33:45.355 [info] Getting sessions for read:user,repo,user:email,workflow...
2023-11-28 20:33:45.355 [info] Got 1 sessions for read:user,repo,user:email,workflow...
2023-11-28 20:33:54.998 [info] Getting sessions for read:user,repo,user:email,workflow...
2023-11-28 20:33:54.998 [info] Got 1 sessions for read:user,repo,user:email,workflow...
2023-11-28 20:34:10.369 [info] Getting sessions for user:email...
2023-11-28 20:34:10.369 [info] Got 1 sessions for user:email...
2023-11-28 20:34:17.206 [info] Getting sessions for all scopes...
2023-11-28 20:34:17.206 [info] Got 6 sessions for ...
2023-11-28 20:34:17.207 [info] Getting sessions for all scopes...
2023-11-28 20:34:17.207 [info] Got 6 sessions for ...
2023-11-28 20:34:17.906 [info] Getting sessions for all scopes...
2023-11-28 20:34:17.906 [info] Got 6 sessions for ...
2023-11-28 20:34:18.193 [info] Getting sessions for all scopes...
2023-11-28 20:34:18.193 [info] Got 6 sessions for ...
2023-11-28 20:34:19.155 [info] Getting sessions for all scopes...
2023-11-28 20:34:19.155 [info] Got 6 sessions for ...
2023-11-28 20:34:19.518 [info] Getting sessions for all scopes...
2023-11-28 20:34:19.518 [info] Got 6 sessions for ...
2023-11-28 20:34:21.310 [info] Getting sessions for all scopes...
2023-11-28 20:34:21.310 [info] Got 6 sessions for ...
2023-11-28 20:34:21.841 [info] Getting sessions for all scopes...
2023-11-28 20:34:21.842 [info] Got 6 sessions for ...
