2023-11-20 19:10:13.589 [info] Reading sessions from keychain...
2023-11-20 19:10:13.589 [info] Getting sessions for all scopes...
2023-11-20 19:10:13.589 [info] Getting sessions for user:email...
2023-11-20 19:10:13.624 [info] Got stored sessions!
2023-11-20 19:10:13.624 [info] Got 6 verified sessions.
2023-11-20 19:10:13.625 [info] Got 6 sessions for ...
2023-11-20 19:10:13.625 [info] Got 1 sessions for user:email...
2023-11-20 19:10:13.625 [info] Getting sessions for all scopes...
2023-11-20 19:10:13.625 [info] Got 6 sessions for ...
2023-11-20 19:10:13.840 [info] Getting sessions for codespace,read:user,repo,user:email...
2023-11-20 19:10:13.840 [info] Got 1 sessions for codespace,read:user,repo,user:email...
2023-11-20 19:10:13.885 [info] Getting sessions for all scopes...
2023-11-20 19:10:13.885 [info] Got 6 sessions for ...
2023-11-20 19:10:14.693 [info] Getting sessions for all scopes...
2023-11-20 19:10:14.693 [info] Got 6 sessions for ...
2023-11-20 19:10:17.399 [info] Getting sessions for all scopes...
2023-11-20 19:10:17.399 [info] Got 6 sessions for ...
2023-11-20 19:10:17.740 [info] Getting sessions for all scopes...
2023-11-20 19:10:17.740 [info] Got 6 sessions for ...
2023-11-20 19:10:18.500 [info] Getting sessions for all scopes...
2023-11-20 19:10:18.501 [info] Got 6 sessions for ...
2023-11-20 19:10:21.131 [info] Getting sessions for all scopes...
2023-11-20 19:10:21.132 [info] Got 6 sessions for ...
2023-11-20 19:10:23.348 [info] Getting sessions for read:user,repo,user:email,workflow...
2023-11-20 19:10:23.348 [info] Got 1 sessions for read:user,repo,user:email,workflow...
2023-11-20 19:10:24.058 [info] Getting sessions for project,read:org,read:user,repo,user:email,workflow...
2023-11-20 19:10:24.063 [info] Got 0 sessions for project,read:org,read:user,repo,user:email,workflow...
2023-11-20 19:10:25.550 [info] Getting sessions for read:user,repo,user:email,workflow...
2023-11-20 19:10:25.550 [info] Getting sessions for read:user,repo,user:email,workflow...
2023-11-20 19:10:25.550 [info] Got 1 sessions for read:user,repo,user:email,workflow...
2023-11-20 19:10:25.551 [info] Got 1 sessions for read:user,repo,user:email,workflow...
2023-11-20 19:10:44.072 [info] Getting sessions for read:user,repo,user:email,workflow...
2023-11-20 19:10:44.072 [info] Got 1 sessions for read:user,repo,user:email,workflow...
