2023-11-28 20:12:40.372 [info] Reading sessions from keychain...
2023-11-28 20:12:40.372 [info] Getting sessions for all scopes...
2023-11-28 20:12:40.372 [info] Getting sessions for user:email...
2023-11-28 20:12:40.372 [info] Getting sessions for all scopes...
2023-11-28 20:12:40.372 [info] Got stored sessions!
2023-11-28 20:12:40.372 [info] Got 6 verified sessions.
2023-11-28 20:12:40.372 [info] Got 6 sessions for ...
2023-11-28 20:12:40.372 [info] Got 1 sessions for user:email...
2023-11-28 20:12:40.372 [info] Got 6 sessions for ...
2023-11-28 20:12:40.844 [info] Getting sessions for codespace,read:user,repo,user:email...
2023-11-28 20:12:40.844 [info] Got 1 sessions for codespace,read:user,repo,user:email...
2023-11-28 20:12:40.877 [info] Getting sessions for all scopes...
2023-11-28 20:12:40.877 [info] Got 6 sessions for ...
2023-11-28 20:12:42.772 [info] Getting sessions for all scopes...
2023-11-28 20:12:42.772 [info] Got 6 sessions for ...
2023-11-28 20:12:44.229 [info] Getting sessions for all scopes...
2023-11-28 20:12:44.229 [info] Got 6 sessions for ...
2023-11-28 20:12:44.713 [info] Getting sessions for all scopes...
2023-11-28 20:12:44.713 [info] Got 6 sessions for ...
2023-11-28 20:12:45.431 [info] Getting sessions for all scopes...
2023-11-28 20:12:45.431 [info] Getting sessions for read:user,repo,user:email,workflow...
2023-11-28 20:12:45.431 [info] Got 6 sessions for ...
2023-11-28 20:12:45.431 [info] Got 1 sessions for read:user,repo,user:email,workflow...
2023-11-28 20:12:45.813 [info] Getting sessions for all scopes...
2023-11-28 20:12:45.856 [info] Got 6 sessions for ...
2023-11-28 20:12:46.757 [info] Getting sessions for project,read:org,read:user,repo,user:email,workflow...
2023-11-28 20:12:46.757 [info] Got 0 sessions for project,read:org,read:user,repo,user:email,workflow...
2023-11-28 20:12:47.017 [info] Getting sessions for read:user,repo,user:email,workflow...
2023-11-28 20:12:47.017 [info] Got 1 sessions for read:user,repo,user:email,workflow...
2023-11-28 20:12:48.297 [info] Getting sessions for read:user,repo,user:email,workflow...
2023-11-28 20:12:48.297 [info] Got 1 sessions for read:user,repo,user:email,workflow...
2023-11-28 20:12:54.535 [info] Getting sessions for read:user,repo,user:email,workflow...
2023-11-28 20:12:54.535 [info] Got 1 sessions for read:user,repo,user:email,workflow...
