2023-11-28 19:36:58.385 [info] Extension host with pid 465 started
2023-11-28 19:36:58.388 [error] Error: EEXIST: file already exists, open '/home/ubuntu/.vscode-remote/data/User/workspaceStorage/6155e5d3/vscode.lock'
2023-11-28 19:36:58.395 [info] Lock '/home/ubuntu/.vscode-remote/data/User/workspaceStorage/6155e5d3/vscode.lock': Could not acquire lock, checking if the file is stale.
2023-11-28 19:36:58.396 [info] Lock '/home/ubuntu/.vscode-remote/data/User/workspaceStorage/6155e5d3/vscode.lock': The pid 15679 appears to be gone.
2023-11-28 19:36:58.396 [info] Lock '/home/ubuntu/.vscode-remote/data/User/workspaceStorage/6155e5d3/vscode.lock': Deleting a stale lock.
2023-11-28 19:36:58.426 [info] Lock '/home/ubuntu/.vscode-remote/data/User/workspaceStorage/6155e5d3/vscode.lock': Lock acquired.
2023-11-28 19:36:58.901 [info] ExtensionService#_doActivateExtension GitHub.codespaces, startup: false, activationEvent: 'onCommand:github.codespaces.activate'
2023-11-28 19:36:58.902 [info] ExtensionService#_doActivateExtension vscode.git-base, startup: false, activationEvent: '*', root cause: vscode.git
2023-11-28 19:36:58.902 [info] ExtensionService#_doActivateExtension vsls-contrib.gitdoc, startup: false, activationEvent: '*'
2023-11-28 19:36:58.902 [info] ExtensionService#_doActivateExtension vscode.tunnel-forwarding, startup: false, activationEvent: 'onTunnel'
2023-11-28 19:36:58.903 [info] ExtensionService#_doActivateExtension vscode.emmet, startup: false, activationEvent: 'onLanguage'
2023-11-28 19:36:58.903 [info] ExtensionService#_doActivateExtension ms-python.python, startup: false, activationEvent: 'onLanguage:python'
2023-11-28 19:36:58.903 [info] ExtensionService#_doActivateExtension vscode.github-authentication, startup: false, activationEvent: 'onAuthenticationRequest:github'
2023-11-28 19:36:59.165 [warning] Using default string since no string found in i18n bundle that has the key: Keep Defaults
2023-11-28 19:36:59.165 [warning] Using default string since no string found in i18n bundle that has the key: Configure Options
2023-11-28 19:36:59.165 [warning] Using default string since no string found in i18n bundle that has the key: Finish
2023-11-28 19:36:59.172 [warning] Using default string since no string found in i18n bundle that has the key: Learn More
2023-11-28 19:36:59.172 [warning] Using default string since no string found in i18n bundle that has the key: Documentation on predefined container definitions
2023-11-28 19:37:02.495 [warning] Using default string since no string found in i18n bundle that has the key: You need to select a Python interpreter before you start debugging.

Tip: click on "Select Interpreter" in the status bar.
2023-11-28 19:37:02.495 [warning] Using default string since no string found in i18n bundle that has the key: The Python extension now includes Pylance to improve completions, code navigation, overall performance and much more! You can learn more about the update and learn how to change your language server [here](https://aka.ms/new-python-bundle).

Read Pylance's license [here](https://marketplace.visualstudio.com/items/ms-python.vscode-pylance/license).
2023-11-28 19:37:02.500 [warning] Using default string since no string found in i18n bundle that has the key: The Microsoft Python Language Server has reached end of life. Your language server has been set to the default for Python in VS Code, Pylance.

If you'd like to change your language server, you can learn about how to do so [here](https://devblogs.microsoft.com/python/python-in-visual-studio-code-may-2021-release/#configuring-your-language-server).

Read Pylance's license [here](https://marketplace.visualstudio.com/items/ms-python.vscode-pylance/license).
2023-11-28 19:37:02.949 [info] ExtensionService#_doActivateExtension ms-python.vscode-pylance, startup: false, activationEvent: 'onLanguage:python'
2023-11-28 19:37:04.395 [info] ExtensionService#_doActivateExtension vscode.git, startup: false, activationEvent: '*'
2023-11-28 19:37:04.396 [info] ExtensionService#_doActivateExtension vscode.github, startup: false, activationEvent: '*'
2023-11-28 19:37:07.081 [info] Eager extensions activated
2023-11-28 19:37:07.081 [info] ExtensionService#_doActivateExtension vscode.debug-auto-launch, startup: false, activationEvent: 'onStartupFinished'
2023-11-28 19:37:07.081 [info] ExtensionService#_doActivateExtension vscode.merge-conflict, startup: false, activationEvent: 'onStartupFinished'
2023-11-28 19:37:07.082 [info] ExtensionService#_doActivateExtension CS50.cs50, startup: false, activationEvent: 'onStartupFinished'
2023-11-28 19:37:07.082 [info] ExtensionService#_doActivateExtension CS50.ddb50, startup: false, activationEvent: 'onStartupFinished'
2023-11-28 19:37:07.082 [info] ExtensionService#_doActivateExtension CS50.explain50, startup: false, activationEvent: 'onStartupFinished'
2023-11-28 19:37:07.082 [info] ExtensionService#_doActivateExtension CS50.extension-uninstaller, startup: false, activationEvent: 'onStartupFinished'
2023-11-28 19:37:07.083 [info] ExtensionService#_doActivateExtension CS50.phpliteadmin, startup: false, activationEvent: 'onStartupFinished'
2023-11-28 19:37:07.083 [info] ExtensionService#_doActivateExtension CS50.style50, startup: false, activationEvent: 'onStartupFinished'
2023-11-28 19:37:07.083 [info] ExtensionService#_doActivateExtension GitHub.vscode-pull-request-github, startup: false, activationEvent: 'onStartupFinished'
2023-11-28 19:37:07.083 [info] ExtensionService#_doActivateExtension inferrinizzard.prettier-sql-vscode, startup: false, activationEvent: 'onStartupFinished'
2023-11-28 19:37:10.011 [info] ExtensionService#_doActivateExtension vscode.json-language-features, startup: false, activationEvent: 'onLanguage:jsonc'
2023-11-28 19:37:10.013 [info] ExtensionService#_doActivateExtension vscode.typescript-language-features, startup: false, activationEvent: 'onLanguage:jsonc'
2023-11-28 19:37:11.332 [error] No bundle location found for extension vscode.typescript-language-features
2023-11-28 19:37:11.387 [warning] Using default string since no string found in i18n bundle that has the key: Learn more about managing TypeScript versions
2023-11-28 19:37:13.376 [info] ExtensionService#_doActivateExtension ms-vsliveshare.vsliveshare, startup: false, activationEvent: 'api', root cause: GitHub.vscode-pull-request-github
