2023-11-28 19:37:08.932 [info] Уровень ведения журнала: Info
2023-11-28 19:37:08.932 [info] Проверка найденного Git в: "git"
2023-11-28 19:37:08.932 [info] Используется Git "2.34.1" из "git"
2023-11-28 19:37:08.932 [info] > git rev-parse --show-toplevel [104ms]
2023-11-28 19:37:08.932 [info] > git rev-parse --git-dir --git-common-dir [4ms]
2023-11-28 19:37:08.932 [info] Open repository: /workspaces/144946272
2023-11-28 19:37:08.938 [info] > git rev-parse --show-toplevel [32ms]
2023-11-28 19:37:08.940 [info] > git config --get commit.template [63ms]
2023-11-28 19:37:09.006 [info] > git for-each-ref --format=%(refname)%00%(upstream:short)%00%(objectname)%00%(upstream:track)%00%(upstream:remotename)%00%(upstream:remoteref) refs/heads/main refs/remotes/main [38ms]
2023-11-28 19:37:09.037 [info] > git rev-parse --show-toplevel [36ms]
2023-11-28 19:37:09.354 [info] > git status -z -uall [319ms]
2023-11-28 19:37:09.439 [info] > git rev-parse --show-toplevel [374ms]
2023-11-28 19:37:09.659 [info] > git config --get commit.template [140ms]
2023-11-28 19:37:09.659 [info] > git rev-parse --show-toplevel [177ms]
2023-11-28 19:37:10.052 [info] > git rev-parse --show-toplevel [349ms]
2023-11-28 19:37:10.098 [info] > git check-ignore -v -z --stdin [131ms]
2023-11-28 19:37:10.101 [info] > git for-each-ref --format=%(refname)%00%(upstream:short)%00%(objectname)%00%(upstream:track)%00%(upstream:remotename)%00%(upstream:remoteref) refs/heads/main refs/remotes/main [102ms]
2023-11-28 19:37:10.139 [info] > git rev-parse --show-toplevel [53ms]
2023-11-28 19:37:10.254 [info] > git status -z -uall [124ms]
2023-11-28 19:37:10.369 [info] > git rev-parse --show-toplevel [121ms]
2023-11-28 19:37:10.576 [info] > git rev-parse --show-toplevel [70ms]
2023-11-28 19:37:10.689 [info] > git rev-parse --show-toplevel [43ms]
2023-11-28 19:37:10.762 [info] > git rev-parse --show-toplevel [15ms]
2023-11-28 19:37:10.833 [info] > git rev-parse --show-toplevel [19ms]
2023-11-28 19:37:10.866 [info] > git rev-parse --show-toplevel [2ms]
2023-11-28 19:37:10.887 [info] > git rev-parse --show-toplevel [2ms]
2023-11-28 19:37:10.908 [info] > git rev-parse --show-toplevel [4ms]
2023-11-28 19:37:10.949 [info] > git rev-parse --show-toplevel [22ms]
2023-11-28 19:37:11.128 [info] > git show --textconv :calories/calories.py [145ms]
2023-11-28 19:37:11.148 [info] > git ls-files --stage -- /workspaces/144946272/calories/calories.py [142ms]
2023-11-28 19:37:11.197 [info] > git cat-file -s fc8766f17dd40878a74fed2181cea73b7c26572f [26ms]
2023-11-28 19:37:12.383 [info] > git fetch [3536ms]
2023-11-28 19:37:12.438 [info] > git config --get commit.template [4ms]
2023-11-28 19:37:12.465 [info] > git for-each-ref --format=%(refname)%00%(upstream:short)%00%(objectname)%00%(upstream:track)%00%(upstream:remotename)%00%(upstream:remoteref) refs/heads/main refs/remotes/main [6ms]
2023-11-28 19:37:12.488 [info] > git status -z -uall [4ms]
2023-11-28 19:37:15.066 [info] > git ls-files --stage -- /workspaces/144946272/calories/calories.py [27ms]
2023-11-28 19:37:15.188 [info] > git cat-file -s fc8766f17dd40878a74fed2181cea73b7c26572f [55ms]
2023-11-28 19:37:15.856 [info] > git config --local branch.main.github-pr-owner-number [589ms]
2023-11-28 19:37:16.276 [info] > git show --textconv :calories/calories.py [138ms]
2023-11-28 19:37:16.277 [info] > git config --get commit.template [337ms]
2023-11-28 19:37:16.418 [info] > git for-each-ref --format=%(refname)%00%(upstream:short)%00%(objectname)%00%(upstream:track)%00%(upstream:remotename)%00%(upstream:remoteref) refs/heads/main refs/remotes/main [7ms]
2023-11-28 19:37:16.678 [info] > git status -z -uall [176ms]
2023-11-28 19:42:13.863 [info] > git config --local branch.main.github-pr-owner-number [2ms]
2023-11-28 19:42:13.882 [info] > git config --get commit.template [2ms]
2023-11-28 19:42:13.901 [info] > git for-each-ref --format=%(refname)%00%(upstream:short)%00%(objectname)%00%(upstream:track)%00%(upstream:remotename)%00%(upstream:remoteref) refs/heads/main refs/remotes/main [2ms]
2023-11-28 19:42:13.924 [info] > git status -z -uall [2ms]
2023-11-28 19:47:13.954 [info] > git config --local branch.main.github-pr-owner-number [2ms]
2023-11-28 19:47:13.989 [info] > git config --get commit.template [18ms]
2023-11-28 19:47:13.990 [info] > git for-each-ref --format=%(refname)%00%(upstream:short)%00%(objectname)%00%(upstream:track)%00%(upstream:remotename)%00%(upstream:remoteref) refs/heads/main refs/remotes/main [2ms]
2023-11-28 19:47:14.010 [info] > git status -z -uall [3ms]
2023-11-28 19:52:14.049 [info] > git config --local branch.main.github-pr-owner-number [2ms]
2023-11-28 19:52:14.085 [info] > git config --get commit.template [19ms]
2023-11-28 19:52:14.087 [info] > git for-each-ref --format=%(refname)%00%(upstream:short)%00%(objectname)%00%(upstream:track)%00%(upstream:remotename)%00%(upstream:remoteref) refs/heads/main refs/remotes/main [2ms]
2023-11-28 19:52:14.112 [info] > git status -z -uall [4ms]
2023-11-28 19:57:14.133 [info] > git config --local branch.main.github-pr-owner-number [1ms]
2023-11-28 19:57:14.169 [info] > git config --get commit.template [19ms]
2023-11-28 19:57:14.171 [info] > git for-each-ref --format=%(refname)%00%(upstream:short)%00%(objectname)%00%(upstream:track)%00%(upstream:remotename)%00%(upstream:remoteref) refs/heads/main refs/remotes/main [2ms]
2023-11-28 19:57:14.191 [info] > git status -z -uall [2ms]
2023-11-28 20:01:47.080 [info] > git fetch [878ms]
2023-11-28 20:01:47.114 [info] > git config --get commit.template [16ms]
2023-11-28 20:01:47.116 [info] > git for-each-ref --format=%(refname)%00%(upstream:short)%00%(objectname)%00%(upstream:track)%00%(upstream:remotename)%00%(upstream:remoteref) refs/heads/main refs/remotes/main [2ms]
2023-11-28 20:01:47.135 [info] > git status -z -uall [3ms]
2023-11-28 20:02:14.229 [info] > git config --local branch.main.github-pr-owner-number [3ms]
2023-11-28 20:02:14.269 [info] > git config --get commit.template [19ms]
2023-11-28 20:02:14.270 [info] > git for-each-ref --format=%(refname)%00%(upstream:short)%00%(objectname)%00%(upstream:track)%00%(upstream:remotename)%00%(upstream:remoteref) refs/heads/main refs/remotes/main [2ms]
2023-11-28 20:02:14.291 [info] > git status -z -uall [3ms]
2023-11-28 20:07:14.327 [info] > git config --local branch.main.github-pr-owner-number [1ms]
2023-11-28 20:07:14.364 [info] > git config --get commit.template [19ms]
2023-11-28 20:07:14.366 [info] > git for-each-ref --format=%(refname)%00%(upstream:short)%00%(objectname)%00%(upstream:track)%00%(upstream:remotename)%00%(upstream:remoteref) refs/heads/main refs/remotes/main [3ms]
2023-11-28 20:07:14.386 [info] > git status -z -uall [4ms]
