2023-11-20 19:37:11.084 [info] Уровень ведения журнала: Info
2023-11-20 19:37:11.084 [info] Проверка найденного Git в: "git"
2023-11-20 19:37:11.084 [info] Используется Git "2.34.1" из "git"
2023-11-20 19:37:11.084 [info] > git rev-parse --show-toplevel [463ms]
2023-11-20 19:37:11.084 [info] > git rev-parse --git-dir --git-common-dir [72ms]
2023-11-20 19:37:11.084 [info] Open repository: /workspaces/144946272
2023-11-20 19:37:11.084 [info] > git config --get commit.template [113ms]
2023-11-20 19:37:11.225 [info] > git rev-parse --show-toplevel [150ms]
2023-11-20 19:37:11.249 [info] > git for-each-ref --format=%(refname)%00%(upstream:short)%00%(objectname)%00%(upstream:track)%00%(upstream:remotename)%00%(upstream:remoteref) refs/heads/main refs/remotes/main [35ms]
2023-11-20 19:37:11.274 [info] > git rev-parse --show-toplevel [28ms]
2023-11-20 19:37:11.299 [info] > git status -z -uall [28ms]
2023-11-20 19:37:11.338 [info] > git rev-parse --show-toplevel [45ms]
2023-11-20 19:37:11.342 [info] > git config --get commit.template [17ms]
2023-11-20 19:37:11.390 [info] > git for-each-ref --format=%(refname)%00%(upstream:short)%00%(objectname)%00%(upstream:track)%00%(upstream:remotename)%00%(upstream:remoteref) refs/heads/main refs/remotes/main [8ms]
2023-11-20 19:37:11.409 [info] > git rev-parse --show-toplevel [47ms]
2023-11-20 19:37:11.431 [info] > git status -z -uall [22ms]
2023-11-20 19:37:11.434 [info] > git rev-parse --show-toplevel [4ms]
2023-11-20 19:37:11.517 [info] > git rev-parse --show-toplevel [63ms]
2023-11-20 19:37:11.588 [info] > git rev-parse --show-toplevel [51ms]
2023-11-20 19:37:11.613 [info] > git rev-parse --show-toplevel [5ms]
2023-11-20 19:37:11.635 [info] > git rev-parse --show-toplevel [4ms]
2023-11-20 19:37:11.654 [info] > git rev-parse --show-toplevel [1ms]
2023-11-20 19:37:11.673 [info] > git rev-parse --show-toplevel [1ms]
2023-11-20 19:37:11.695 [info] > git rev-parse --show-toplevel [2ms]
2023-11-20 19:37:11.866 [info] > git fetch [926ms]
2023-11-20 19:37:11.910 [info] > git config --get commit.template [19ms]
2023-11-20 19:37:11.912 [info] > git check-ignore -v -z --stdin [2ms]
2023-11-20 19:37:11.933 [info] > git for-each-ref --format=%(refname)%00%(upstream:short)%00%(objectname)%00%(upstream:track)%00%(upstream:remotename)%00%(upstream:remoteref) refs/heads/main refs/remotes/main [2ms]
2023-11-20 19:37:11.953 [info] > git status -z -uall [3ms]
2023-11-20 19:37:12.125 [info] > git show --textconv :extensions/extensions.py [46ms]
2023-11-20 19:37:12.126 [info] > git ls-files --stage -- /workspaces/144946272/extensions/extensions.py [26ms]
2023-11-20 19:37:12.182 [info] > git cat-file -s a52bf363e152fbe045964d2f24a6871fb996abcb [34ms]
2023-11-20 19:37:13.335 [info] > git config --get commit.template [78ms]
2023-11-20 19:37:13.490 [info] > git for-each-ref --format=%(refname)%00%(upstream:short)%00%(objectname)%00%(upstream:track)%00%(upstream:remotename)%00%(upstream:remoteref) refs/heads/main refs/remotes/main [157ms]
2023-11-20 19:37:13.730 [info] > git status -z -uall [187ms]
2023-11-20 19:37:13.945 [info] > git ls-files --stage -- /workspaces/144946272/extensions/extensions.py [247ms]
2023-11-20 19:37:14.008 [info] > git cat-file -s a52bf363e152fbe045964d2f24a6871fb996abcb [30ms]
2023-11-20 19:37:14.549 [info] > git show --textconv :extensions/extensions.py [32ms]
2023-11-20 19:37:17.609 [info] > git config --local branch.main.github-pr-owner-number [197ms]
2023-11-20 19:37:17.707 [info] > git config --get commit.template [65ms]
2023-11-20 19:37:17.769 [info] > git for-each-ref --format=%(refname)%00%(upstream:short)%00%(objectname)%00%(upstream:track)%00%(upstream:remotename)%00%(upstream:remoteref) refs/heads/main refs/remotes/main [80ms]
2023-11-20 19:37:17.925 [info] > git status -z -uall [124ms]
