2023-11-28 20:12:46.290 [warning] /home/ubuntu/.ssh/config: ENOENT: no such file or directory, open '/home/ubuntu/.ssh/config'
2023-11-28 20:12:46.290 [info] Activation> Extension version: 0.76.1
2023-11-28 20:12:49.694 [info] Looking for git repository
2023-11-28 20:12:49.694 [info] Found 0 repositories during activation
2023-11-28 20:12:49.694 [info] Git repository found, initializing review manager and pr tree view.
2023-11-28 20:12:49.698 [info] Registering git provider
2023-11-28 20:12:49.698 [info] Review> Validate state in progress
2023-11-28 20:12:49.698 [info] Review> Validating state...
2023-11-28 20:12:50.089 [info] Found GitHub remote for folder /workspaces/144946272
2023-11-28 20:12:50.732 [info] Trying to use globalState for assignableUsers.
2023-11-28 20:12:52.270 [info] Repo state for file:///workspaces/144946272 changed.
2023-11-28 20:12:52.270 [info] Repo file:///workspaces/144946272 has already been setup.
2023-11-28 20:12:52.272 [info] Review> No matching pull request metadata found locally for current branch main
2023-11-28 20:12:52.553 [info] Using globalState assignableUsers for 1.
2023-11-28 20:12:52.853 [info] Review> No matching pull request metadata found on GitHub for current branch main
2023-11-28 20:14:28.706 [info] Review> Validate state in progress
2023-11-28 20:14:28.706 [info] Review> Validating state...
2023-11-28 20:14:29.137 [info] Found GitHub remote for folder /workspaces/144946272
2023-11-28 20:14:29.138 [info] Using in-memory cached assignable users.
2023-11-28 20:14:29.375 [info] Review> No matching pull request metadata found locally for current branch main
2023-11-28 20:14:29.855 [info] Review> No matching pull request metadata found on GitHub for current branch main
2023-11-28 20:14:30.644 [info] Review> Queuing additional validate state
2023-11-28 20:14:30.997 [info] Review> Validating state...
2023-11-28 20:14:31.255 [info] Found GitHub remote for folder /workspaces/144946272
2023-11-28 20:14:31.256 [info] Using in-memory cached assignable users.
2023-11-28 20:14:31.442 [info] Review> No matching pull request metadata found locally for current branch main
2023-11-28 20:14:31.946 [info] Review> No matching pull request metadata found on GitHub for current branch main
2023-11-28 20:18:19.956 [info] Review> Validate state in progress
2023-11-28 20:18:19.956 [info] Review> Validating state...
2023-11-28 20:18:20.346 [info] Found GitHub remote for folder /workspaces/144946272
2023-11-28 20:18:20.347 [info] Using in-memory cached assignable users.
2023-11-28 20:18:20.508 [info] Review> No matching pull request metadata found locally for current branch main
2023-11-28 20:18:21.061 [info] Review> No matching pull request metadata found on GitHub for current branch main
2023-11-28 20:18:21.796 [info] Review> Queuing additional validate state
2023-11-28 20:18:22.278 [info] Review> Validating state...
2023-11-28 20:18:22.529 [info] Found GitHub remote for folder /workspaces/144946272
2023-11-28 20:18:22.530 [info] Using in-memory cached assignable users.
2023-11-28 20:18:22.743 [info] Review> No matching pull request metadata found locally for current branch main
2023-11-28 20:18:23.226 [info] Review> No matching pull request metadata found on GitHub for current branch main
2023-11-28 20:22:04.802 [info] Review> Validate state in progress
2023-11-28 20:22:04.802 [info] Review> Validating state...
2023-11-28 20:22:05.193 [info] Found GitHub remote for folder /workspaces/144946272
2023-11-28 20:22:05.193 [info] Using in-memory cached assignable users.
2023-11-28 20:22:05.349 [info] Review> No matching pull request metadata found locally for current branch main
2023-11-28 20:22:05.819 [info] Review> No matching pull request metadata found on GitHub for current branch main
2023-11-28 20:22:06.558 [info] Review> Queuing additional validate state
2023-11-28 20:22:07.025 [info] Review> Validating state...
2023-11-28 20:22:07.280 [info] Found GitHub remote for folder /workspaces/144946272
2023-11-28 20:22:07.281 [info] Using in-memory cached assignable users.
2023-11-28 20:22:07.474 [info] Review> No matching pull request metadata found locally for current branch main
2023-11-28 20:22:07.887 [info] Review> No matching pull request metadata found on GitHub for current branch main
2023-11-28 20:24:27.596 [info] Review> Validate state in progress
2023-11-28 20:24:27.596 [info] Review> Validating state...
2023-11-28 20:24:28.073 [info] Found GitHub remote for folder /workspaces/144946272
2023-11-28 20:24:28.074 [info] Using in-memory cached assignable users.
2023-11-28 20:24:28.283 [info] Review> No matching pull request metadata found locally for current branch main
2023-11-28 20:24:28.674 [info] Review> No matching pull request metadata found on GitHub for current branch main
2023-11-28 20:24:29.449 [info] Review> Queuing additional validate state
2023-11-28 20:24:29.769 [info] Review> Validating state...
2023-11-28 20:24:30.019 [info] Found GitHub remote for folder /workspaces/144946272
2023-11-28 20:24:30.021 [info] Using in-memory cached assignable users.
2023-11-28 20:24:30.239 [info] Review> No matching pull request metadata found locally for current branch main
2023-11-28 20:24:30.651 [info] Review> No matching pull request metadata found on GitHub for current branch main
