2023-11-28 20:12:44.353 [info] Уровень ведения журнала: Info
2023-11-28 20:12:44.353 [info] Проверка найденного Git в: "git"
2023-11-28 20:12:44.353 [info] Используется Git "2.34.1" из "git"
2023-11-28 20:12:44.353 [info] > git rev-parse --show-toplevel [45ms]
2023-11-28 20:12:44.353 [info] > git rev-parse --git-dir --git-common-dir [2ms]
2023-11-28 20:12:44.353 [info] Open repository: /workspaces/144946272
2023-11-28 20:12:44.355 [info] > git config --get commit.template [22ms]
2023-11-28 20:12:44.355 [info] > git rev-parse --show-toplevel [3ms]
2023-11-28 20:12:44.397 [info] > git rev-parse --show-toplevel [2ms]
2023-11-28 20:12:44.413 [info] > git for-each-ref --format=%(refname)%00%(upstream:short)%00%(objectname)%00%(upstream:track)%00%(upstream:remotename)%00%(upstream:remoteref) refs/heads/main refs/remotes/main [39ms]
2023-11-28 20:12:44.433 [info] > git rev-parse --show-toplevel [20ms]
2023-11-28 20:12:44.451 [info] > git status -z -uall [19ms]
2023-11-28 20:12:44.475 [info] > git rev-parse --show-toplevel [25ms]
2023-11-28 20:12:44.495 [info] > git rev-parse --show-toplevel [5ms]
2023-11-28 20:12:44.496 [info] > git config --get commit.template [20ms]
2023-11-28 20:12:44.526 [info] > git for-each-ref --format=%(refname)%00%(upstream:short)%00%(objectname)%00%(upstream:track)%00%(upstream:remotename)%00%(upstream:remoteref) refs/heads/main refs/remotes/main [16ms]
2023-11-28 20:12:44.543 [info] > git rev-parse --show-toplevel [17ms]
2023-11-28 20:12:44.560 [info] > git status -z -uall [18ms]
2023-11-28 20:12:44.563 [info] > git rev-parse --show-toplevel [4ms]
2023-11-28 20:12:44.697 [info] > git rev-parse --show-toplevel [116ms]
2023-11-28 20:12:44.847 [info] > git rev-parse --show-toplevel [91ms]
2023-11-28 20:12:45.355 [info] > git rev-parse --show-toplevel [490ms]
2023-11-28 20:12:45.617 [info] > git check-ignore -v -z --stdin [224ms]
2023-11-28 20:12:45.618 [info] > git rev-parse --show-toplevel [196ms]
2023-11-28 20:12:45.640 [info] > git rev-parse --show-toplevel [2ms]
2023-11-28 20:12:45.683 [info] > git rev-parse --show-toplevel [25ms]
2023-11-28 20:12:45.710 [info] > git rev-parse --show-toplevel [5ms]
2023-11-28 20:12:45.744 [info] > git rev-parse --show-toplevel [8ms]
2023-11-28 20:12:45.890 [info] > git show --textconv :calories/calories.py [55ms]
2023-11-28 20:12:45.891 [info] > git ls-files --stage -- /workspaces/144946272/calories/calories.py [34ms]
2023-11-28 20:12:45.914 [info] > git cat-file -s fc8766f17dd40878a74fed2181cea73b7c26572f [3ms]
2023-11-28 20:12:46.263 [info] > git ls-files --stage -- /workspaces/144946272/calories/calories.py [21ms]
2023-11-28 20:12:46.289 [info] > git cat-file -s fc8766f17dd40878a74fed2181cea73b7c26572f [8ms]
2023-11-28 20:12:47.996 [info] > git fetch [3683ms]
2023-11-28 20:12:48.051 [info] > git config --get commit.template [4ms]
2023-11-28 20:12:48.122 [info] > git for-each-ref --format=%(refname)%00%(upstream:short)%00%(objectname)%00%(upstream:track)%00%(upstream:remotename)%00%(upstream:remoteref) refs/heads/main refs/remotes/main [10ms]
2023-11-28 20:12:48.156 [info] > git status -z -uall [7ms]
2023-11-28 20:12:49.899 [info] > git ls-files --stage -- /workspaces/144946272/calories/calories.py [134ms]
2023-11-28 20:12:49.956 [info] > git cat-file -s fc8766f17dd40878a74fed2181cea73b7c26572f [7ms]
2023-11-28 20:12:50.323 [info] > git show --textconv :calories/calories.py [9ms]
2023-11-28 20:12:51.678 [info] > git config --local branch.main.github-pr-owner-number [815ms]
2023-11-28 20:12:51.978 [info] > git config --get commit.template [236ms]
2023-11-28 20:12:52.172 [info] > git for-each-ref --format=%(refname)%00%(upstream:short)%00%(objectname)%00%(upstream:track)%00%(upstream:remotename)%00%(upstream:remoteref) refs/heads/main refs/remotes/main [4ms]
2023-11-28 20:12:52.265 [info] > git status -z -uall [73ms]
2023-11-28 20:13:23.059 [info] > git config --get commit.template [19ms]
2023-11-28 20:13:23.060 [info] > git for-each-ref --format=%(refname)%00%(upstream:short)%00%(objectname)%00%(upstream:track)%00%(upstream:remotename)%00%(upstream:remoteref) refs/heads/main refs/remotes/main [3ms]
2023-11-28 20:13:23.079 [info] > git status -z -uall [3ms]
2023-11-28 20:13:24.276 [info] > git check-ignore -v -z --stdin [2ms]
2023-11-28 20:13:58.473 [info] > git config --get commit.template [4ms]
2023-11-28 20:13:58.492 [info] > git for-each-ref --format=%(refname)%00%(upstream:short)%00%(objectname)%00%(upstream:track)%00%(upstream:remotename)%00%(upstream:remoteref) refs/heads/main refs/remotes/main [3ms]
2023-11-28 20:13:58.510 [info] > git status -z -uall [3ms]
2023-11-28 20:13:58.616 [info] > git check-ignore -v -z --stdin [3ms]
2023-11-28 20:13:58.859 [info] > git show --textconv :fuel/fuel.py [19ms]
2023-11-28 20:13:58.861 [info] > git ls-files --stage -- /workspaces/144946272/fuel/fuel.py [3ms]
2023-11-28 20:14:28.536 [info] > git add -A -- /workspaces/144946272/fuel/fuel.py [4ms]
2023-11-28 20:14:28.569 [info] > git config --get commit.template [16ms]
2023-11-28 20:14:28.570 [info] > git for-each-ref --format=%(refname)%00%(upstream:short)%00%(objectname)%00%(upstream:track)%00%(upstream:remotename)%00%(upstream:remoteref) refs/heads/main refs/remotes/main [2ms]
2023-11-28 20:14:28.589 [info] > git status -z -uall [4ms]
2023-11-28 20:14:28.625 [info] > git -c user.useConfigOnly=true commit --quiet --allow-empty-message --file - --allow-empty-message [7ms]
2023-11-28 20:14:28.645 [info] > git config --get commit.template [1ms]
2023-11-28 20:14:28.679 [info] > git config --get commit.template [17ms]
2023-11-28 20:14:28.681 [info] > git for-each-ref --format=%(refname)%00%(upstream:short)%00%(objectname)%00%(upstream:track)%00%(upstream:remotename)%00%(upstream:remoteref) refs/heads/main refs/remotes/main [3ms]
2023-11-28 20:14:28.700 [info] > git status -z -uall [2ms]
2023-11-28 20:14:28.859 [info] > git config --get commit.template [19ms]
2023-11-28 20:14:28.870 [info] > git for-each-ref --format=%(refname)%00%(upstream:short)%00%(objectname)%00%(upstream:track)%00%(upstream:remotename)%00%(upstream:remoteref) refs/heads/main refs/remotes/main [12ms]
2023-11-28 20:14:28.890 [info] > git status -z -uall [3ms]
2023-11-28 20:14:29.178 [info] > git config --local branch.main.github-pr-owner-number [10ms]
2023-11-28 20:14:29.216 [info] > git config --get commit.template [18ms]
2023-11-28 20:14:29.257 [info] > git for-each-ref --format=%(refname)%00%(upstream:short)%00%(objectname)%00%(upstream:track)%00%(upstream:remotename)%00%(upstream:remoteref) refs/heads/main refs/remotes/main [23ms]
2023-11-28 20:14:29.281 [info] > git config --get commit.template [66ms]
2023-11-28 20:14:29.286 [info] > git for-each-ref --format=%(refname)%00%(upstream:short)%00%(objectname)%00%(upstream:track)%00%(upstream:remotename)%00%(upstream:remoteref) refs/heads/main refs/remotes/main [35ms]
2023-11-28 20:14:29.371 [info] > git status -z -uall [63ms]
2023-11-28 20:14:30.402 [info] > git ls-files --stage -- /workspaces/144946272/fuel/fuel.py [2ms]
2023-11-28 20:14:30.438 [info] > git cat-file -s 202fcb5c11fa5cdd155006a7ad2b071efb1a3628 [3ms]
2023-11-28 20:14:30.587 [info] > git push --force origin main [1306ms]
2023-11-28 20:14:30.587 [info] To https://github.com/code50/144946272
   1b707f4..6ce84e8  main -> main
2023-11-28 20:14:30.620 [info] > git config --get commit.template [16ms]
2023-11-28 20:14:30.621 [info] > git for-each-ref --format=%(refname)%00%(upstream:short)%00%(objectname)%00%(upstream:track)%00%(upstream:remotename)%00%(upstream:remoteref) refs/heads/main refs/remotes/main [2ms]
2023-11-28 20:14:30.641 [info] > git status -z -uall [3ms]
2023-11-28 20:14:30.723 [info] > git show --textconv :fuel/fuel.py [3ms]
2023-11-28 20:14:31.376 [info] > git config --local branch.main.github-pr-owner-number [99ms]
2023-11-28 20:14:31.401 [info] > git config --get commit.template [8ms]
2023-11-28 20:14:31.421 [info] > git for-each-ref --format=%(refname)%00%(upstream:short)%00%(objectname)%00%(upstream:track)%00%(upstream:remotename)%00%(upstream:remoteref) refs/heads/main refs/remotes/main [4ms]
2023-11-28 20:14:31.440 [info] > git status -z -uall [3ms]
2023-11-28 20:14:32.414 [info] > git ls-files --stage -- /workspaces/144946272/fuel/fuel.py [1ms]
2023-11-28 20:14:32.432 [info] > git cat-file -s 202fcb5c11fa5cdd155006a7ad2b071efb1a3628 [2ms]
2023-11-28 20:14:32.719 [info] > git show --textconv :fuel/fuel.py [6ms]
2023-11-28 20:14:33.934 [info] > git config --get commit.template [18ms]
2023-11-28 20:14:33.935 [info] > git for-each-ref --format=%(refname)%00%(upstream:short)%00%(objectname)%00%(upstream:track)%00%(upstream:remotename)%00%(upstream:remoteref) refs/heads/main refs/remotes/main [2ms]
2023-11-28 20:14:33.955 [info] > git status -z -uall [3ms]
2023-11-28 20:16:06.149 [info] > git fetch [944ms]
2023-11-28 20:16:06.183 [info] > git config --get commit.template [16ms]
2023-11-28 20:16:06.185 [info] > git for-each-ref --format=%(refname)%00%(upstream:short)%00%(objectname)%00%(upstream:track)%00%(upstream:remotename)%00%(upstream:remoteref) refs/heads/main refs/remotes/main [2ms]
2023-11-28 20:16:06.204 [info] > git status -z -uall [2ms]
2023-11-28 20:16:07.600 [info] > git config --get commit.template [17ms]
2023-11-28 20:16:07.601 [info] > git for-each-ref --format=%(refname)%00%(upstream:short)%00%(objectname)%00%(upstream:track)%00%(upstream:remotename)%00%(upstream:remoteref) refs/heads/main refs/remotes/main [2ms]
2023-11-28 20:16:07.620 [info] > git status -z -uall [3ms]
2023-11-28 20:16:07.947 [info] > git ls-files --stage -- /workspaces/144946272/fuel/fuel.py [2ms]
2023-11-28 20:16:07.964 [info] > git cat-file -s 202fcb5c11fa5cdd155006a7ad2b071efb1a3628 [2ms]
2023-11-28 20:16:08.244 [info] > git show --textconv :fuel/fuel.py [2ms]
2023-11-28 20:16:32.176 [info] > git config --get commit.template [39ms]
2023-11-28 20:16:32.182 [info] > git for-each-ref --format=%(refname)%00%(upstream:short)%00%(objectname)%00%(upstream:track)%00%(upstream:remotename)%00%(upstream:remoteref) refs/heads/main refs/remotes/main [6ms]
2023-11-28 20:16:32.219 [info] > git status -z -uall [4ms]
2023-11-28 20:16:37.258 [info] > git config --get commit.template [18ms]
2023-11-28 20:16:37.259 [info] > git for-each-ref --format=%(refname)%00%(upstream:short)%00%(objectname)%00%(upstream:track)%00%(upstream:remotename)%00%(upstream:remoteref) refs/heads/main refs/remotes/main [2ms]
2023-11-28 20:16:37.286 [info] > git status -z -uall [5ms]
2023-11-28 20:16:42.327 [info] > git config --get commit.template [18ms]
2023-11-28 20:16:42.328 [info] > git for-each-ref --format=%(refname)%00%(upstream:short)%00%(objectname)%00%(upstream:track)%00%(upstream:remotename)%00%(upstream:remoteref) refs/heads/main refs/remotes/main [3ms]
2023-11-28 20:16:42.347 [info] > git status -z -uall [3ms]
2023-11-28 20:16:53.000 [info] > git config --get commit.template [18ms]
2023-11-28 20:16:53.000 [info] > git for-each-ref --format=%(refname)%00%(upstream:short)%00%(objectname)%00%(upstream:track)%00%(upstream:remotename)%00%(upstream:remoteref) refs/heads/main refs/remotes/main [2ms]
2023-11-28 20:16:53.020 [info] > git status -z -uall [2ms]
2023-11-28 20:16:58.060 [info] > git config --get commit.template [18ms]
2023-11-28 20:16:58.061 [info] > git for-each-ref --format=%(refname)%00%(upstream:short)%00%(objectname)%00%(upstream:track)%00%(upstream:remotename)%00%(upstream:remoteref) refs/heads/main refs/remotes/main [2ms]
2023-11-28 20:16:58.084 [info] > git status -z -uall [4ms]
2023-11-28 20:17:05.026 [info] > git config --get commit.template [17ms]
2023-11-28 20:17:05.028 [info] > git for-each-ref --format=%(refname)%00%(upstream:short)%00%(objectname)%00%(upstream:track)%00%(upstream:remotename)%00%(upstream:remoteref) refs/heads/main refs/remotes/main [2ms]
2023-11-28 20:17:05.046 [info] > git status -z -uall [3ms]
2023-11-28 20:17:10.084 [info] > git config --get commit.template [17ms]
2023-11-28 20:17:10.085 [info] > git for-each-ref --format=%(refname)%00%(upstream:short)%00%(objectname)%00%(upstream:track)%00%(upstream:remotename)%00%(upstream:remoteref) refs/heads/main refs/remotes/main [2ms]
2023-11-28 20:17:10.103 [info] > git status -z -uall [2ms]
2023-11-28 20:17:16.927 [info] > git config --get commit.template [18ms]
2023-11-28 20:17:16.929 [info] > git for-each-ref --format=%(refname)%00%(upstream:short)%00%(objectname)%00%(upstream:track)%00%(upstream:remotename)%00%(upstream:remoteref) refs/heads/main refs/remotes/main [3ms]
2023-11-28 20:17:16.948 [info] > git status -z -uall [2ms]
2023-11-28 20:17:22.010 [info] > git config --get commit.template [31ms]
2023-11-28 20:17:22.012 [info] > git for-each-ref --format=%(refname)%00%(upstream:short)%00%(objectname)%00%(upstream:track)%00%(upstream:remotename)%00%(upstream:remoteref) refs/heads/main refs/remotes/main [2ms]
2023-11-28 20:17:22.031 [info] > git status -z -uall [3ms]
2023-11-28 20:17:27.056 [info] > git config --get commit.template [2ms]
2023-11-28 20:17:27.073 [info] > git for-each-ref --format=%(refname)%00%(upstream:short)%00%(objectname)%00%(upstream:track)%00%(upstream:remotename)%00%(upstream:remoteref) refs/heads/main refs/remotes/main [2ms]
2023-11-28 20:17:27.094 [info] > git status -z -uall [2ms]
2023-11-28 20:17:49.718 [info] > git config --local branch.main.github-pr-owner-number [1ms]
2023-11-28 20:17:49.752 [info] > git config --get commit.template [17ms]
2023-11-28 20:17:49.755 [info] > git for-each-ref --format=%(refname)%00%(upstream:short)%00%(objectname)%00%(upstream:track)%00%(upstream:remotename)%00%(upstream:remoteref) refs/heads/main refs/remotes/main [4ms]
2023-11-28 20:17:49.774 [info] > git status -z -uall [4ms]
2023-11-28 20:18:19.797 [info] > git add -A -- /workspaces/144946272/fuel/fuel.py [3ms]
2023-11-28 20:18:19.830 [info] > git config --get commit.template [17ms]
2023-11-28 20:18:19.832 [info] > git for-each-ref --format=%(refname)%00%(upstream:short)%00%(objectname)%00%(upstream:track)%00%(upstream:remotename)%00%(upstream:remoteref) refs/heads/main refs/remotes/main [2ms]
2023-11-28 20:18:19.850 [info] > git status -z -uall [3ms]
2023-11-28 20:18:19.879 [info] > git -c user.useConfigOnly=true commit --quiet --allow-empty-message --file - --allow-empty-message [7ms]
2023-11-28 20:18:19.896 [info] > git config --get commit.template [1ms]
2023-11-28 20:18:19.931 [info] > git config --get commit.template [17ms]
2023-11-28 20:18:19.933 [info] > git for-each-ref --format=%(refname)%00%(upstream:short)%00%(objectname)%00%(upstream:track)%00%(upstream:remotename)%00%(upstream:remoteref) refs/heads/main refs/remotes/main [3ms]
2023-11-28 20:18:19.952 [info] > git status -z -uall [3ms]
2023-11-28 20:18:20.389 [info] > git config --local branch.main.github-pr-owner-number [23ms]
2023-11-28 20:18:20.406 [info] > git config --get commit.template [20ms]
2023-11-28 20:18:20.426 [info] > git config --get commit.template [20ms]
2023-11-28 20:18:20.446 [info] > git for-each-ref --format=%(refname)%00%(upstream:short)%00%(objectname)%00%(upstream:track)%00%(upstream:remotename)%00%(upstream:remoteref) refs/heads/main refs/remotes/main [21ms]
2023-11-28 20:18:20.471 [info] > git for-each-ref --format=%(refname)%00%(upstream:short)%00%(objectname)%00%(upstream:track)%00%(upstream:remotename)%00%(upstream:remoteref) refs/heads/main refs/remotes/main [28ms]
2023-11-28 20:18:20.506 [info] > git status -z -uall [11ms]
2023-11-28 20:18:21.705 [info] > git ls-files --stage -- /workspaces/144946272/fuel/fuel.py [2ms]
2023-11-28 20:18:21.725 [info] > git cat-file -s 3a00a7dae6de3cb763a33140d45cd8273c0aaadd [2ms]
2023-11-28 20:18:21.737 [info] > git push --force origin main [1269ms]
2023-11-28 20:18:21.737 [info] To https://github.com/code50/144946272
   6ce84e8..2b7e8b2  main -> main
2023-11-28 20:18:21.770 [info] > git config --get commit.template [16ms]
2023-11-28 20:18:21.772 [info] > git for-each-ref --format=%(refname)%00%(upstream:short)%00%(objectname)%00%(upstream:track)%00%(upstream:remotename)%00%(upstream:remoteref) refs/heads/main refs/remotes/main [2ms]
2023-11-28 20:18:21.791 [info] > git status -z -uall [4ms]
2023-11-28 20:18:22.003 [info] > git show --textconv :fuel/fuel.py [3ms]
2023-11-28 20:18:22.666 [info] > git config --local branch.main.github-pr-owner-number [108ms]
2023-11-28 20:18:22.715 [info] > git config --get commit.template [29ms]
2023-11-28 20:18:22.722 [info] > git for-each-ref --format=%(refname)%00%(upstream:short)%00%(objectname)%00%(upstream:track)%00%(upstream:remotename)%00%(upstream:remoteref) refs/heads/main refs/remotes/main [11ms]
2023-11-28 20:18:22.742 [info] > git status -z -uall [3ms]
2023-11-28 20:18:23.225 [info] > git config --get commit.template [44ms]
2023-11-28 20:18:23.227 [info] > git for-each-ref --format=%(refname)%00%(upstream:short)%00%(objectname)%00%(upstream:track)%00%(upstream:remotename)%00%(upstream:remoteref) refs/heads/main refs/remotes/main [4ms]
2023-11-28 20:18:23.247 [info] > git status -z -uall [4ms]
2023-11-28 20:18:23.566 [info] > git ls-files --stage -- /workspaces/144946272/fuel/fuel.py [2ms]
2023-11-28 20:18:23.586 [info] > git cat-file -s 3a00a7dae6de3cb763a33140d45cd8273c0aaadd [1ms]
2023-11-28 20:18:23.894 [info] > git show --textconv :fuel/fuel.py [3ms]
2023-11-28 20:18:48.599 [info] > git config --get commit.template [18ms]
2023-11-28 20:18:48.601 [info] > git for-each-ref --format=%(refname)%00%(upstream:short)%00%(objectname)%00%(upstream:track)%00%(upstream:remotename)%00%(upstream:remoteref) refs/heads/main refs/remotes/main [2ms]
2023-11-28 20:18:48.621 [info] > git status -z -uall [3ms]
2023-11-28 20:18:53.644 [info] > git config --get commit.template [3ms]
2023-11-28 20:18:53.662 [info] > git for-each-ref --format=%(refname)%00%(upstream:short)%00%(objectname)%00%(upstream:track)%00%(upstream:remotename)%00%(upstream:remoteref) refs/heads/main refs/remotes/main [2ms]
2023-11-28 20:18:53.681 [info] > git status -z -uall [2ms]
2023-11-28 20:19:07.088 [info] > git fetch [860ms]
2023-11-28 20:19:07.109 [info] > git config --get commit.template [3ms]
2023-11-28 20:19:07.128 [info] > git for-each-ref --format=%(refname)%00%(upstream:short)%00%(objectname)%00%(upstream:track)%00%(upstream:remotename)%00%(upstream:remoteref) refs/heads/main refs/remotes/main [2ms]
2023-11-28 20:19:07.148 [info] > git status -z -uall [3ms]
2023-11-28 20:19:08.489 [info] > git config --get commit.template [19ms]
2023-11-28 20:19:08.490 [info] > git for-each-ref --format=%(refname)%00%(upstream:short)%00%(objectname)%00%(upstream:track)%00%(upstream:remotename)%00%(upstream:remoteref) refs/heads/main refs/remotes/main [4ms]
2023-11-28 20:19:08.508 [info] > git status -z -uall [3ms]
2023-11-28 20:19:08.887 [info] > git ls-files --stage -- /workspaces/144946272/fuel/fuel.py [2ms]
2023-11-28 20:19:08.905 [info] > git cat-file -s 3a00a7dae6de3cb763a33140d45cd8273c0aaadd [2ms]
2023-11-28 20:19:09.186 [info] > git show --textconv :fuel/fuel.py [3ms]
2023-11-28 20:19:36.124 [info] > git config --get commit.template [3ms]
2023-11-28 20:19:36.142 [info] > git for-each-ref --format=%(refname)%00%(upstream:short)%00%(objectname)%00%(upstream:track)%00%(upstream:remotename)%00%(upstream:remoteref) refs/heads/main refs/remotes/main [2ms]
2023-11-28 20:19:36.161 [info] > git status -z -uall [2ms]
2023-11-28 20:19:53.261 [info] > git config --get commit.template [18ms]
2023-11-28 20:19:53.262 [info] > git for-each-ref --format=%(refname)%00%(upstream:short)%00%(objectname)%00%(upstream:track)%00%(upstream:remotename)%00%(upstream:remoteref) refs/heads/main refs/remotes/main [2ms]
2023-11-28 20:19:53.282 [info] > git status -z -uall [3ms]
2023-11-28 20:19:58.325 [info] > git config --get commit.template [17ms]
2023-11-28 20:19:58.325 [info] > git for-each-ref --format=%(refname)%00%(upstream:short)%00%(objectname)%00%(upstream:track)%00%(upstream:remotename)%00%(upstream:remoteref) refs/heads/main refs/remotes/main [2ms]
2023-11-28 20:19:58.344 [info] > git status -z -uall [2ms]
2023-11-28 20:20:03.404 [info] > git config --get commit.template [21ms]
2023-11-28 20:20:03.407 [info] > git for-each-ref --format=%(refname)%00%(upstream:short)%00%(objectname)%00%(upstream:track)%00%(upstream:remotename)%00%(upstream:remoteref) refs/heads/main refs/remotes/main [3ms]
2023-11-28 20:20:03.432 [info] > git status -z -uall [6ms]
2023-11-28 20:20:08.455 [info] > git config --get commit.template [2ms]
2023-11-28 20:20:08.474 [info] > git for-each-ref --format=%(refname)%00%(upstream:short)%00%(objectname)%00%(upstream:track)%00%(upstream:remotename)%00%(upstream:remoteref) refs/heads/main refs/remotes/main [3ms]
2023-11-28 20:20:08.493 [info] > git status -z -uall [2ms]
2023-11-28 20:20:13.545 [info] > git config --get commit.template [26ms]
2023-11-28 20:20:13.548 [info] > git for-each-ref --format=%(refname)%00%(upstream:short)%00%(objectname)%00%(upstream:track)%00%(upstream:remotename)%00%(upstream:remoteref) refs/heads/main refs/remotes/main [4ms]
2023-11-28 20:20:13.571 [info] > git status -z -uall [3ms]
2023-11-28 20:20:18.608 [info] > git config --get commit.template [17ms]
2023-11-28 20:20:18.609 [info] > git for-each-ref --format=%(refname)%00%(upstream:short)%00%(objectname)%00%(upstream:track)%00%(upstream:remotename)%00%(upstream:remoteref) refs/heads/main refs/remotes/main [2ms]
2023-11-28 20:20:18.628 [info] > git status -z -uall [3ms]
2023-11-28 20:20:41.543 [info] > git config --get commit.template [17ms]
2023-11-28 20:20:41.544 [info] > git for-each-ref --format=%(refname)%00%(upstream:short)%00%(objectname)%00%(upstream:track)%00%(upstream:remotename)%00%(upstream:remoteref) refs/heads/main refs/remotes/main [2ms]
2023-11-28 20:20:41.565 [info] > git status -z -uall [1ms]
2023-11-28 20:20:46.604 [info] > git config --get commit.template [17ms]
2023-11-28 20:20:46.605 [info] > git for-each-ref --format=%(refname)%00%(upstream:short)%00%(objectname)%00%(upstream:track)%00%(upstream:remotename)%00%(upstream:remoteref) refs/heads/main refs/remotes/main [2ms]
2023-11-28 20:20:46.625 [info] > git status -z -uall [2ms]
2023-11-28 20:20:54.050 [info] > git config --get commit.template [18ms]
2023-11-28 20:20:54.052 [info] > git for-each-ref --format=%(refname)%00%(upstream:short)%00%(objectname)%00%(upstream:track)%00%(upstream:remotename)%00%(upstream:remoteref) refs/heads/main refs/remotes/main [4ms]
2023-11-28 20:20:54.071 [info] > git status -z -uall [3ms]
2023-11-28 20:20:59.108 [info] > git config --get commit.template [16ms]
2023-11-28 20:20:59.109 [info] > git for-each-ref --format=%(refname)%00%(upstream:short)%00%(objectname)%00%(upstream:track)%00%(upstream:remotename)%00%(upstream:remoteref) refs/heads/main refs/remotes/main [2ms]
2023-11-28 20:20:59.128 [info] > git status -z -uall [2ms]
2023-11-28 20:21:04.166 [info] > git for-each-ref --format=%(refname)%00%(upstream:short)%00%(objectname)%00%(upstream:track)%00%(upstream:remotename)%00%(upstream:remoteref) refs/heads/main refs/remotes/main [2ms]
2023-11-28 20:21:04.167 [info] > git config --get commit.template [19ms]
2023-11-28 20:21:04.186 [info] > git status -z -uall [3ms]
2023-11-28 20:21:09.210 [info] > git config --get commit.template [1ms]
2023-11-28 20:21:09.229 [info] > git for-each-ref --format=%(refname)%00%(upstream:short)%00%(objectname)%00%(upstream:track)%00%(upstream:remotename)%00%(upstream:remoteref) refs/heads/main refs/remotes/main [3ms]
2023-11-28 20:21:09.250 [info] > git status -z -uall [5ms]
2023-11-28 20:21:14.291 [info] > git config --get commit.template [21ms]
2023-11-28 20:21:14.292 [info] > git for-each-ref --format=%(refname)%00%(upstream:short)%00%(objectname)%00%(upstream:track)%00%(upstream:remotename)%00%(upstream:remoteref) refs/heads/main refs/remotes/main [3ms]
2023-11-28 20:21:14.314 [info] > git status -z -uall [4ms]
2023-11-28 20:21:19.352 [info] > git config --get commit.template [17ms]
2023-11-28 20:21:19.353 [info] > git for-each-ref --format=%(refname)%00%(upstream:short)%00%(objectname)%00%(upstream:track)%00%(upstream:remotename)%00%(upstream:remoteref) refs/heads/main refs/remotes/main [2ms]
2023-11-28 20:21:19.374 [info] > git status -z -uall [5ms]
2023-11-28 20:21:24.427 [info] > git config --get commit.template [25ms]
2023-11-28 20:21:24.448 [info] > git for-each-ref --format=%(refname)%00%(upstream:short)%00%(objectname)%00%(upstream:track)%00%(upstream:remotename)%00%(upstream:remoteref) refs/heads/main refs/remotes/main [21ms]
2023-11-28 20:21:24.471 [info] > git status -z -uall [4ms]
2023-11-28 20:21:29.510 [info] > git config --get commit.template [19ms]
2023-11-28 20:21:29.511 [info] > git for-each-ref --format=%(refname)%00%(upstream:short)%00%(objectname)%00%(upstream:track)%00%(upstream:remotename)%00%(upstream:remoteref) refs/heads/main refs/remotes/main [2ms]
2023-11-28 20:21:29.530 [info] > git status -z -uall [2ms]
2023-11-28 20:21:34.569 [info] > git config --get commit.template [17ms]
2023-11-28 20:21:34.571 [info] > git for-each-ref --format=%(refname)%00%(upstream:short)%00%(objectname)%00%(upstream:track)%00%(upstream:remotename)%00%(upstream:remoteref) refs/heads/main refs/remotes/main [1ms]
2023-11-28 20:21:34.589 [info] > git status -z -uall [3ms]
2023-11-28 20:22:04.621 [info] > git add -A -- /workspaces/144946272/fuel/fuel.py [3ms]
2023-11-28 20:22:04.664 [info] > git config --get commit.template [25ms]
2023-11-28 20:22:04.666 [info] > git for-each-ref --format=%(refname)%00%(upstream:short)%00%(objectname)%00%(upstream:track)%00%(upstream:remotename)%00%(upstream:remoteref) refs/heads/main refs/remotes/main [3ms]
2023-11-28 20:22:04.695 [info] > git status -z -uall [3ms]
2023-11-28 20:22:04.723 [info] > git -c user.useConfigOnly=true commit --quiet --allow-empty-message --file - --allow-empty-message [7ms]
2023-11-28 20:22:04.742 [info] > git config --get commit.template [1ms]
2023-11-28 20:22:04.779 [info] > git for-each-ref --format=%(refname)%00%(upstream:short)%00%(objectname)%00%(upstream:track)%00%(upstream:remotename)%00%(upstream:remoteref) refs/heads/main refs/remotes/main [1ms]
2023-11-28 20:22:04.779 [info] > git config --get commit.template [20ms]
2023-11-28 20:22:04.798 [info] > git status -z -uall [3ms]
2023-11-28 20:22:05.217 [info] > git config --local branch.main.github-pr-owner-number [5ms]
2023-11-28 20:22:05.253 [info] > git config --get commit.template [18ms]
2023-11-28 20:22:05.254 [info] > git config --get commit.template [2ms]
2023-11-28 20:22:05.293 [info] > git for-each-ref --format=%(refname)%00%(upstream:short)%00%(objectname)%00%(upstream:track)%00%(upstream:remotename)%00%(upstream:remoteref) refs/heads/main refs/remotes/main [21ms]
2023-11-28 20:22:05.313 [info] > git for-each-ref --format=%(refname)%00%(upstream:short)%00%(objectname)%00%(upstream:track)%00%(upstream:remotename)%00%(upstream:remoteref) refs/heads/main refs/remotes/main [23ms]
2023-11-28 20:22:05.345 [info] > git status -z -uall [9ms]
2023-11-28 20:22:06.500 [info] > git push --force origin main [1189ms]
2023-11-28 20:22:06.500 [info] To https://github.com/code50/144946272
   2b7e8b2..b2b5b13  main -> main
2023-11-28 20:22:06.535 [info] > git config --get commit.template [17ms]
2023-11-28 20:22:06.536 [info] > git for-each-ref --format=%(refname)%00%(upstream:short)%00%(objectname)%00%(upstream:track)%00%(upstream:remotename)%00%(upstream:remoteref) refs/heads/main refs/remotes/main [2ms]
2023-11-28 20:22:06.556 [info] > git status -z -uall [2ms]
2023-11-28 20:22:07.400 [info] > git config --local branch.main.github-pr-owner-number [98ms]
2023-11-28 20:22:07.448 [info] > git config --get commit.template [29ms]
2023-11-28 20:22:07.448 [info] > git for-each-ref --format=%(refname)%00%(upstream:short)%00%(objectname)%00%(upstream:track)%00%(upstream:remotename)%00%(upstream:remoteref) refs/heads/main refs/remotes/main [12ms]
2023-11-28 20:22:07.472 [info] > git status -z -uall [4ms]
2023-11-28 20:22:41.353 [info] > git config --get commit.template [23ms]
2023-11-28 20:22:41.356 [info] > git for-each-ref --format=%(refname)%00%(upstream:short)%00%(objectname)%00%(upstream:track)%00%(upstream:remotename)%00%(upstream:remoteref) refs/heads/main refs/remotes/main [4ms]
2023-11-28 20:22:41.380 [info] > git status -z -uall [3ms]
2023-11-28 20:22:41.593 [info] > git ls-files --stage -- /workspaces/144946272/fuel/fuel.py [2ms]
2023-11-28 20:22:41.611 [info] > git cat-file -s b72b68ed5accab2bc38240093ce632c33ff01d67 [2ms]
2023-11-28 20:22:41.911 [info] > git show --textconv :fuel/fuel.py [2ms]
2023-11-28 20:22:42.182 [info] > git fetch [877ms]
2023-11-28 20:22:42.220 [info] > git config --get commit.template [19ms]
2023-11-28 20:22:42.221 [info] > git for-each-ref --format=%(refname)%00%(upstream:short)%00%(objectname)%00%(upstream:track)%00%(upstream:remotename)%00%(upstream:remoteref) refs/heads/main refs/remotes/main [4ms]
2023-11-28 20:22:42.247 [info] > git status -z -uall [6ms]
2023-11-28 20:22:43.896 [info] > git ls-files --stage -- /workspaces/144946272/fuel/fuel.py [3ms]
2023-11-28 20:22:43.914 [info] > git cat-file -s b72b68ed5accab2bc38240093ce632c33ff01d67 [2ms]
2023-11-28 20:22:44.219 [info] > git show --textconv :fuel/fuel.py [2ms]
2023-11-28 20:22:46.418 [info] > git config --get commit.template [18ms]
2023-11-28 20:22:46.420 [info] > git for-each-ref --format=%(refname)%00%(upstream:short)%00%(objectname)%00%(upstream:track)%00%(upstream:remotename)%00%(upstream:remoteref) refs/heads/main refs/remotes/main [2ms]
2023-11-28 20:22:46.439 [info] > git status -z -uall [3ms]
2023-11-28 20:22:49.806 [info] > git config --local branch.main.github-pr-owner-number [3ms]
2023-11-28 20:22:49.844 [info] > git config --get commit.template [18ms]
2023-11-28 20:22:49.844 [info] > git for-each-ref --format=%(refname)%00%(upstream:short)%00%(objectname)%00%(upstream:track)%00%(upstream:remotename)%00%(upstream:remoteref) refs/heads/main refs/remotes/main [1ms]
2023-11-28 20:22:49.864 [info] > git status -z -uall [3ms]
2023-11-28 20:23:16.829 [info] > git config --get commit.template [17ms]
2023-11-28 20:23:16.831 [info] > git for-each-ref --format=%(refname)%00%(upstream:short)%00%(objectname)%00%(upstream:track)%00%(upstream:remotename)%00%(upstream:remoteref) refs/heads/main refs/remotes/main [2ms]
2023-11-28 20:23:16.856 [info] > git status -z -uall [4ms]
2023-11-28 20:23:28.543 [info] > git config --get commit.template [16ms]
2023-11-28 20:23:28.544 [info] > git for-each-ref --format=%(refname)%00%(upstream:short)%00%(objectname)%00%(upstream:track)%00%(upstream:remotename)%00%(upstream:remoteref) refs/heads/main refs/remotes/main [2ms]
2023-11-28 20:23:28.562 [info] > git status -z -uall [2ms]
2023-11-28 20:23:33.601 [info] > git config --get commit.template [18ms]
2023-11-28 20:23:33.603 [info] > git for-each-ref --format=%(refname)%00%(upstream:short)%00%(objectname)%00%(upstream:track)%00%(upstream:remotename)%00%(upstream:remoteref) refs/heads/main refs/remotes/main [2ms]
2023-11-28 20:23:33.624 [info] > git status -z -uall [3ms]
2023-11-28 20:23:38.664 [info] > git config --get commit.template [17ms]
2023-11-28 20:23:38.666 [info] > git for-each-ref --format=%(refname)%00%(upstream:short)%00%(objectname)%00%(upstream:track)%00%(upstream:remotename)%00%(upstream:remoteref) refs/heads/main refs/remotes/main [2ms]
2023-11-28 20:23:38.684 [info] > git status -z -uall [3ms]
2023-11-28 20:23:44.779 [info] > git config --get commit.template [18ms]
2023-11-28 20:23:44.780 [info] > git for-each-ref --format=%(refname)%00%(upstream:short)%00%(objectname)%00%(upstream:track)%00%(upstream:remotename)%00%(upstream:remoteref) refs/heads/main refs/remotes/main [2ms]
2023-11-28 20:23:44.799 [info] > git status -z -uall [2ms]
2023-11-28 20:23:57.391 [info] > git config --get commit.template [16ms]
2023-11-28 20:23:57.392 [info] > git for-each-ref --format=%(refname)%00%(upstream:short)%00%(objectname)%00%(upstream:track)%00%(upstream:remotename)%00%(upstream:remoteref) refs/heads/main refs/remotes/main [2ms]
2023-11-28 20:23:57.411 [info] > git status -z -uall [3ms]
2023-11-28 20:24:27.435 [info] > git add -A -- /workspaces/144946272/fuel/fuel.py [3ms]
2023-11-28 20:24:27.469 [info] > git config --get commit.template [17ms]
2023-11-28 20:24:27.470 [info] > git for-each-ref --format=%(refname)%00%(upstream:short)%00%(objectname)%00%(upstream:track)%00%(upstream:remotename)%00%(upstream:remoteref) refs/heads/main refs/remotes/main [2ms]
2023-11-28 20:24:27.488 [info] > git status -z -uall [2ms]
2023-11-28 20:24:27.516 [info] > git -c user.useConfigOnly=true commit --quiet --allow-empty-message --file - --allow-empty-message [7ms]
2023-11-28 20:24:27.535 [info] > git config --get commit.template [1ms]
2023-11-28 20:24:27.570 [info] > git config --get commit.template [17ms]
2023-11-28 20:24:27.572 [info] > git for-each-ref --format=%(refname)%00%(upstream:short)%00%(objectname)%00%(upstream:track)%00%(upstream:remotename)%00%(upstream:remoteref) refs/heads/main refs/remotes/main [2ms]
2023-11-28 20:24:27.593 [info] > git status -z -uall [3ms]
2023-11-28 20:24:28.100 [info] > git config --local branch.main.github-pr-owner-number [6ms]
2023-11-28 20:24:28.141 [info] > git config --get commit.template [4ms]
2023-11-28 20:24:28.141 [info] > git config --get commit.template [22ms]
2023-11-28 20:24:28.185 [info] > git for-each-ref --format=%(refname)%00%(upstream:short)%00%(objectname)%00%(upstream:track)%00%(upstream:remotename)%00%(upstream:remoteref) refs/heads/main refs/remotes/main [23ms]
2023-11-28 20:24:28.208 [info] > git for-each-ref --format=%(refname)%00%(upstream:short)%00%(objectname)%00%(upstream:track)%00%(upstream:remotename)%00%(upstream:remoteref) refs/heads/main refs/remotes/main [26ms]
2023-11-28 20:24:28.281 [info] > git status -z -uall [49ms]
2023-11-28 20:24:29.316 [info] > git ls-files --stage -- /workspaces/144946272/fuel/fuel.py [2ms]
2023-11-28 20:24:29.337 [info] > git cat-file -s 042c44a34fe812ab108226ceb5e4d5941b26aa4c [2ms]
2023-11-28 20:24:29.386 [info] > git push --force origin main [1180ms]
2023-11-28 20:24:29.386 [info] To https://github.com/code50/144946272
   b2b5b13..782f196  main -> main
2023-11-28 20:24:29.421 [info] > git config --get commit.template [17ms]
2023-11-28 20:24:29.424 [info] > git for-each-ref --format=%(refname)%00%(upstream:short)%00%(objectname)%00%(upstream:track)%00%(upstream:remotename)%00%(upstream:remoteref) refs/heads/main refs/remotes/main [4ms]
2023-11-28 20:24:29.447 [info] > git status -z -uall [3ms]
2023-11-28 20:24:29.635 [info] > git show --textconv :fuel/fuel.py [2ms]
2023-11-28 20:24:30.141 [info] > git config --local branch.main.github-pr-owner-number [101ms]
2023-11-28 20:24:30.163 [info] > git config --get commit.template [2ms]
2023-11-28 20:24:30.196 [info] > git for-each-ref --format=%(refname)%00%(upstream:short)%00%(objectname)%00%(upstream:track)%00%(upstream:remotename)%00%(upstream:remoteref) refs/heads/main refs/remotes/main [15ms]
2023-11-28 20:24:30.237 [info] > git status -z -uall [20ms]
2023-11-28 20:24:30.858 [info] > git config --get commit.template [19ms]
2023-11-28 20:24:30.859 [info] > git for-each-ref --format=%(refname)%00%(upstream:short)%00%(objectname)%00%(upstream:track)%00%(upstream:remotename)%00%(upstream:remoteref) refs/heads/main refs/remotes/main [2ms]
2023-11-28 20:24:30.881 [info] > git status -z -uall [3ms]
2023-11-28 20:24:31.207 [info] > git ls-files --stage -- /workspaces/144946272/fuel/fuel.py [2ms]
2023-11-28 20:24:31.231 [info] > git cat-file -s 042c44a34fe812ab108226ceb5e4d5941b26aa4c [2ms]
2023-11-28 20:24:31.513 [info] > git show --textconv :fuel/fuel.py [3ms]
2023-11-28 20:25:43.172 [info] > git fetch [905ms]
2023-11-28 20:25:43.208 [info] > git config --get commit.template [16ms]
2023-11-28 20:25:43.210 [info] > git for-each-ref --format=%(refname)%00%(upstream:short)%00%(objectname)%00%(upstream:track)%00%(upstream:remotename)%00%(upstream:remoteref) refs/heads/main refs/remotes/main [3ms]
2023-11-28 20:25:43.228 [info] > git status -z -uall [2ms]
2023-11-28 20:25:44.654 [info] > git config --get commit.template [36ms]
2023-11-28 20:25:44.659 [info] > git for-each-ref --format=%(refname)%00%(upstream:short)%00%(objectname)%00%(upstream:track)%00%(upstream:remotename)%00%(upstream:remoteref) refs/heads/main refs/remotes/main [5ms]
2023-11-28 20:25:44.689 [info] > git status -z -uall [6ms]
2023-11-28 20:25:44.970 [info] > git ls-files --stage -- /workspaces/144946272/fuel/fuel.py [1ms]
2023-11-28 20:25:44.988 [info] > git cat-file -s 042c44a34fe812ab108226ceb5e4d5941b26aa4c [2ms]
2023-11-28 20:25:45.283 [info] > git show --textconv :fuel/fuel.py [2ms]
2023-11-28 20:27:49.886 [info] > git config --local branch.main.github-pr-owner-number [1ms]
2023-11-28 20:27:49.923 [info] > git config --get commit.template [18ms]
2023-11-28 20:27:49.924 [info] > git for-each-ref --format=%(refname)%00%(upstream:short)%00%(objectname)%00%(upstream:track)%00%(upstream:remotename)%00%(upstream:remoteref) refs/heads/main refs/remotes/main [2ms]
2023-11-28 20:27:49.944 [info] > git status -z -uall [3ms]
2023-11-28 20:32:17.910 [info] > git fetch [912ms]
2023-11-28 20:32:17.944 [info] > git config --get commit.template [17ms]
2023-11-28 20:32:17.946 [info] > git for-each-ref --format=%(refname)%00%(upstream:short)%00%(objectname)%00%(upstream:track)%00%(upstream:remotename)%00%(upstream:remoteref) refs/heads/main refs/remotes/main [2ms]
2023-11-28 20:32:17.965 [info] > git status -z -uall [3ms]
2023-11-28 20:32:19.357 [info] > git config --get commit.template [21ms]
2023-11-28 20:32:19.361 [info] > git for-each-ref --format=%(refname)%00%(upstream:short)%00%(objectname)%00%(upstream:track)%00%(upstream:remotename)%00%(upstream:remoteref) refs/heads/main refs/remotes/main [5ms]
2023-11-28 20:32:19.381 [info] > git status -z -uall [3ms]
2023-11-28 20:32:19.748 [info] > git ls-files --stage -- /workspaces/144946272/fuel/fuel.py [1ms]
2023-11-28 20:32:19.766 [info] > git cat-file -s 042c44a34fe812ab108226ceb5e4d5941b26aa4c [2ms]
2023-11-28 20:32:20.089 [info] > git show --textconv :fuel/fuel.py [5ms]
2023-11-28 20:32:49.010 [info] > git show --textconv :extensions/extensions.py [19ms]
2023-11-28 20:32:49.011 [info] > git ls-files --stage -- /workspaces/144946272/extensions/extensions.py [2ms]
2023-11-28 20:32:49.029 [info] > git cat-file -s a52bf363e152fbe045964d2f24a6871fb996abcb [2ms]
2023-11-28 20:32:49.649 [info] > git show --textconv :fuel/fuel.py [21ms]
2023-11-28 20:32:49.649 [info] > git ls-files --stage -- /workspaces/144946272/fuel/fuel.py [3ms]
2023-11-28 20:32:49.668 [info] > git cat-file -s 042c44a34fe812ab108226ceb5e4d5941b26aa4c [2ms]
2023-11-28 20:32:49.966 [info] > git config --local branch.main.github-pr-owner-number [2ms]
2023-11-28 20:32:50.003 [info] > git config --get commit.template [17ms]
2023-11-28 20:32:50.004 [info] > git for-each-ref --format=%(refname)%00%(upstream:short)%00%(objectname)%00%(upstream:track)%00%(upstream:remotename)%00%(upstream:remoteref) refs/heads/main refs/remotes/main [2ms]
2023-11-28 20:32:50.023 [info] > git status -z -uall [2ms]
