2023-11-28 20:35:06.240 [info] Reading sessions from keychain...
2023-11-28 20:35:06.240 [info] Getting sessions for all scopes...
2023-11-28 20:35:06.240 [info] Getting sessions for user:email...
2023-11-28 20:35:06.258 [info] Got stored sessions!
2023-11-28 20:35:06.258 [info] Got 6 verified sessions.
2023-11-28 20:35:06.259 [info] Got 6 sessions for ...
2023-11-28 20:35:06.259 [info] Got 1 sessions for user:email...
2023-11-28 20:35:06.260 [info] Getting sessions for all scopes...
2023-11-28 20:35:06.260 [info] Got 6 sessions for ...
2023-11-28 20:35:06.846 [info] Getting sessions for codespace,read:user,repo,user:email...
2023-11-28 20:35:06.846 [info] Got 1 sessions for codespace,read:user,repo,user:email...
2023-11-28 20:35:06.888 [info] Getting sessions for all scopes...
2023-11-28 20:35:06.888 [info] Got 6 sessions for ...
2023-11-28 20:35:07.149 [info] Getting sessions for all scopes...
2023-11-28 20:35:07.149 [info] Got 6 sessions for ...
2023-11-28 20:35:09.561 [info] Getting sessions for all scopes...
2023-11-28 20:35:09.561 [info] Got 6 sessions for ...
2023-11-28 20:35:09.836 [info] Getting sessions for all scopes...
2023-11-28 20:35:09.837 [info] Got 6 sessions for ...
2023-11-28 20:35:10.382 [info] Getting sessions for read:user,repo,user:email,workflow...
2023-11-28 20:35:10.382 [info] Got 1 sessions for read:user,repo,user:email,workflow...
2023-11-28 20:35:10.473 [info] Getting sessions for all scopes...
2023-11-28 20:35:10.473 [info] Got 6 sessions for ...
2023-11-28 20:35:11.297 [info] Getting sessions for all scopes...
2023-11-28 20:35:11.298 [info] Got 6 sessions for ...
2023-11-28 20:35:11.706 [info] Getting sessions for project,read:org,read:user,repo,user:email,workflow...
2023-11-28 20:35:11.706 [info] Getting sessions for read:user,repo,user:email,workflow...
2023-11-28 20:35:11.707 [info] Got 0 sessions for project,read:org,read:user,repo,user:email,workflow...
2023-11-28 20:35:11.754 [info] Got 1 sessions for read:user,repo,user:email,workflow...
2023-11-28 20:35:17.950 [info] Getting sessions for read:user,repo,user:email,workflow...
2023-11-28 20:35:17.950 [info] Got 1 sessions for read:user,repo,user:email,workflow...
2023-11-28 20:35:18.244 [info] Getting sessions for read:user,repo,user:email,workflow...
2023-11-28 20:35:18.244 [info] Got 1 sessions for read:user,repo,user:email,workflow...
2023-11-28 20:35:32.250 [info] Getting sessions for read:user,repo,user:email,workflow...
2023-11-28 20:35:32.250 [info] Got 1 sessions for read:user,repo,user:email,workflow...
