0 verbose cli /usr/local/bin/node /usr/local/lib/node_modules/npm/bin/npm-cli.js
1 info using npm@9.6.7
2 info using node@v20.3.1
3 timing npm:load:whichnode Completed in 1ms
4 timing config:load:defaults Completed in 1ms
5 timing config:load:file:/usr/local/lib/node_modules/npm/npmrc Completed in 0ms
6 timing config:load:builtin Completed in 1ms
7 timing config:load:cli Completed in 2ms
8 timing config:load:env Completed in 0ms
9 timing config:load:file:/workspaces/144946272/hello/.npmrc Completed in 0ms
10 timing config:load:project Completed in 1ms
11 timing config:load:file:/home/ubuntu/.npmrc Completed in 0ms
12 timing config:load:user Completed in 0ms
13 timing config:load:file:/usr/local/etc/npmrc Completed in 0ms
14 timing config:load:global Completed in 0ms
15 timing config:load:setEnvs Completed in 0ms
16 timing config:load Completed in 7ms
17 timing npm:load:configload Completed in 7ms
18 timing npm:load:mkdirpcache Completed in 0ms
19 timing npm:load:mkdirplogs Completed in 0ms
20 verbose title npm exec cs204 2023/hello_py local
21 verbose argv "exec" "--" "cs204" "2023/hello_py" "local"
22 timing npm:load:setTitle Completed in 1ms
23 timing config:load:flatten Completed in 2ms
24 timing npm:load:display Completed in 3ms
25 verbose logfile logs-max:10 dir:/home/ubuntu/.npm/_logs/2023-09-16T07_53_41_903Z-
26 verbose logfile /home/ubuntu/.npm/_logs/2023-09-16T07_53_41_903Z-debug-0.log
27 timing npm:load:logFile Completed in 9ms
28 timing npm:load:timers Completed in 0ms
29 timing npm:load:configScope Completed in 0ms
30 timing npm:load Completed in 21ms
31 silly logfile done cleaning log files
32 timing arborist:ctor Completed in 0ms
33 http fetch GET 200 https://registry.npmjs.org/npm 132ms (cache miss)
34 http fetch GET 200 https://registry.npmjs.org/cs204 1112ms (cache miss)
35 timing arborist:ctor Completed in 0ms
36 timing arborist:ctor Completed in 0ms
37 timing arborist:ctor Completed in 0ms
38 timing idealTree:init Completed in 3ms
39 timing idealTree:userRequests Completed in 1ms
40 silly idealTree buildDeps
41 silly fetch manifest cs204@1.0.0
42 http fetch GET 200 https://registry.npmjs.org/cs204 7ms (cache hit)
43 silly placeDep ROOT cs204@1.0.0 OK for:  want: 1.0.0
44 silly fetch manifest chalk@^5.2.0
45 silly fetch manifest node-fetch@^3.3.0
46 silly fetch manifest readline-sync@^1.4.10
47 silly fetch manifest url-exists-nodejs@^0.2.4
48 http fetch GET 200 https://registry.npmjs.org/readline-sync 52ms (cache miss)
49 http fetch GET 200 https://registry.npmjs.org/chalk 54ms (cache miss)
50 http fetch GET 200 https://registry.npmjs.org/node-fetch 57ms (cache miss)
51 http fetch GET 200 https://registry.npmjs.org/url-exists-nodejs 1097ms (cache miss)
52 timing idealTree:#root Completed in 1112ms
53 silly placeDep ROOT chalk@5.3.0 OK for: cs204@1.0.0 want: ^5.2.0
54 silly placeDep ROOT node-fetch@3.3.2 OK for: cs204@1.0.0 want: ^3.3.0
55 silly fetch manifest data-uri-to-buffer@^4.0.0
56 silly fetch manifest fetch-blob@^3.1.4
57 silly fetch manifest formdata-polyfill@^4.0.10
58 silly placeDep ROOT readline-sync@1.4.10 OK for: cs204@1.0.0 want: ^1.4.10
59 silly placeDep ROOT url-exists-nodejs@0.2.4 OK for: cs204@1.0.0 want: ^0.2.4
60 http fetch GET 200 https://registry.npmjs.org/fetch-blob 34ms (cache miss)
61 http fetch GET 200 https://registry.npmjs.org/data-uri-to-buffer 36ms (cache miss)
62 http fetch GET 200 https://registry.npmjs.org/formdata-polyfill 39ms (cache miss)
63 timing idealTree:node_modules/cs204 Completed in 45ms
64 timing idealTree:node_modules/chalk Completed in 0ms
65 silly placeDep ROOT data-uri-to-buffer@4.0.1 OK for: node-fetch@3.3.2 want: ^4.0.0
66 silly placeDep ROOT fetch-blob@3.2.0 OK for: node-fetch@3.3.2 want: ^3.1.4
67 silly fetch manifest node-domexception@^1.0.0
68 silly fetch manifest web-streams-polyfill@^3.0.3
69 silly placeDep ROOT formdata-polyfill@4.0.10 OK for: node-fetch@3.3.2 want: ^4.0.10
70 http fetch GET 200 https://registry.npmjs.org/node-domexception 24ms (cache miss)
71 http fetch GET 200 https://registry.npmjs.org/web-streams-polyfill 28ms (cache miss)
72 timing idealTree:node_modules/node-fetch Completed in 32ms
73 timing idealTree:node_modules/data-uri-to-buffer Completed in 0ms
74 silly placeDep ROOT node-domexception@1.0.0 OK for: fetch-blob@3.2.0 want: ^1.0.0
75 silly placeDep ROOT web-streams-polyfill@3.2.1 OK for: fetch-blob@3.2.0 want: ^3.0.3
76 timing idealTree:node_modules/fetch-blob Completed in 2ms
77 timing idealTree:node_modules/formdata-polyfill Completed in 0ms
78 timing idealTree:node_modules/node-domexception Completed in 0ms
79 timing idealTree:node_modules/readline-sync Completed in 0ms
80 timing idealTree:node_modules/url-exists-nodejs Completed in 0ms
81 timing idealTree:node_modules/web-streams-polyfill Completed in 1ms
82 timing idealTree:buildDeps Completed in 1195ms
83 timing idealTree:fixDepFlags Completed in 0ms
84 timing idealTree Completed in 1201ms
85 timing reify:loadTrees Completed in 1201ms
86 timing reify:diffTrees Completed in 1ms
87 silly reify moves {}
88 timing reify:retireShallow Completed in 1ms
89 timing reify:createSparse Completed in 2ms
90 timing reify:loadBundles Completed in 0ms
91 silly audit bulk request {
91 silly audit   cs204: [ '1.0.0' ],
91 silly audit   chalk: [ '5.3.0' ],
91 silly audit   'node-fetch': [ '3.3.2' ],
91 silly audit   'readline-sync': [ '1.4.10' ],
91 silly audit   'url-exists-nodejs': [ '0.2.4' ],
91 silly audit   'data-uri-to-buffer': [ '4.0.1' ],
91 silly audit   'fetch-blob': [ '3.2.0' ],
91 silly audit   'formdata-polyfill': [ '4.0.10' ],
91 silly audit   'node-domexception': [ '1.0.0' ],
91 silly audit   'web-streams-polyfill': [ '3.2.1' ]
91 silly audit }
92 silly tarball no local data for web-streams-polyfill@https://registry.npmjs.org/web-streams-polyfill/-/web-streams-polyfill-3.2.1.tgz. Extracting by manifest.
93 silly tarball no local data for node-domexception@https://registry.npmjs.org/node-domexception/-/node-domexception-1.0.0.tgz. Extracting by manifest.
94 silly tarball no local data for formdata-polyfill@https://registry.npmjs.org/formdata-polyfill/-/formdata-polyfill-4.0.10.tgz. Extracting by manifest.
95 silly tarball no local data for fetch-blob@https://registry.npmjs.org/fetch-blob/-/fetch-blob-3.2.0.tgz. Extracting by manifest.
96 silly tarball no local data for data-uri-to-buffer@https://registry.npmjs.org/data-uri-to-buffer/-/data-uri-to-buffer-4.0.1.tgz. Extracting by manifest.
97 silly tarball no local data for url-exists-nodejs@https://registry.npmjs.org/url-exists-nodejs/-/url-exists-nodejs-0.2.4.tgz. Extracting by manifest.
98 silly tarball no local data for readline-sync@https://registry.npmjs.org/readline-sync/-/readline-sync-1.4.10.tgz. Extracting by manifest.
99 silly tarball no local data for node-fetch@https://registry.npmjs.org/node-fetch/-/node-fetch-3.3.2.tgz. Extracting by manifest.
100 silly tarball no local data for chalk@https://registry.npmjs.org/chalk/-/chalk-5.3.0.tgz. Extracting by manifest.
101 silly tarball no local data for cs204@https://registry.npmjs.org/cs204/-/cs204-1.0.0.tgz. Extracting by manifest.
102 http fetch GET 200 https://registry.npmjs.org/fetch-blob/-/fetch-blob-3.2.0.tgz 145ms (cache miss)
103 timing reifyNode:node_modules/fetch-blob Completed in 163ms
104 http fetch GET 200 https://registry.npmjs.org/url-exists-nodejs/-/url-exists-nodejs-0.2.4.tgz 145ms (cache miss)
105 timing reifyNode:node_modules/url-exists-nodejs Completed in 164ms
106 http fetch GET 200 https://registry.npmjs.org/formdata-polyfill/-/formdata-polyfill-4.0.10.tgz 151ms (cache miss)
107 timing reifyNode:node_modules/formdata-polyfill Completed in 168ms
108 http fetch GET 200 https://registry.npmjs.org/data-uri-to-buffer/-/data-uri-to-buffer-4.0.1.tgz 150ms (cache miss)
109 timing reifyNode:node_modules/data-uri-to-buffer Completed in 168ms
110 http fetch GET 200 https://registry.npmjs.org/node-domexception/-/node-domexception-1.0.0.tgz 174ms (cache miss)
111 timing reifyNode:node_modules/node-domexception Completed in 192ms
112 http fetch GET 200 https://registry.npmjs.org/chalk/-/chalk-5.3.0.tgz 174ms (cache miss)
113 timing reifyNode:node_modules/chalk Completed in 195ms
114 http fetch GET 200 https://registry.npmjs.org/readline-sync/-/readline-sync-1.4.10.tgz 178ms (cache miss)
115 timing reifyNode:node_modules/readline-sync Completed in 197ms
116 http fetch GET 200 https://registry.npmjs.org/node-fetch/-/node-fetch-3.3.2.tgz 178ms (cache miss)
117 timing reifyNode:node_modules/node-fetch Completed in 198ms
118 http fetch POST 200 https://registry.npmjs.org/-/npm/v1/security/advisories/bulk 255ms
119 timing auditReport:getReport Completed in 258ms
120 silly audit report {}
121 timing auditReport:init Completed in 0ms
122 timing reify:audit Completed in 258ms
123 http fetch GET 200 https://registry.npmjs.org/web-streams-polyfill/-/web-streams-polyfill-3.2.1.tgz 291ms (cache miss)
124 timing reifyNode:node_modules/web-streams-polyfill Completed in 308ms
125 http fetch GET 200 https://registry.npmjs.org/cs204/-/cs204-1.0.0.tgz 2076ms (cache miss)
126 timing reifyNode:node_modules/cs204 Completed in 2098ms
127 timing reify:unpack Completed in 2099ms
128 timing reify:unretire Completed in 0ms
129 timing build:queue Completed in 1ms
130 timing build:link:node_modules/cs204 Completed in 2ms
131 timing build:link Completed in 2ms
132 timing build:deps Completed in 3ms
133 timing build Completed in 3ms
134 timing reify:build Completed in 3ms
135 timing reify:trash Completed in 0ms
136 timing reify:save Completed in 8ms
137 timing reify Completed in 3326ms
138 timing command:exec Completed in 32256ms
139 notice
139 notice New [31mmajor[39m version of npm available! [31m9.6.7[39m -> [32m10.1.0[39m
139 notice Changelog: [36mhttps://github.com/npm/cli/releases/tag/v10.1.0[39m
139 notice Run [32mnpm install -g npm@10.1.0[39m to update!
139 notice
140 verbose exit 0
141 timing npm Completed in 32903ms
142 info ok
