0 verbose cli /usr/local/bin/node /usr/local/lib/node_modules/npm/bin/npm-cli.js
1 info using npm@9.6.7
2 info using node@v20.3.1
3 timing npm:load:whichnode Completed in 1ms
4 timing config:load:defaults Completed in 2ms
5 timing config:load:file:/usr/local/lib/node_modules/npm/npmrc Completed in 0ms
6 timing config:load:builtin Completed in 0ms
7 timing config:load:cli Completed in 2ms
8 timing config:load:env Completed in 0ms
9 timing config:load:file:/workspaces/144946272/.npmrc Completed in 0ms
10 timing config:load:project Completed in 1ms
11 timing config:load:file:/home/ubuntu/.npmrc Completed in 0ms
12 timing config:load:user Completed in 0ms
13 timing config:load:file:/usr/local/etc/npmrc Completed in 0ms
14 timing config:load:global Completed in 0ms
15 timing config:load:setEnvs Completed in 1ms
16 timing config:load Completed in 6ms
17 timing npm:load:configload Completed in 6ms
18 timing npm:load:mkdirpcache Completed in 1ms
19 timing npm:load:mkdirplogs Completed in 0ms
20 verbose title npm exec cs204 2023/indoor local
21 verbose argv "exec" "--" "cs204" "2023/indoor" "local"
22 timing npm:load:setTitle Completed in 1ms
23 timing config:load:flatten Completed in 2ms
24 timing npm:load:display Completed in 3ms
25 verbose logfile logs-max:10 dir:/home/ubuntu/.npm/_logs/2023-10-18T12_19_46_517Z-
26 verbose logfile /home/ubuntu/.npm/_logs/2023-10-18T12_19_46_517Z-debug-0.log
27 timing npm:load:logFile Completed in 8ms
28 timing npm:load:timers Completed in 0ms
29 timing npm:load:configScope Completed in 0ms
30 timing npm:load Completed in 20ms
31 timing arborist:ctor Completed in 1ms
32 silly logfile done cleaning log files
33 http fetch GET 200 https://registry.npmjs.org/cs204 104ms (cache revalidated)
34 timing arborist:ctor Completed in 0ms
35 timing arborist:ctor Completed in 1ms
36 verbose shrinkwrap failed to load node_modules/.package-lock.json out of date, updated: node_modules
37 timing command:exec Completed in 31392ms
38 verbose stack Error: canceled
38 verbose stack     at exec (/usr/local/lib/node_modules/npm/node_modules/libnpmexec/lib/index.js:268:19)
38 verbose stack     at process.processTicksAndRejections (node:internal/process/task_queues:95:5)
38 verbose stack     at async module.exports (/usr/local/lib/node_modules/npm/lib/cli.js:89:5)
39 verbose cwd /workspaces/144946272
40 verbose Linux 6.2.0-1014-azure
41 verbose node v20.3.1
42 verbose npm  v9.6.7
43 error canceled
44 verbose exit 1
45 timing npm Completed in 31568ms
46 verbose code 1
47 error A complete log of this run can be found in: /home/ubuntu/.npm/_logs/2023-10-18T12_19_46_517Z-debug-0.log
