0 verbose cli /usr/local/bin/node /usr/local/lib/node_modules/npm/bin/npm-cli.js
1 info using npm@9.6.7
2 info using node@v20.3.1
3 timing npm:load:whichnode Completed in 10ms
4 timing config:load:defaults Completed in 2ms
5 timing config:load:file:/usr/local/lib/node_modules/npm/npmrc Completed in 0ms
6 timing config:load:builtin Completed in 0ms
7 timing config:load:cli Completed in 2ms
8 timing config:load:env Completed in 0ms
9 timing config:load:file:/workspaces/144946272/hello/.npmrc Completed in 0ms
10 timing config:load:project Completed in 1ms
11 timing config:load:file:/home/ubuntu/.npmrc Completed in 0ms
12 timing config:load:user Completed in 0ms
13 timing config:load:file:/usr/local/etc/npmrc Completed in 0ms
14 timing config:load:global Completed in 1ms
15 timing config:load:setEnvs Completed in 0ms
16 timing config:load Completed in 6ms
17 timing npm:load:configload Completed in 6ms
18 timing npm:load:mkdirpcache Completed in 6ms
19 timing npm:load:mkdirplogs Completed in 0ms
20 verbose title npm exec cs204 2023/hello_py local
21 verbose argv "exec" "--" "cs204" "2023/hello_py" "local"
22 timing npm:load:setTitle Completed in 1ms
23 timing config:load:flatten Completed in 2ms
24 timing npm:load:display Completed in 3ms
25 verbose logfile logs-max:10 dir:/home/ubuntu/.npm/_logs/2023-09-16T07_54_25_791Z-
26 verbose logfile /home/ubuntu/.npm/_logs/2023-09-16T07_54_25_791Z-debug-0.log
27 timing npm:load:logFile Completed in 14ms
28 timing npm:load:timers Completed in 0ms
29 timing npm:load:configScope Completed in 0ms
30 timing npm:load Completed in 40ms
31 silly logfile done cleaning log files
32 timing arborist:ctor Completed in 0ms
33 http fetch GET 200 https://registry.npmjs.org/cs204 1211ms (cache revalidated)
34 timing arborist:ctor Completed in 0ms
35 timing arborist:ctor Completed in 0ms
36 timing arborist:ctor Completed in 1ms
37 timing command:exec Completed in 1873ms
38 verbose exit 0
39 timing npm Completed in 2059ms
40 info ok
