0 verbose cli /usr/local/bin/node /usr/local/lib/node_modules/npm/bin/npm-cli.js
1 info using npm@9.6.7
2 info using node@v20.3.1
3 timing npm:load:whichnode Completed in 1ms
4 timing config:load:defaults Completed in 1ms
5 timing config:load:file:/usr/local/lib/node_modules/npm/npmrc Completed in 1ms
6 timing config:load:builtin Completed in 1ms
7 timing config:load:cli Completed in 1ms
8 timing config:load:env Completed in 1ms
9 timing config:load:file:/home/ubuntu/week2/indoor/.npmrc Completed in 0ms
10 timing config:load:project Completed in 1ms
11 timing config:load:file:/home/ubuntu/.npmrc Completed in 0ms
12 timing config:load:user Completed in 0ms
13 timing config:load:file:/usr/local/etc/npmrc Completed in 4ms
14 timing config:load:global Completed in 5ms
15 timing config:load:setEnvs Completed in 0ms
16 timing config:load Completed in 10ms
17 timing npm:load:configload Completed in 11ms
18 timing npm:load:mkdirpcache Completed in 1ms
19 timing npm:load:mkdirplogs Completed in 0ms
20 verbose title npm exec cs204 2023/indoor
21 verbose argv "exec" "--" "cs204" "2023/indoor"
22 timing npm:load:setTitle Completed in 1ms
23 timing config:load:flatten Completed in 2ms
24 timing npm:load:display Completed in 3ms
25 verbose logfile logs-max:10 dir:/home/ubuntu/.npm/_logs/2023-10-11T14_14_10_866Z-
26 verbose logfile /home/ubuntu/.npm/_logs/2023-10-11T14_14_10_866Z-debug-0.log
27 timing npm:load:logFile Completed in 8ms
28 timing npm:load:timers Completed in 0ms
29 timing npm:load:configScope Completed in 0ms
30 timing npm:load Completed in 26ms
31 silly logfile done cleaning log files
32 timing arborist:ctor Completed in 1ms
33 http fetch GET 200 https://registry.npmjs.org/cs204 112ms (cache revalidated)
34 timing arborist:ctor Completed in 0ms
35 timing arborist:ctor Completed in 0ms
36 verbose shrinkwrap failed to load node_modules/.package-lock.json out of date, updated: node_modules
37 http fetch GET 200 https://registry.npmjs.org/npm 1144ms (cache updated)
38 timing command:exec Completed in 86160ms
39 notice
39 notice New [31mmajor[39m version of npm available! [31m9.6.7[39m -> [32m10.2.0[39m
39 notice Changelog: [36mhttps://github.com/npm/cli/releases/tag/v10.2.0[39m
39 notice Run [32mnpm install -g npm@10.2.0[39m to update!
39 notice
40 verbose stack Error: canceled
40 verbose stack     at exec (/usr/local/lib/node_modules/npm/node_modules/libnpmexec/lib/index.js:268:19)
40 verbose stack     at process.processTicksAndRejections (node:internal/process/task_queues:95:5)
40 verbose stack     at async module.exports (/usr/local/lib/node_modules/npm/lib/cli.js:89:5)
41 verbose cwd /home/ubuntu/week2/indoor
42 verbose Linux 5.15.0-1041-azure
43 verbose node v20.3.1
44 verbose npm  v9.6.7
45 error canceled
46 verbose exit 1
47 timing npm Completed in 86847ms
48 verbose code 1
49 error A complete log of this run can be found in: /home/ubuntu/.npm/_logs/2023-10-11T14_14_10_866Z-debug-0.log
