0 verbose cli /usr/local/bin/node /usr/local/lib/node_modules/npm/bin/npm-cli.js
1 info using npm@9.6.7
2 info using node@v20.3.1
3 timing npm:load:whichnode Completed in 1ms
4 timing config:load:defaults Completed in 1ms
5 timing config:load:file:/usr/local/lib/node_modules/npm/npmrc Completed in 1ms
6 timing config:load:builtin Completed in 1ms
7 timing config:load:cli Completed in 1ms
8 timing config:load:env Completed in 0ms
9 timing config:load:file:/workspaces/144946272/.npmrc Completed in 0ms
10 timing config:load:project Completed in 1ms
11 timing config:load:file:/home/ubuntu/.npmrc Completed in 0ms
12 timing config:load:user Completed in 0ms
13 timing config:load:file:/usr/local/etc/npmrc Completed in 0ms
14 timing config:load:global Completed in 0ms
15 timing config:load:setEnvs Completed in 1ms
16 timing config:load Completed in 6ms
17 timing npm:load:configload Completed in 6ms
18 timing npm:load:mkdirpcache Completed in 1ms
19 timing npm:load:mkdirplogs Completed in 0ms
20 verbose title npm exec cs204 2023/indoor local
21 verbose argv "exec" "--" "cs204" "2023/indoor" "local"
22 timing npm:load:setTitle Completed in 1ms
23 timing config:load:flatten Completed in 3ms
24 timing npm:load:display Completed in 3ms
25 verbose logfile logs-max:10 dir:/home/ubuntu/.npm/_logs/2023-10-18T12_29_18_125Z-
26 verbose logfile /home/ubuntu/.npm/_logs/2023-10-18T12_29_18_125Z-debug-0.log
27 timing npm:load:logFile Completed in 8ms
28 timing npm:load:timers Completed in 0ms
29 timing npm:load:configScope Completed in 0ms
30 timing npm:load Completed in 21ms
31 silly logfile done cleaning log files
32 timing arborist:ctor Completed in 0ms
33 http fetch GET 200 https://registry.npmjs.org/cs204 410ms (cache revalidated)
34 timing arborist:ctor Completed in 0ms
35 timing arborist:ctor Completed in 0ms
36 verbose shrinkwrap failed to load node_modules/.package-lock.json out of date, updated: node_modules
37 timing idealTree:init Completed in 7ms
38 timing idealTree:userRequests Completed in 1ms
39 silly idealTree buildDeps
40 silly fetch manifest cs204@1.0.0
41 http fetch GET 200 https://registry.npmjs.org/cs204 6ms (cache hit)
42 silly placeDep ROOT cs204@1.0.0 REPLACE for:  want: 1.0.0
43 timing idealTree:#root Completed in 12ms
44 timing idealTree:node_modules/cs204 Completed in 0ms
45 timing idealTree:buildDeps Completed in 12ms
46 timing idealTree:fixDepFlags Completed in 0ms
47 timing idealTree Completed in 23ms
48 timing reify:loadTrees Completed in 23ms
49 timing reify:diffTrees Completed in 8ms
50 silly reify moves {}
51 timing reify:retireShallow Completed in 1ms
52 timing reify:createSparse Completed in 0ms
53 timing reify:loadBundles Completed in 0ms
54 silly audit bulk request {
54 silly audit   chalk: [ '5.3.0' ],
54 silly audit   'data-uri-to-buffer': [ '4.0.1' ],
54 silly audit   'fetch-blob': [ '3.2.0' ],
54 silly audit   'formdata-polyfill': [ '4.0.10' ],
54 silly audit   'node-domexception': [ '1.0.0' ],
54 silly audit   'node-fetch': [ '3.3.2' ],
54 silly audit   'readline-sync': [ '1.4.10' ],
54 silly audit   'url-exists-nodejs': [ '0.2.4' ],
54 silly audit   'web-streams-polyfill': [ '3.2.1' ],
54 silly audit   cs204: [ '1.0.0' ]
54 silly audit }
55 timing reify:unpack Completed in 0ms
56 timing reify:unretire Completed in 0ms
57 timing build:queue Completed in 0ms
58 timing build:deps Completed in 0ms
59 timing build Completed in 0ms
60 timing reify:build Completed in 1ms
61 timing reify:trash Completed in 0ms
62 timing reify:save Completed in 7ms
63 http fetch POST 200 https://registry.npmjs.org/-/npm/v1/security/advisories/bulk 287ms
64 timing auditReport:getReport Completed in 288ms
65 silly audit report {}
66 timing auditReport:init Completed in 0ms
67 timing reify:audit Completed in 290ms
68 timing reify Completed in 322ms
69 timing command:exec Completed in 296730ms
70 verbose exit 0
71 timing npm Completed in 296943ms
72 info ok
