2023-11-20 19:40:40.449 [info] Reading sessions from keychain...
2023-11-20 19:40:40.449 [info] Getting sessions for user:email...
2023-11-20 19:40:40.514 [info] Got stored sessions!
2023-11-20 19:40:40.514 [info] Got 6 verified sessions.
2023-11-20 19:40:40.514 [info] Got 1 sessions for user:email...
2023-11-20 19:40:40.525 [info] Getting sessions for all scopes...
2023-11-20 19:40:40.525 [info] Got 6 sessions for ...
2023-11-20 19:40:41.017 [info] Getting sessions for codespace,read:user,repo,user:email...
2023-11-20 19:40:41.017 [info] Got 1 sessions for codespace,read:user,repo,user:email...
2023-11-20 19:40:45.268 [info] Getting sessions for project,read:org,read:user,repo,user:email,workflow...
2023-11-20 19:40:45.268 [info] Got 0 sessions for project,read:org,read:user,repo,user:email,workflow...
2023-11-20 19:40:46.109 [info] Getting sessions for read:user,repo,user:email,workflow...
2023-11-20 19:40:46.109 [info] Got 1 sessions for read:user,repo,user:email,workflow...
2023-11-20 19:40:51.477 [info] Getting sessions for read:user,repo,user:email,workflow...
2023-11-20 19:40:51.477 [info] Got 1 sessions for read:user,repo,user:email,workflow...
2023-11-20 19:43:33.536 [info] Getting sessions for all scopes...
2023-11-20 19:43:33.536 [info] Got 6 sessions for ...
2023-11-20 19:43:33.786 [info] Getting sessions for all scopes...
2023-11-20 19:43:33.786 [info] Got 6 sessions for ...
2023-11-20 19:43:34.181 [info] Getting sessions for all scopes...
2023-11-20 19:43:34.181 [info] Got 6 sessions for ...
2023-11-20 19:43:34.422 [info] Getting sessions for all scopes...
2023-11-20 19:43:34.422 [info] Got 6 sessions for ...
2023-11-20 19:43:34.670 [info] Getting sessions for all scopes...
2023-11-20 19:43:34.670 [info] Got 6 sessions for ...
2023-11-20 19:43:34.927 [info] Getting sessions for all scopes...
2023-11-20 19:43:34.927 [info] Got 6 sessions for ...
2023-11-20 19:43:35.183 [info] Getting sessions for all scopes...
2023-11-20 19:43:35.183 [info] Got 6 sessions for ...
