2023-11-20 19:10:21.327 [info] Уровень ведения журнала: Info
2023-11-20 19:10:21.327 [info] Проверка найденного Git в: "git"
2023-11-20 19:10:21.327 [info] Используется Git "2.34.1" из "git"
2023-11-20 19:10:21.327 [info] > git rev-parse --show-toplevel [53ms]
2023-11-20 19:10:21.371 [info] > git rev-parse --git-dir --git-common-dir [17ms]
2023-11-20 19:10:21.425 [info] Open repository: /workspaces/144946272
2023-11-20 19:10:21.522 [info] > git config --get commit.template [67ms]
2023-11-20 19:10:21.526 [info] > git rev-parse --show-toplevel [43ms]
2023-11-20 19:10:21.789 [info] > git for-each-ref --format=%(refname)%00%(upstream:short)%00%(objectname)%00%(upstream:track)%00%(upstream:remotename)%00%(upstream:remoteref) refs/heads/main refs/remotes/main [226ms]
2023-11-20 19:10:21.857 [info] > git rev-parse --show-toplevel [264ms]
2023-11-20 19:10:21.927 [info] > git status -z -uall [112ms]
2023-11-20 19:10:22.032 [info] > git rev-parse --show-toplevel [112ms]
2023-11-20 19:10:22.630 [info] > git config --get commit.template [614ms]
2023-11-20 19:10:22.878 [info] > git rev-parse --show-toplevel [701ms]
2023-11-20 19:10:23.240 [info] > git check-ignore -v -z --stdin [417ms]
2023-11-20 19:10:23.252 [info] > git rev-parse --show-toplevel [208ms]
2023-11-20 19:10:23.252 [info] > git for-each-ref --format=%(refname)%00%(upstream:short)%00%(objectname)%00%(upstream:track)%00%(upstream:remotename)%00%(upstream:remoteref) refs/heads/main refs/remotes/main [262ms]
2023-11-20 19:10:23.349 [info] > git status -z -uall [56ms]
2023-11-20 19:10:23.366 [info] > git rev-parse --show-toplevel [30ms]
2023-11-20 19:10:23.405 [info] > git rev-parse --show-toplevel [10ms]
2023-11-20 19:10:23.505 [info] > git rev-parse --show-toplevel [28ms]
2023-11-20 19:10:23.710 [info] > git rev-parse --show-toplevel [145ms]
2023-11-20 19:10:23.994 [info] > git rev-parse --show-toplevel [61ms]
2023-11-20 19:10:24.064 [info] > git rev-parse --show-toplevel [36ms]
2023-11-20 19:10:24.150 [info] > git rev-parse --show-toplevel [17ms]
2023-11-20 19:10:24.335 [info] > git ls-files --stage -- /workspaces/144946272/extensions/extensions.py [113ms]
2023-11-20 19:10:24.394 [info] > git show --textconv :extensions/extensions.py [206ms]
2023-11-20 19:10:24.396 [info] > git cat-file -s a52bf363e152fbe045964d2f24a6871fb996abcb [9ms]
2023-11-20 19:10:29.706 [info] > git config --local branch.main.github-pr-owner-number [842ms]
2023-11-20 19:10:29.707 [info] > git fetch [8283ms]
2023-11-20 19:10:29.804 [info] > git config --get commit.template [62ms]
2023-11-20 19:10:29.961 [info] > git for-each-ref --format=%(refname)%00%(upstream:short)%00%(objectname)%00%(upstream:track)%00%(upstream:remotename)%00%(upstream:remoteref) refs/heads/main refs/remotes/main [19ms]
2023-11-20 19:10:29.961 [info] > git for-each-ref --format=%(refname)%00%(upstream:short)%00%(objectname)%00%(upstream:track)%00%(upstream:remotename)%00%(upstream:remoteref) refs/heads/main refs/remotes/main [65ms]
2023-11-20 19:10:30.015 [info] > git config --get commit.template [213ms]
2023-11-20 19:10:30.071 [info] > git status -z -uall [12ms]
2023-11-20 19:12:35.344 [info] > git config --get commit.template [20ms]
2023-11-20 19:12:35.345 [info] > git for-each-ref --format=%(refname)%00%(upstream:short)%00%(objectname)%00%(upstream:track)%00%(upstream:remotename)%00%(upstream:remoteref) refs/heads/main refs/remotes/main [3ms]
2023-11-20 19:12:35.367 [info] > git status -z -uall [2ms]
2023-11-20 19:12:35.581 [info] > git ls-files --stage -- /workspaces/144946272/extensions/extensions.py [2ms]
2023-11-20 19:12:35.601 [info] > git cat-file -s a52bf363e152fbe045964d2f24a6871fb996abcb [2ms]
2023-11-20 19:12:36.138 [info] > git show --textconv :extensions/extensions.py [4ms]
2023-11-20 19:14:15.124 [info] > git fetch [859ms]
2023-11-20 19:14:15.166 [info] > git config --get commit.template [22ms]
2023-11-20 19:14:15.167 [info] > git for-each-ref --format=%(refname)%00%(upstream:short)%00%(objectname)%00%(upstream:track)%00%(upstream:remotename)%00%(upstream:remoteref) refs/heads/main refs/remotes/main [3ms]
2023-11-20 19:14:15.204 [info] > git status -z -uall [19ms]
2023-11-20 19:14:16.569 [info] > git config --get commit.template [18ms]
2023-11-20 19:14:16.570 [info] > git for-each-ref --format=%(refname)%00%(upstream:short)%00%(objectname)%00%(upstream:track)%00%(upstream:remotename)%00%(upstream:remoteref) refs/heads/main refs/remotes/main [2ms]
2023-11-20 19:14:16.590 [info] > git status -z -uall [3ms]
2023-11-20 19:14:16.945 [info] > git ls-files --stage -- /workspaces/144946272/extensions/extensions.py [2ms]
2023-11-20 19:14:16.964 [info] > git cat-file -s a52bf363e152fbe045964d2f24a6871fb996abcb [2ms]
2023-11-20 19:14:17.258 [info] > git show --textconv :extensions/extensions.py [2ms]
2023-11-20 19:15:26.901 [info] > git config --local branch.main.github-pr-owner-number [2ms]
2023-11-20 19:15:26.936 [info] > git config --get commit.template [18ms]
2023-11-20 19:15:26.938 [info] > git for-each-ref --format=%(refname)%00%(upstream:short)%00%(objectname)%00%(upstream:track)%00%(upstream:remotename)%00%(upstream:remoteref) refs/heads/main refs/remotes/main [3ms]
2023-11-20 19:15:26.957 [info] > git status -z -uall [3ms]
2023-11-20 19:17:16.124 [info] > git fetch [886ms]
2023-11-20 19:17:16.160 [info] > git config --get commit.template [17ms]
2023-11-20 19:17:16.162 [info] > git for-each-ref --format=%(refname)%00%(upstream:short)%00%(objectname)%00%(upstream:track)%00%(upstream:remotename)%00%(upstream:remoteref) refs/heads/main refs/remotes/main [3ms]
2023-11-20 19:17:16.181 [info] > git status -z -uall [2ms]
2023-11-20 19:17:17.499 [info] > git config --get commit.template [2ms]
2023-11-20 19:17:17.519 [info] > git for-each-ref --format=%(refname)%00%(upstream:short)%00%(objectname)%00%(upstream:track)%00%(upstream:remotename)%00%(upstream:remoteref) refs/heads/main refs/remotes/main [2ms]
2023-11-20 19:17:17.540 [info] > git status -z -uall [3ms]
2023-11-20 19:17:17.858 [info] > git ls-files --stage -- /workspaces/144946272/extensions/extensions.py [2ms]
2023-11-20 19:17:17.879 [info] > git cat-file -s a52bf363e152fbe045964d2f24a6871fb996abcb [2ms]
2023-11-20 19:17:18.169 [info] > git show --textconv :extensions/extensions.py [3ms]
2023-11-20 19:20:17.101 [info] > git fetch [898ms]
2023-11-20 19:20:17.142 [info] > git config --get commit.template [20ms]
2023-11-20 19:20:17.142 [info] > git for-each-ref --format=%(refname)%00%(upstream:short)%00%(objectname)%00%(upstream:track)%00%(upstream:remotename)%00%(upstream:remoteref) refs/heads/main refs/remotes/main [3ms]
2023-11-20 19:20:17.164 [info] > git status -z -uall [3ms]
2023-11-20 19:20:18.542 [info] > git config --get commit.template [18ms]
2023-11-20 19:20:18.543 [info] > git for-each-ref --format=%(refname)%00%(upstream:short)%00%(objectname)%00%(upstream:track)%00%(upstream:remotename)%00%(upstream:remoteref) refs/heads/main refs/remotes/main [1ms]
2023-11-20 19:20:18.563 [info] > git status -z -uall [3ms]
2023-11-20 19:20:18.878 [info] > git ls-files --stage -- /workspaces/144946272/extensions/extensions.py [2ms]
2023-11-20 19:20:18.897 [info] > git cat-file -s a52bf363e152fbe045964d2f24a6871fb996abcb [1ms]
2023-11-20 19:20:19.186 [info] > git show --textconv :extensions/extensions.py [2ms]
2023-11-20 19:20:26.981 [info] > git config --local branch.main.github-pr-owner-number [2ms]
2023-11-20 19:20:27.019 [info] > git config --get commit.template [20ms]
2023-11-20 19:20:27.020 [info] > git for-each-ref --format=%(refname)%00%(upstream:short)%00%(objectname)%00%(upstream:track)%00%(upstream:remotename)%00%(upstream:remoteref) refs/heads/main refs/remotes/main [2ms]
2023-11-20 19:20:27.056 [info] > git status -z -uall [5ms]
2023-11-20 19:23:18.085 [info] > git fetch [898ms]
2023-11-20 19:23:18.127 [info] > git config --get commit.template [21ms]
2023-11-20 19:23:18.128 [info] > git for-each-ref --format=%(refname)%00%(upstream:short)%00%(objectname)%00%(upstream:track)%00%(upstream:remotename)%00%(upstream:remoteref) refs/heads/main refs/remotes/main [2ms]
2023-11-20 19:23:18.150 [info] > git status -z -uall [3ms]
2023-11-20 19:23:19.588 [info] > git config --get commit.template [20ms]
2023-11-20 19:23:19.590 [info] > git for-each-ref --format=%(refname)%00%(upstream:short)%00%(objectname)%00%(upstream:track)%00%(upstream:remotename)%00%(upstream:remoteref) refs/heads/main refs/remotes/main [3ms]
2023-11-20 19:23:19.613 [info] > git status -z -uall [2ms]
2023-11-20 19:23:19.923 [info] > git ls-files --stage -- /workspaces/144946272/extensions/extensions.py [2ms]
2023-11-20 19:23:19.945 [info] > git cat-file -s a52bf363e152fbe045964d2f24a6871fb996abcb [1ms]
2023-11-20 19:23:20.220 [info] > git show --textconv :extensions/extensions.py [2ms]
2023-11-20 19:25:27.080 [info] > git config --local branch.main.github-pr-owner-number [1ms]
2023-11-20 19:25:27.120 [info] > git config --get commit.template [19ms]
2023-11-20 19:25:27.121 [info] > git for-each-ref --format=%(refname)%00%(upstream:short)%00%(objectname)%00%(upstream:track)%00%(upstream:remotename)%00%(upstream:remoteref) refs/heads/main refs/remotes/main [2ms]
2023-11-20 19:25:27.143 [info] > git status -z -uall [4ms]
2023-11-20 19:26:19.051 [info] > git fetch [878ms]
2023-11-20 19:26:19.088 [info] > git config --get commit.template [18ms]
2023-11-20 19:26:19.090 [info] > git for-each-ref --format=%(refname)%00%(upstream:short)%00%(objectname)%00%(upstream:track)%00%(upstream:remotename)%00%(upstream:remoteref) refs/heads/main refs/remotes/main [3ms]
2023-11-20 19:26:19.112 [info] > git status -z -uall [3ms]
2023-11-20 19:26:20.532 [info] > git config --get commit.template [18ms]
2023-11-20 19:26:20.533 [info] > git for-each-ref --format=%(refname)%00%(upstream:short)%00%(objectname)%00%(upstream:track)%00%(upstream:remotename)%00%(upstream:remoteref) refs/heads/main refs/remotes/main [2ms]
2023-11-20 19:26:20.554 [info] > git status -z -uall [3ms]
2023-11-20 19:26:20.862 [info] > git ls-files --stage -- /workspaces/144946272/extensions/extensions.py [1ms]
2023-11-20 19:26:20.881 [info] > git cat-file -s a52bf363e152fbe045964d2f24a6871fb996abcb [2ms]
2023-11-20 19:26:21.167 [info] > git show --textconv :extensions/extensions.py [2ms]
2023-11-20 19:30:27.166 [info] > git config --local branch.main.github-pr-owner-number [2ms]
2023-11-20 19:30:27.209 [info] > git config --get commit.template [23ms]
2023-11-20 19:30:27.209 [info] > git for-each-ref --format=%(refname)%00%(upstream:short)%00%(objectname)%00%(upstream:track)%00%(upstream:remotename)%00%(upstream:remoteref) refs/heads/main refs/remotes/main [3ms]
2023-11-20 19:30:27.234 [info] > git status -z -uall [3ms]
2023-11-20 19:33:40.574 [info] > git fetch [833ms]
2023-11-20 19:33:40.620 [info] > git config --get commit.template [26ms]
2023-11-20 19:33:40.626 [info] > git for-each-ref --format=%(refname)%00%(upstream:short)%00%(objectname)%00%(upstream:track)%00%(upstream:remotename)%00%(upstream:remoteref) refs/heads/main refs/remotes/main [6ms]
2023-11-20 19:33:40.660 [info] > git status -z -uall [4ms]
2023-11-20 19:33:41.921 [info] > git config --get commit.template [3ms]
2023-11-20 19:33:41.946 [info] > git for-each-ref --format=%(refname)%00%(upstream:short)%00%(objectname)%00%(upstream:track)%00%(upstream:remotename)%00%(upstream:remoteref) refs/heads/main refs/remotes/main [2ms]
2023-11-20 19:33:41.970 [info] > git status -z -uall [3ms]
2023-11-20 19:33:42.281 [info] > git ls-files --stage -- /workspaces/144946272/extensions/extensions.py [2ms]
2023-11-20 19:33:42.301 [info] > git cat-file -s a52bf363e152fbe045964d2f24a6871fb996abcb [1ms]
2023-11-20 19:33:42.627 [info] > git show --textconv :extensions/extensions.py [4ms]
2023-11-20 19:34:15.122 [info] > git check-ignore -v -z --stdin [22ms]
2023-11-20 19:34:15.797 [info] > git check-ignore -v -z --stdin [1ms]
2023-11-20 19:34:17.200 [info] > git check-ignore -v -z --stdin [21ms]
2023-11-20 19:34:18.811 [info] > git check-ignore -v -z --stdin [2ms]
2023-11-20 19:35:09.337 [info] > git log --format=%H%n%aN%n%aE%n%at%n%ct%n%P%n%D%n%B -z -n494 -- /workspaces/144946272/extensions/extensions.py [31ms]
2023-11-20 19:35:27.261 [info] > git config --local branch.main.github-pr-owner-number [2ms]
2023-11-20 19:35:27.305 [info] > git config --get commit.template [21ms]
2023-11-20 19:35:27.306 [info] > git for-each-ref --format=%(refname)%00%(upstream:short)%00%(objectname)%00%(upstream:track)%00%(upstream:remotename)%00%(upstream:remoteref) refs/heads/main refs/remotes/main [2ms]
2023-11-20 19:35:27.328 [info] > git status -z -uall [3ms]
