2023-11-20 19:45:49.317 [info] Reading sessions from keychain...
2023-11-20 19:45:49.317 [info] Getting sessions for all scopes...
2023-11-20 19:45:49.318 [info] Getting sessions for user:email...
2023-11-20 19:45:49.364 [info] Got stored sessions!
2023-11-20 19:45:49.364 [info] Got 6 verified sessions.
2023-11-20 19:45:49.365 [info] Got 6 sessions for ...
2023-11-20 19:45:49.365 [info] Got 1 sessions for user:email...
2023-11-20 19:45:49.365 [info] Getting sessions for all scopes...
2023-11-20 19:45:49.365 [info] Got 6 sessions for ...
2023-11-20 19:45:49.571 [info] Getting sessions for codespace,read:user,repo,user:email...
2023-11-20 19:45:49.571 [info] Got 1 sessions for codespace,read:user,repo,user:email...
2023-11-20 19:45:49.618 [info] Getting sessions for all scopes...
2023-11-20 19:45:49.618 [info] Got 6 sessions for ...
2023-11-20 19:45:50.310 [info] Getting sessions for all scopes...
2023-11-20 19:45:50.311 [info] Got 6 sessions for ...
2023-11-20 19:45:51.871 [info] Getting sessions for all scopes...
2023-11-20 19:45:51.871 [info] Got 6 sessions for ...
2023-11-20 19:45:52.300 [info] Getting sessions for all scopes...
2023-11-20 19:45:52.300 [info] Got 6 sessions for ...
2023-11-20 19:45:52.883 [info] Getting sessions for all scopes...
2023-11-20 19:45:52.883 [info] Getting sessions for read:user,repo,user:email,workflow...
2023-11-20 19:45:52.883 [info] Got 6 sessions for ...
2023-11-20 19:45:52.883 [info] Got 1 sessions for read:user,repo,user:email,workflow...
2023-11-20 19:45:53.262 [info] Getting sessions for all scopes...
2023-11-20 19:45:53.262 [info] Got 6 sessions for ...
2023-11-20 19:45:54.138 [info] Getting sessions for project,read:org,read:user,repo,user:email,workflow...
2023-11-20 19:45:54.138 [info] Got 0 sessions for project,read:org,read:user,repo,user:email,workflow...
2023-11-20 19:45:56.052 [info] Getting sessions for read:user,repo,user:email,workflow...
2023-11-20 19:45:56.052 [info] Got 1 sessions for read:user,repo,user:email,workflow...
2023-11-20 19:45:56.450 [info] Getting sessions for read:user,repo,user:email,workflow...
2023-11-20 19:45:56.536 [info] Got 1 sessions for read:user,repo,user:email,workflow...
2023-11-20 19:46:01.895 [info] Getting sessions for read:user,repo,user:email,workflow...
2023-11-20 19:46:01.895 [info] Got 1 sessions for read:user,repo,user:email,workflow...
