2023-11-08 17:33:22.818 [warning] /home/ubuntu/.ssh/config: ENOENT: no such file or directory, open '/home/ubuntu/.ssh/config'
2023-11-08 17:33:24.609 [info] Looking for git repository
2023-11-08 17:33:24.609 [info] Found 0 repositories during activation
2023-11-08 17:33:24.609 [info] Git repository found, initializing review manager and pr tree view.
2023-11-08 17:33:24.612 [info] Registering git provider
2023-11-08 17:33:24.612 [info] Review> Validate state in progress
2023-11-08 17:33:24.612 [info] Review> Validating state...
2023-11-08 17:33:24.917 [info] Found GitHub remote for folder /workspaces/144946272
2023-11-08 17:33:25.413 [info] Trying to use globalState for assignableUsers.
2023-11-08 17:33:25.683 [info] Repo state for file:///workspaces/144946272 changed.
2023-11-08 17:33:25.683 [info] Repo file:///workspaces/144946272 has already been setup.
2023-11-08 17:33:25.684 [info] Review> No matching pull request metadata found locally for current branch main
2023-11-08 17:33:25.684 [info] Review> no matching pull request metadata found for current branch main
2023-11-08 17:33:26.285 [info] Review> No matching pull request metadata found on GitHub for current branch main
2023-11-08 17:33:26.287 [info] Using globalState assignableUsers for 1.
2023-11-08 17:33:55.908 [info] Review> Validate state in progress
2023-11-08 17:33:55.908 [info] Review> Validating state...
2023-11-08 17:33:56.877 [info] Found GitHub remote for folder /workspaces/144946272
2023-11-08 17:33:56.877 [info] Using in-memory cached assignable users.
2023-11-08 17:33:57.400 [info] Review> No matching pull request metadata found locally for current branch main
2023-11-08 17:33:57.400 [info] Review> no matching pull request metadata found for current branch main
2023-11-08 17:33:57.856 [info] Review> No matching pull request metadata found on GitHub for current branch main
2023-11-08 17:33:58.526 [info] Review> Queuing additional validate state
2023-11-08 17:34:00.165 [info] Review> Validating state...
2023-11-08 17:34:00.533 [info] Found GitHub remote for folder /workspaces/144946272
2023-11-08 17:34:00.534 [info] Using in-memory cached assignable users.
2023-11-08 17:34:00.745 [info] Review> No matching pull request metadata found locally for current branch main
2023-11-08 17:34:00.745 [info] Review> no matching pull request metadata found for current branch main
2023-11-08 17:34:01.177 [info] Review> No matching pull request metadata found on GitHub for current branch main
2023-11-08 17:46:35.122 [info] Review> Validate state in progress
2023-11-08 17:46:35.122 [info] Review> Validating state...
2023-11-08 17:46:35.649 [info] Found GitHub remote for folder /workspaces/144946272
2023-11-08 17:46:35.650 [info] Using in-memory cached assignable users.
2023-11-08 17:46:35.815 [info] Review> No matching pull request metadata found locally for current branch main
2023-11-08 17:46:35.815 [info] Review> no matching pull request metadata found for current branch main
2023-11-08 17:46:36.279 [info] Review> No matching pull request metadata found on GitHub for current branch main
2023-11-08 17:46:37.126 [info] Review> Validate state in progress
2023-11-08 17:46:37.126 [info] Review> Validating state...
2023-11-08 17:46:37.400 [info] Found GitHub remote for folder /workspaces/144946272
2023-11-08 17:46:37.401 [info] Using in-memory cached assignable users.
2023-11-08 17:46:37.653 [info] Review> No matching pull request metadata found locally for current branch main
2023-11-08 17:46:37.653 [info] Review> no matching pull request metadata found for current branch main
2023-11-08 17:46:38.044 [info] Review> No matching pull request metadata found on GitHub for current branch main
2023-11-08 17:49:58.581 [info] Review> Validate state in progress
2023-11-08 17:49:58.581 [info] Review> Validating state...
2023-11-08 17:50:00.778 [info] Found GitHub remote for folder /workspaces/144946272
2023-11-08 17:50:00.779 [info] Using in-memory cached assignable users.
2023-11-08 17:50:01.061 [info] Review> No matching pull request metadata found locally for current branch main
2023-11-08 17:50:01.061 [info] Review> no matching pull request metadata found for current branch main
2023-11-08 17:50:01.622 [info] Review> No matching pull request metadata found on GitHub for current branch main
2023-11-08 17:50:02.519 [info] Review> Queuing additional validate state
2023-11-08 17:50:04.244 [info] Review> Validating state...
2023-11-08 17:50:05.489 [info] Found GitHub remote for folder /workspaces/144946272
2023-11-08 17:50:05.490 [info] Using in-memory cached assignable users.
2023-11-08 17:50:05.692 [info] Review> No matching pull request metadata found locally for current branch main
2023-11-08 17:50:05.692 [info] Review> no matching pull request metadata found for current branch main
2023-11-08 17:50:06.121 [info] Review> No matching pull request metadata found on GitHub for current branch main
2023-11-08 17:51:48.043 [info] Review> Validate state in progress
2023-11-08 17:51:48.043 [info] Review> Validating state...
2023-11-08 17:51:48.578 [info] Found GitHub remote for folder /workspaces/144946272
2023-11-08 17:51:48.578 [info] Using in-memory cached assignable users.
2023-11-08 17:51:48.866 [info] Review> No matching pull request metadata found locally for current branch main
2023-11-08 17:51:48.866 [info] Review> no matching pull request metadata found for current branch main
2023-11-08 17:51:49.270 [info] Review> No matching pull request metadata found on GitHub for current branch main
2023-11-08 17:51:50.084 [info] Review> Queuing additional validate state
2023-11-08 17:51:50.749 [info] Review> Validating state...
2023-11-08 17:51:51.173 [info] Found GitHub remote for folder /workspaces/144946272
2023-11-08 17:51:51.174 [info] Using in-memory cached assignable users.
2023-11-08 17:51:51.368 [info] Review> No matching pull request metadata found locally for current branch main
2023-11-08 17:51:51.368 [info] Review> no matching pull request metadata found for current branch main
2023-11-08 17:51:51.791 [info] Review> No matching pull request metadata found on GitHub for current branch main
2023-11-08 17:59:58.283 [info] Review> Validate state in progress
2023-11-08 17:59:58.283 [info] Review> Validating state...
2023-11-08 17:59:58.752 [info] Found GitHub remote for folder /workspaces/144946272
2023-11-08 17:59:58.753 [info] Using in-memory cached assignable users.
2023-11-08 17:59:59.025 [info] Review> No matching pull request metadata found locally for current branch main
2023-11-08 17:59:59.025 [info] Review> no matching pull request metadata found for current branch main
2023-11-08 17:59:59.477 [info] Review> No matching pull request metadata found on GitHub for current branch main
2023-11-08 18:00:00.344 [info] Review> Queuing additional validate state
2023-11-08 18:00:02.344 [info] Review> Validating state...
2023-11-08 18:00:02.620 [info] Found GitHub remote for folder /workspaces/144946272
2023-11-08 18:00:02.621 [info] Using in-memory cached assignable users.
2023-11-08 18:00:02.859 [info] Review> No matching pull request metadata found locally for current branch main
2023-11-08 18:00:02.859 [info] Review> no matching pull request metadata found for current branch main
2023-11-08 18:00:03.455 [info] Review> No matching pull request metadata found on GitHub for current branch main
2023-11-08 18:54:50.093 [info] Review> Validate state in progress
2023-11-08 18:54:50.093 [info] Review> Validating state...
2023-11-08 18:54:50.611 [info] Found GitHub remote for folder /workspaces/144946272
2023-11-08 18:54:50.613 [info] Using in-memory cached assignable users.
2023-11-08 18:54:50.832 [info] Review> No matching pull request metadata found locally for current branch main
2023-11-08 18:54:50.832 [info] Review> no matching pull request metadata found for current branch main
2023-11-08 18:54:51.235 [info] Review> No matching pull request metadata found on GitHub for current branch main
2023-11-08 18:54:52.019 [info] Review> Queuing additional validate state
2023-11-08 18:54:52.606 [info] Review> Validating state...
2023-11-08 18:54:52.937 [info] Found GitHub remote for folder /workspaces/144946272
2023-11-08 18:54:52.938 [info] Using in-memory cached assignable users.
2023-11-08 18:54:53.138 [info] Review> No matching pull request metadata found locally for current branch main
2023-11-08 18:54:53.138 [info] Review> no matching pull request metadata found for current branch main
2023-11-08 18:54:53.599 [info] Review> No matching pull request metadata found on GitHub for current branch main
