2023-11-20 19:39:07.153 [info] Reading sessions from keychain...
2023-11-20 19:39:07.153 [info] Getting sessions for all scopes...
2023-11-20 19:39:07.153 [info] Getting sessions for user:email...
2023-11-20 19:39:07.210 [info] Got stored sessions!
2023-11-20 19:39:07.210 [info] Got 6 verified sessions.
2023-11-20 19:39:07.210 [info] Got 6 sessions for ...
2023-11-20 19:39:07.210 [info] Got 1 sessions for user:email...
2023-11-20 19:39:07.211 [info] Getting sessions for all scopes...
2023-11-20 19:39:07.211 [info] Got 6 sessions for ...
2023-11-20 19:39:07.418 [info] Getting sessions for codespace,read:user,repo,user:email...
2023-11-20 19:39:07.418 [info] Got 1 sessions for codespace,read:user,repo,user:email...
2023-11-20 19:39:07.509 [info] Getting sessions for all scopes...
2023-11-20 19:39:07.510 [info] Got 6 sessions for ...
2023-11-20 19:39:08.789 [info] Getting sessions for all scopes...
2023-11-20 19:39:08.790 [info] Got 6 sessions for ...
2023-11-20 19:39:09.666 [info] Getting sessions for all scopes...
2023-11-20 19:39:09.667 [info] Got 6 sessions for ...
2023-11-20 19:39:09.946 [info] Getting sessions for all scopes...
2023-11-20 19:39:09.946 [info] Got 6 sessions for ...
2023-11-20 19:39:10.533 [info] Getting sessions for all scopes...
2023-11-20 19:39:10.533 [info] Got 6 sessions for ...
2023-11-20 19:39:11.029 [info] Getting sessions for all scopes...
2023-11-20 19:39:11.036 [info] Got 6 sessions for ...
2023-11-20 19:39:11.322 [info] Getting sessions for project,read:org,read:user,repo,user:email,workflow...
2023-11-20 19:39:11.322 [info] Got 0 sessions for project,read:org,read:user,repo,user:email,workflow...
2023-11-20 19:39:12.390 [info] Getting sessions for read:user,repo,user:email,workflow...
2023-11-20 19:39:12.390 [info] Got 1 sessions for read:user,repo,user:email,workflow...
2023-11-20 19:39:16.562 [info] Getting sessions for read:user,repo,user:email,workflow...
2023-11-20 19:39:16.562 [info] Got 1 sessions for read:user,repo,user:email,workflow...
