2023-11-12 17:35:08.652 [info] Уровень ведения журнала: Info
2023-11-12 17:35:08.652 [info] Проверка найденного Git в: "git"
2023-11-12 17:35:08.652 [info] Используется Git "2.34.1" из "git"
2023-11-12 17:35:08.652 [info] > git rev-parse --show-toplevel [88ms]
2023-11-12 17:35:08.653 [info] > git rev-parse --git-dir --git-common-dir [10ms]
2023-11-12 17:35:08.683 [info] Open repository: /workspaces/144946272
2023-11-12 17:35:08.734 [info] > git config --get commit.template [33ms]
2023-11-12 17:35:08.735 [info] > git rev-parse --show-toplevel [22ms]
2023-11-12 17:35:08.768 [info] > git rev-parse --show-toplevel [2ms]
2023-11-12 17:35:08.782 [info] > git for-each-ref --format=%(refname)%00%(upstream:short)%00%(objectname)%00%(upstream:track)%00%(upstream:remotename)%00%(upstream:remoteref) refs/heads/main refs/remotes/main [33ms]
2023-11-12 17:35:08.793 [info] > git rev-parse --show-toplevel [15ms]
2023-11-12 17:35:08.804 [info] > git status -z -uall [13ms]
2023-11-12 17:35:08.821 [info] > git rev-parse --show-toplevel [18ms]
2023-11-12 17:35:08.837 [info] > git config --get commit.template [16ms]
2023-11-12 17:35:08.850 [info] > git rev-parse --show-toplevel [15ms]
2023-11-12 17:35:08.996 [info] > git for-each-ref --format=%(refname)%00%(upstream:short)%00%(objectname)%00%(upstream:track)%00%(upstream:remotename)%00%(upstream:remoteref) refs/heads/main refs/remotes/main [147ms]
2023-11-12 17:35:10.609 [info] > git rev-parse --show-toplevel [1750ms]
2023-11-12 17:35:10.822 [info] > git status -z -uall [1815ms]
2023-11-12 17:35:10.822 [info] > git check-ignore -v -z --stdin [192ms]
2023-11-12 17:35:10.895 [info] > git rev-parse --show-toplevel [242ms]
2023-11-12 17:35:10.928 [info] > git rev-parse --show-toplevel [16ms]
2023-11-12 17:35:10.970 [info] > git rev-parse --show-toplevel [5ms]
2023-11-12 17:35:10.989 [info] > git rev-parse --show-toplevel [3ms]
2023-11-12 17:35:11.008 [info] > git rev-parse --show-toplevel [2ms]
2023-11-12 17:35:11.032 [info] > git rev-parse --show-toplevel [5ms]
2023-11-12 17:35:11.176 [info] > git check-ignore -v -z --stdin [2ms]
2023-11-12 17:35:11.886 [info] > git show --textconv :src3/joins.sql [148ms]
2023-11-12 17:35:11.887 [info] > git ls-files --stage -- /workspaces/144946272/src3/joins.sql [129ms]
2023-11-12 17:35:11.913 [info] > git cat-file -s 010253b8906c4e0caec80cf7ca5a0686cee0c59e [3ms]
2023-11-12 17:35:12.218 [info] > git fetch [3536ms]
2023-11-12 17:35:12.281 [info] > git check-ignore -v -z --stdin [17ms]
2023-11-12 17:35:12.282 [info] > git config --get commit.template [45ms]
2023-11-12 17:35:12.283 [info] > git ls-files --stage -- /workspaces/144946272/src3/joins.sql [3ms]
2023-11-12 17:35:12.315 [info] > git cat-file -s 010253b8906c4e0caec80cf7ca5a0686cee0c59e [16ms]
2023-11-12 17:35:12.316 [info] > git for-each-ref --format=%(refname)%00%(upstream:short)%00%(objectname)%00%(upstream:track)%00%(upstream:remotename)%00%(upstream:remoteref) refs/heads/main refs/remotes/main [2ms]
2023-11-12 17:35:12.336 [info] > git status -z -uall [4ms]
2023-11-12 17:35:13.568 [info] > git for-each-ref --format=%(refname)%00%(upstream:short)%00%(objectname)%00%(upstream:track)%00%(upstream:remotename)%00%(upstream:remoteref) refs/heads/main refs/remotes/main [15ms]
2023-11-12 17:35:13.568 [info] > git config --get commit.template [36ms]
2023-11-12 17:35:13.619 [info] > git status -z -uall [34ms]
2023-11-12 17:35:13.907 [info] > git ls-files --stage -- /workspaces/144946272/src3/joins.sql [3ms]
2023-11-12 17:35:13.929 [info] > git cat-file -s 010253b8906c4e0caec80cf7ca5a0686cee0c59e [3ms]
2023-11-12 17:35:14.550 [info] > git show --textconv :src3/joins.sql [23ms]
2023-11-12 17:35:15.451 [info] > git config --local branch.main.github-pr-owner-number [166ms]
2023-11-12 17:35:15.475 [info] > git config --get commit.template [4ms]
2023-11-12 17:35:15.501 [info] > git for-each-ref --format=%(refname)%00%(upstream:short)%00%(objectname)%00%(upstream:track)%00%(upstream:remotename)%00%(upstream:remoteref) refs/heads/main refs/remotes/main [8ms]
2023-11-12 17:35:15.595 [info] > git status -z -uall [77ms]
2023-11-12 17:35:23.642 [info] > git check-ignore -v -z --stdin [3ms]
2023-11-12 17:35:25.920 [info] > git show --textconv :feet2meter/feet2meter.py [19ms]
2023-11-12 17:35:25.921 [info] > git ls-files --stage -- /workspaces/144946272/feet2meter/feet2meter.py [2ms]
2023-11-12 17:35:25.940 [info] > git cat-file -s a928d398fc3f99db5c5bea0bd79f3677ea7279f8 [1ms]
2023-11-12 17:38:04.750 [info] > git check-ignore -v -z --stdin [2ms]
2023-11-12 17:38:05.850 [info] > git show --textconv :deep/deep.py [24ms]
2023-11-12 17:38:05.855 [info] > git ls-files --stage -- /workspaces/144946272/deep/deep.py [6ms]
2023-11-12 17:38:05.883 [info] > git cat-file -s 8c3adbb0d22a175f41046c4a041370d620dde760 [2ms]
2023-11-12 17:38:13.190 [info] > git fetch [832ms]
2023-11-12 17:38:13.233 [info] > git config --get commit.template [22ms]
2023-11-12 17:38:13.235 [info] > git for-each-ref --format=%(refname)%00%(upstream:short)%00%(objectname)%00%(upstream:track)%00%(upstream:remotename)%00%(upstream:remoteref) refs/heads/main refs/remotes/main [3ms]
2023-11-12 17:38:13.261 [info] > git status -z -uall [5ms]
2023-11-12 17:38:14.570 [info] > git config --get commit.template [19ms]
2023-11-12 17:38:14.571 [info] > git for-each-ref --format=%(refname)%00%(upstream:short)%00%(objectname)%00%(upstream:track)%00%(upstream:remotename)%00%(upstream:remoteref) refs/heads/main refs/remotes/main [2ms]
2023-11-12 17:38:14.591 [info] > git status -z -uall [3ms]
2023-11-12 17:38:14.925 [info] > git ls-files --stage -- /workspaces/144946272/deep/deep.py [2ms]
2023-11-12 17:38:14.942 [info] > git cat-file -s 8c3adbb0d22a175f41046c4a041370d620dde760 [1ms]
2023-11-12 17:38:15.246 [info] > git show --textconv :deep/deep.py [2ms]
2023-11-12 17:38:49.943 [info] > git check-ignore -v -z --stdin [1ms]
2023-11-12 17:38:50.889 [info] > git show --textconv :bank/bank.py [20ms]
2023-11-12 17:38:50.889 [info] > git ls-files --stage -- /workspaces/144946272/bank/bank.py [2ms]
2023-11-12 17:38:50.908 [info] > git cat-file -s 9b775afddd24f5caa878a5f9cbd0f7b18fb5a44c [2ms]
2023-11-12 17:39:24.802 [info] > git check-ignore -v -z --stdin [2ms]
2023-11-12 17:39:25.845 [info] > git show --textconv :extensions/extensions.py [18ms]
2023-11-12 17:39:25.846 [info] > git ls-files --stage -- /workspaces/144946272/extensions/extensions.py [2ms]
2023-11-12 17:39:25.866 [info] > git cat-file -s a52bf363e152fbe045964d2f24a6871fb996abcb [1ms]
2023-11-12 17:40:14.529 [info] > git config --local branch.main.github-pr-owner-number [1ms]
2023-11-12 17:40:14.562 [info] > git config --get commit.template [17ms]
2023-11-12 17:40:14.564 [info] > git for-each-ref --format=%(refname)%00%(upstream:short)%00%(objectname)%00%(upstream:track)%00%(upstream:remotename)%00%(upstream:remoteref) refs/heads/main refs/remotes/main [2ms]
2023-11-12 17:40:14.583 [info] > git status -z -uall [3ms]
