2023-11-20 19:37:07.463 [info] Reading sessions from keychain...
2023-11-20 19:37:07.463 [info] Getting sessions for user:email...
2023-11-20 19:37:07.463 [info] Getting sessions for all scopes...
2023-11-20 19:37:07.463 [info] Got stored sessions!
2023-11-20 19:37:07.463 [info] Got 6 verified sessions.
2023-11-20 19:37:07.463 [info] Got 1 sessions for user:email...
2023-11-20 19:37:07.463 [info] Got 6 sessions for ...
2023-11-20 19:37:07.702 [info] Getting sessions for codespace,read:user,repo,user:email...
2023-11-20 19:37:07.702 [info] Got 1 sessions for codespace,read:user,repo,user:email...
2023-11-20 19:37:12.005 [info] Getting sessions for all scopes...
2023-11-20 19:37:12.018 [info] Got 6 sessions for ...
2023-11-20 19:37:12.341 [info] Getting sessions for read:user,repo,user:email,workflow...
2023-11-20 19:37:12.341 [info] Got 1 sessions for read:user,repo,user:email,workflow...
2023-11-20 19:37:12.342 [info] Getting sessions for all scopes...
2023-11-20 19:37:12.342 [info] Got 6 sessions for ...
2023-11-20 19:37:12.374 [info] Getting sessions for project,read:org,read:user,repo,user:email,workflow...
2023-11-20 19:37:12.374 [info] Got 0 sessions for project,read:org,read:user,repo,user:email,workflow...
2023-11-20 19:37:12.734 [info] Getting sessions for all scopes...
2023-11-20 19:37:12.734 [info] Got 6 sessions for ...
2023-11-20 19:37:13.153 [info] Getting sessions for all scopes...
2023-11-20 19:37:13.153 [info] Got 6 sessions for ...
2023-11-20 19:37:13.452 [info] Getting sessions for read:user,repo,user:email,workflow...
2023-11-20 19:37:13.452 [info] Getting sessions for all scopes...
2023-11-20 19:37:13.452 [info] Got 1 sessions for read:user,repo,user:email,workflow...
2023-11-20 19:37:13.452 [info] Got 6 sessions for ...
2023-11-20 19:37:13.828 [info] Getting sessions for all scopes...
2023-11-20 19:37:13.829 [info] Got 6 sessions for ...
2023-11-20 19:37:14.326 [info] Getting sessions for all scopes...
2023-11-20 19:37:14.328 [info] Got 6 sessions for ...
2023-11-20 19:37:14.737 [info] Getting sessions for read:user,repo,user:email,workflow...
2023-11-20 19:37:14.737 [info] Got 1 sessions for read:user,repo,user:email,workflow...
2023-11-20 19:37:20.217 [info] Getting sessions for read:user,repo,user:email,workflow...
2023-11-20 19:37:20.217 [info] Got 1 sessions for read:user,repo,user:email,workflow...
