2023-11-12 17:35:08.626 [info] Reading sessions from keychain...
2023-11-12 17:35:08.626 [info] Getting sessions for user:email...
2023-11-12 17:35:08.626 [info] Getting sessions for all scopes...
2023-11-12 17:35:08.626 [info] Got stored sessions!
2023-11-12 17:35:08.626 [info] Got 6 verified sessions.
2023-11-12 17:35:08.626 [info] Got 1 sessions for user:email...
2023-11-12 17:35:08.626 [info] Got 6 sessions for ...
2023-11-12 17:35:08.626 [info] Getting sessions for codespace,read:user,repo,user:email...
2023-11-12 17:35:08.626 [info] Got 1 sessions for codespace,read:user,repo,user:email...
2023-11-12 17:35:11.719 [info] Getting sessions for read:user,repo,user:email,workflow...
2023-11-12 17:35:11.758 [info] Getting sessions for all scopes...
2023-11-12 17:35:11.758 [info] Got 1 sessions for read:user,repo,user:email,workflow...
2023-11-12 17:35:11.759 [info] Got 6 sessions for ...
2023-11-12 17:35:12.148 [info] Getting sessions for all scopes...
2023-11-12 17:35:12.148 [info] Got 6 sessions for ...
2023-11-12 17:35:12.416 [info] Getting sessions for project,read:org,read:user,repo,user:email,workflow...
2023-11-12 17:35:12.416 [info] Got 0 sessions for project,read:org,read:user,repo,user:email,workflow...
2023-11-12 17:35:12.458 [info] Getting sessions for all scopes...
2023-11-12 17:35:12.458 [info] Got 6 sessions for ...
2023-11-12 17:35:12.724 [info] Getting sessions for all scopes...
2023-11-12 17:35:12.724 [info] Got 6 sessions for ...
2023-11-12 17:35:13.019 [info] Getting sessions for all scopes...
2023-11-12 17:35:13.019 [info] Got 6 sessions for ...
2023-11-12 17:35:13.161 [info] Getting sessions for read:user,repo,user:email,workflow...
2023-11-12 17:35:13.161 [info] Got 1 sessions for read:user,repo,user:email,workflow...
2023-11-12 17:35:13.191 [info] Getting sessions for read:user,repo,user:email,workflow...
2023-11-12 17:35:13.192 [info] Got 1 sessions for read:user,repo,user:email,workflow...
2023-11-12 17:35:13.299 [info] Getting sessions for all scopes...
2023-11-12 17:35:13.299 [info] Got 6 sessions for ...
2023-11-12 17:35:13.615 [info] Getting sessions for all scopes...
2023-11-12 17:35:13.615 [info] Got 6 sessions for ...
2023-11-12 17:35:18.748 [info] Getting sessions for read:user,repo,user:email,workflow...
2023-11-12 17:35:18.748 [info] Got 1 sessions for read:user,repo,user:email,workflow...
