2023-11-08 17:33:09.759 [info] Reading sessions from keychain...
2023-11-08 17:33:09.759 [info] Getting sessions for all scopes...
2023-11-08 17:33:09.759 [info] Getting sessions for all scopes...
2023-11-08 17:33:09.759 [info] Got stored sessions!
2023-11-08 17:33:09.759 [info] Got 6 verified sessions.
2023-11-08 17:33:09.759 [info] Got 6 sessions for ...
2023-11-08 17:33:09.759 [info] Got 6 sessions for ...
2023-11-08 17:33:10.014 [info] Getting sessions for codespace,read:user,repo,user:email...
2023-11-08 17:33:10.014 [info] Got 1 sessions for codespace,read:user,repo,user:email...
2023-11-08 17:33:10.065 [info] Getting sessions for all scopes...
2023-11-08 17:33:10.065 [info] Got 6 sessions for ...
2023-11-08 17:33:16.188 [info] Getting sessions for all scopes...
2023-11-08 17:33:16.188 [info] Got 6 sessions for ...
2023-11-08 17:33:18.522 [info] Getting sessions for all scopes...
2023-11-08 17:33:18.523 [info] Got 6 sessions for ...
2023-11-08 17:33:18.983 [info] Getting sessions for all scopes...
2023-11-08 17:33:18.983 [info] Got 6 sessions for ...
2023-11-08 17:33:21.963 [info] Getting sessions for read:user,repo,user:email,workflow...
2023-11-08 17:33:21.964 [info] Getting sessions for all scopes...
2023-11-08 17:33:21.964 [info] Got 1 sessions for read:user,repo,user:email,workflow...
2023-11-08 17:33:21.964 [info] Got 6 sessions for ...
2023-11-08 17:33:22.657 [info] Getting sessions for all scopes...
2023-11-08 17:33:22.657 [info] Got 6 sessions for ...
2023-11-08 17:33:23.361 [info] Getting sessions for read:user,repo,user:email,workflow...
2023-11-08 17:33:23.361 [info] Got 1 sessions for read:user,repo,user:email,workflow...
2023-11-08 17:33:23.792 [info] Getting sessions for read:user,repo,user:email,workflow...
2023-11-08 17:33:23.792 [info] Got 1 sessions for read:user,repo,user:email,workflow...
2023-11-08 17:33:28.441 [info] Getting sessions for read:user,repo,user:email,workflow...
2023-11-08 17:33:28.441 [info] Got 1 sessions for read:user,repo,user:email,workflow...
