2023-11-28 19:37:05.023 [info] Reading sessions from keychain...
2023-11-28 19:37:05.023 [info] Getting sessions for user:email...
2023-11-28 19:37:05.023 [info] Getting sessions for all scopes...
2023-11-28 19:37:05.023 [info] Got stored sessions!
2023-11-28 19:37:05.023 [info] Got 6 verified sessions.
2023-11-28 19:37:05.023 [info] Got 1 sessions for user:email...
2023-11-28 19:37:05.023 [info] Got 6 sessions for ...
2023-11-28 19:37:05.385 [info] Getting sessions for codespace,read:user,repo,user:email...
2023-11-28 19:37:05.385 [info] Got 1 sessions for codespace,read:user,repo,user:email...
2023-11-28 19:37:10.413 [info] Getting sessions for read:user,repo,user:email,workflow...
2023-11-28 19:37:10.413 [info] Got 1 sessions for read:user,repo,user:email,workflow...
2023-11-28 19:37:11.014 [info] Getting sessions for all scopes...
2023-11-28 19:37:11.027 [info] Got 6 sessions for ...
2023-11-28 19:37:11.455 [info] Getting sessions for project,read:org,read:user,repo,user:email,workflow...
2023-11-28 19:37:11.456 [info] Getting sessions for all scopes...
2023-11-28 19:37:11.456 [info] Got 0 sessions for project,read:org,read:user,repo,user:email,workflow...
2023-11-28 19:37:11.456 [info] Got 6 sessions for ...
2023-11-28 19:37:11.748 [info] Getting sessions for all scopes...
2023-11-28 19:37:11.748 [info] Got 6 sessions for ...
2023-11-28 19:37:12.097 [info] Getting sessions for all scopes...
2023-11-28 19:37:12.097 [info] Got 6 sessions for ...
2023-11-28 19:37:12.164 [info] Getting sessions for read:user,repo,user:email,workflow...
2023-11-28 19:37:12.164 [info] Got 1 sessions for read:user,repo,user:email,workflow...
2023-11-28 19:37:12.382 [info] Getting sessions for read:user,repo,user:email,workflow...
2023-11-28 19:37:12.382 [info] Getting sessions for all scopes...
2023-11-28 19:37:12.382 [info] Got 1 sessions for read:user,repo,user:email,workflow...
2023-11-28 19:37:12.382 [info] Got 6 sessions for ...
2023-11-28 19:37:12.664 [info] Getting sessions for all scopes...
2023-11-28 19:37:12.664 [info] Got 6 sessions for ...
2023-11-28 19:37:13.084 [info] Getting sessions for all scopes...
2023-11-28 19:37:13.084 [info] Got 6 sessions for ...
2023-11-28 19:37:20.837 [info] Getting sessions for read:user,repo,user:email,workflow...
2023-11-28 19:37:20.837 [info] Got 1 sessions for read:user,repo,user:email,workflow...
